Using pre-set license
Built from '2020.2/release' branch; Version is '2020.2.0f1 (3721df5a8b28) revision 3613151'; Using compiler version '192528614'; Build Type 'Release'
OS: 'Windows 10  (10.0.0) 64bit' Language: 'en' Physical Memory: 3930 MB
BatchMode: 1, IsHumanControllingUs: 0, StartBugReporterOnCrash: 0, Is64bit: 1, IsPro: 0

 COMMAND LINE ARGUMENTS:
D:\unity\2020.2.0f1\Editor\Unity.exe
-adb2
-batchMode
-noUpm
-name
AssetImportWorker182
-projectPath
D:/project/PortfolioProject_Demo
-logFile
Logs/AssetImportWorker182.log
-srvPort
51113
Successfully changed project path to: D:/project/PortfolioProject_Demo
D:/project/PortfolioProject_Demo
Using Asset Import Pipeline V2.
Refreshing native plugins compatible for Editor in 271.91 ms, found 3 plugins.
Preloading 0 native plugins for Editor in 0.00 ms.
Initialize engine version: 2020.2.0f1 (3721df5a8b28)
[Subsystems] Discovering subsystems at path D:/unity/2020.2.0f1/Editor/Data/Resources/UnitySubsystems
[Subsystems] Discovering subsystems at path D:/project/PortfolioProject_Demo/Assets
GfxDevice: creating device client; threaded=0
Direct3D:
    Version:  Direct3D 11.0 [level 11.1]
    Renderer: Intel(R) HD Graphics (ID=0x22b1)
    Vendor:   
    VRAM:     1965 MB
    Driver:   20.19.15.5070
Initialize mono
Mono path[0] = 'D:/unity/2020.2.0f1/Editor/Data/Managed'
Mono path[1] = 'D:/unity/2020.2.0f1/Editor/Data/MonoBleedingEdge/lib/mono/unityjit'
Mono config path = 'D:/unity/2020.2.0f1/Editor/Data/MonoBleedingEdge/etc'
Using monoOptions --debugger-agent=transport=dt_socket,embedding=1,server=y,suspend=n,address=127.0.0.1:56156
Begin MonoManager ReloadAssembly
Registering precompiled unity dll's ...
Register platform support module: D:/unity/2020.2.0f1/Editor/Data/PlaybackEngines/WindowsStandaloneSupport/UnityEditor.WindowsStandalone.Extensions.dll
Registered in 0.004898 seconds.
Native extension for WindowsStandalone target not found
Refreshing native plugins compatible for Editor in 223.69 ms, found 3 plugins.
Preloading 0 native plugins for Editor in 0.00 ms.
Invoked RoslynAnalysisRunner static constructor.
RoslynAnalysisRunner will not be running.
RoslynAnalysisRunner has terminated.
Mono: successfully reloaded assembly
- Completed reload, in  6.054 seconds
Platform modules already initialized, skipping
Registering precompiled user dll's ...
Registered in 0.021081 seconds.
Begin MonoManager ReloadAssembly
Native extension for WindowsStandalone target not found
Refreshing native plugins compatible for Editor in 240.79 ms, found 3 plugins.
Preloading 0 native plugins for Editor in 0.00 ms.
Invoked RoslynAnalysisRunner static constructor.
RoslynAnalysisRunner will not be running.
RoslynAnalysisRunner has terminated.
Mono: successfully reloaded assembly
- Completed reload, in  6.868 seconds
Platform modules already initialized, skipping
========================================================================
Worker process is ready to serve import requests
Launched and connected shader compiler UnityShaderCompiler.exe after 0.65 seconds
Refreshing native plugins compatible for Editor in 2.27 ms, found 3 plugins.
Preloading 0 native plugins for Editor in 0.00 ms.
Unloading 1610 Unused Serialized files (Serialized files now loaded: 0)
System memory in use before: 105.8 MB.
System memory in use after: 105.4 MB.

Unloading 31 unused Assets to reduce memory usage. Loaded Objects now: 2082.
Total: 75.451200 ms (FindLiveObjects: 0.770000 ms CreateObjectMapping: 0.195600 ms MarkObjects: 9.866700 ms  DeleteObjects: 64.613000 ms)

========================================================================
Received Import Request.
  path: Assets/Prefabs/BetterPrefab/Shotgun.prefab
  artifactKey: Guid(132ef8a5d279bcb4f9bea524fada3992) Importer(815301076,1909f56bfc062723c751e8b465ee728b)
Start importing Assets/Prefabs/BetterPrefab/Shotgun.prefab using Guid(132ef8a5d279bcb4f9bea524fada3992) Importer(815301076,1909f56bfc062723c751e8b465ee728b)  -> (artifact id: '85d9949106b1e3bf2b772e15ce32d079') in 17.568663 seconds
  Import took 17.599237 seconds .

========================================================================
Received Import Request.
  Time since last request: 0.043727 seconds.
  path: Assets/Prefabs/BetterPrefab/Player.prefab
  artifactKey: Guid(ca213608d79bddb45b8a5b021e7091b3) Importer(815301076,1909f56bfc062723c751e8b465ee728b)
Start importing Assets/Prefabs/BetterPrefab/Player.prefab using Guid(ca213608d79bddb45b8a5b021e7091b3) Importer(815301076,1909f56bfc062723c751e8b465ee728b)  -> (artifact id: '3aed34224111488fd49d712652a1b77b') in 37.310120 seconds
  Import took 37.530076 seconds .

========================================================================
Received Import Request.
  Time since last request: 0.093958 seconds.
  path: Assets/Prefabs/BetterPrefab/AdvancedUI.prefab
  artifactKey: Guid(357d8cced5101cc4aa371288a0248d53) Importer(815301076,1909f56bfc062723c751e8b465ee728b)
Start importing Assets/Prefabs/BetterPrefab/AdvancedUI.prefab using Guid(357d8cced5101cc4aa371288a0248d53) Importer(815301076,1909f56bfc062723c751e8b465ee728b)  -> (artifact id: 'ee9d4acb75b688bcc36fca8a5eb20181') in 8.154914 seconds
  Import took 8.167761 seconds .

========================================================================
Received Import Request.
  Time since last request: 0.001049 seconds.
  path: Assets/Prefabs/BetterPrefab/Shield.prefab
  artifactKey: Guid(f26d87208e74b164181e0f298f8648b2) Importer(815301076,1909f56bfc062723c751e8b465ee728b)
Start importing Assets/Prefabs/BetterPrefab/Shield.prefab using Guid(f26d87208e74b164181e0f298f8648b2) Importer(815301076,1909f56bfc062723c751e8b465ee728b)  -> (artifact id: '05a78e18b7b6eb59a91c72bbc234aa32') in 4.329542 seconds
  Import took 4.457912 seconds .

========================================================================
Received Prepare
Registering precompiled user dll's ...
Registered in 0.156747 seconds.
Begin MonoManager ReloadAssembly
Native extension for WindowsStandalone target not found
Refreshing native plugins compatible for Editor in 1.47 ms, found 3 plugins.
Preloading 0 native plugins for Editor in 0.00 ms.
Invoked RoslynAnalysisRunner static constructor.
RoslynAnalysisRunner will not be running.
RoslynAnalysisRunner has terminated.
Mono: successfully reloaded assembly
- Completed reload, in  8.610 seconds
Platform modules already initialized, skipping
Refreshing native plugins compatible for Editor in 5.01 ms, found 3 plugins.
Preloading 0 native plugins for Editor in 0.00 ms.
Unloading 1543 Unused Serialized files (Serialized files now loaded: 0)
System memory in use before: 116.5 MB.
System memory in use after: 116.1 MB.

Unloading 20 unused Assets to reduce memory usage. Loaded Objects now: 2093.
Total: 10.520600 ms (FindLiveObjects: 0.694300 ms CreateObjectMapping: 0.168800 ms MarkObjects: 8.224300 ms  DeleteObjects: 1.427900 ms)

========================================================================
Received Import Request.
  Time since last request: 1761.497788 seconds.
  path: Assets/A&A/Animators/BaseAnimators/Epic_SandBox_Player.controller
  artifactKey: Guid(c2a20d2fa683fcd47adc3572bf8cd28b) Importer(815301076,1909f56bfc062723c751e8b465ee728b)
Start importing Assets/A&A/Animators/BaseAnimators/Epic_SandBox_Player.controller using Guid(c2a20d2fa683fcd47adc3572bf8cd28b) Importer(815301076,1909f56bfc062723c751e8b465ee728b)  -> (artifact id: '3be437d259ec0b8c3600c755936c647b') in 17.285650 seconds
  Import took 17.310581 seconds .

========================================================================
Received Prepare
Registering precompiled user dll's ...
Registered in 4.721409 seconds.
Begin MonoManager ReloadAssembly
Native extension for WindowsStandalone target not found
Refreshing native plugins compatible for Editor in 2.67 ms, found 3 plugins.
Preloading 0 native plugins for Editor in 0.00 ms.
Invoked RoslynAnalysisRunner static constructor.
RoslynAnalysisRunner will not be running.
RoslynAnalysisRunner has terminated.
Mono: successfully reloaded assembly
- Completed reload, in 17.705 seconds
Platform modules already initialized, skipping
Refreshing native plugins compatible for Editor in 1.76 ms, found 3 plugins.
Preloading 0 native plugins for Editor in 0.00 ms.
Unloading 1543 Unused Serialized files (Serialized files now loaded: 0)
System memory in use before: 116.6 MB.
System memory in use after: 116.1 MB.

Unloading 16 unused Assets to reduce memory usage. Loaded Objects now: 2095.
Total: 9.451400 ms (FindLiveObjects: 0.693200 ms CreateObjectMapping: 0.166600 ms MarkObjects: 7.215500 ms  DeleteObjects: 1.370600 ms)

========================================================================
Received Prepare
Registering precompiled user dll's ...
Registered in 0.076683 seconds.
Begin MonoManager ReloadAssembly
Native extension for WindowsStandalone target not found
Refreshing native plugins compatible for Editor in 6.00 ms, found 3 plugins.
Preloading 0 native plugins for Editor in 0.00 ms.
Invoked RoslynAnalysisRunner static constructor.
RoslynAnalysisRunner will not be running.
RoslynAnalysisRunner has terminated.
Mono: successfully reloaded assembly
- Completed reload, in 223.713 seconds
Platform modules already initialized, skipping
Refreshing native plugins compatible for Editor in 23.38 ms, found 3 plugins.
Preloading 0 native plugins for Editor in 0.00 ms.
Unloading 1543 Unused Serialized files (Serialized files now loaded: 0)
System memory in use before: 116.6 MB.
System memory in use after: 116.1 MB.

Unloading 16 unused Assets to reduce memory usage. Loaded Objects now: 2097.
Total: 11.555700 ms (FindLiveObjects: 0.676900 ms CreateObjectMapping: 0.161200 ms MarkObjects: 7.690500 ms  DeleteObjects: 3.021100 ms)

========================================================================
Received Prepare
Registering precompiled user dll's ...
Registered in 0.005170 seconds.
Begin MonoManager ReloadAssembly
Native extension for WindowsStandalone target not found
Refreshing native plugins compatible for Editor in 1.61 ms, found 3 plugins.
Preloading 0 native plugins for Editor in 0.00 ms.
Invoked RoslynAnalysisRunner static constructor.
RoslynAnalysisRunner will not be running.
RoslynAnalysisRunner has terminated.
Mono: successfully reloaded assembly
- Completed reload, in  7.893 seconds
Platform modules already initialized, skipping
Refreshing native plugins compatible for Editor in 1.44 ms, found 3 plugins.
Preloading 0 native plugins for Editor in 0.00 ms.
Unloading 1543 Unused Serialized files (Serialized files now loaded: 0)
System memory in use before: 116.6 MB.
System memory in use after: 116.1 MB.

Unloading 16 unused Assets to reduce memory usage. Loaded Objects now: 2099.
Total: 16.906300 ms (FindLiveObjects: 0.660000 ms CreateObjectMapping: 0.226900 ms MarkObjects: 14.463800 ms  DeleteObjects: 1.549800 ms)

========================================================================
Received Import Request.
  Time since last request: 701.034302 seconds.
  path: Assets/GameAssets/Knight/prefabs/EnemyMaul.prefab
  artifactKey: Guid(95809f37acab0e742baf023c76db25e3) Importer(815301076,1909f56bfc062723c751e8b465ee728b)
Start importing Assets/GameAssets/Knight/prefabs/EnemyMaul.prefab using Guid(95809f37acab0e742baf023c76db25e3) Importer(815301076,1909f56bfc062723c751e8b465ee728b)  -> (artifact id: 'f09e3759432b07aacd3fcea2607b1014') in 34.277436 seconds
  Import took 34.287507 seconds .

========================================================================
Received Prepare
Registering precompiled user dll's ...
Registered in 0.011399 seconds.
Begin MonoManager ReloadAssembly
Native extension for WindowsStandalone target not found
Refreshing native plugins compatible for Editor in 20.80 ms, found 3 plugins.
Preloading 0 native plugins for Editor in 0.00 ms.
Invoked RoslynAnalysisRunner static constructor.
RoslynAnalysisRunner will not be running.
RoslynAnalysisRunner has terminated.
Mono: successfully reloaded assembly
- Completed reload, in 47.457 seconds
Platform modules already initialized, skipping
Refreshing native plugins compatible for Editor in 1.44 ms, found 3 plugins.
Preloading 0 native plugins for Editor in 0.00 ms.
Unloading 1543 Unused Serialized files (Serialized files now loaded: 0)
System memory in use before: 116.6 MB.
System memory in use after: 116.2 MB.

Unloading 16 unused Assets to reduce memory usage. Loaded Objects now: 2102.
Total: 977.963100 ms (FindLiveObjects: 0.686700 ms CreateObjectMapping: 0.232900 ms MarkObjects: 975.460700 ms  DeleteObjects: 1.576800 ms)

========================================================================
Received Prepare
Registering precompiled user dll's ...
Registered in 0.008326 seconds.
Begin MonoManager ReloadAssembly
Native extension for WindowsStandalone target not found
Refreshing native plugins compatible for Editor in 1.49 ms, found 3 plugins.
Preloading 0 native plugins for Editor in 0.00 ms.
Invoked RoslynAnalysisRunner static constructor.
RoslynAnalysisRunner will not be running.
RoslynAnalysisRunner has terminated.
Mono: successfully reloaded assembly
- Completed reload, in  9.850 seconds
Platform modules already initialized, skipping
Refreshing native plugins compatible for Editor in 1.49 ms, found 3 plugins.
Preloading 0 native plugins for Editor in 0.00 ms.
Unloading 1543 Unused Serialized files (Serialized files now loaded: 0)
System memory in use before: 116.6 MB.
System memory in use after: 116.2 MB.

Unloading 16 unused Assets to reduce memory usage. Loaded Objects now: 2104.
Total: 51.243000 ms (FindLiveObjects: 0.687000 ms CreateObjectMapping: 0.164400 ms MarkObjects: 48.874800 ms  DeleteObjects: 1.510700 ms)

========================================================================
Received Import Request.
  Time since last request: 588.066601 seconds.
  path: Assets/A&A/Animations/SharpAccent/Interactions
  artifactKey: Guid(0b8bf8a89bdeb1345aabff07fdc760f8) Importer(815301076,1909f56bfc062723c751e8b465ee728b)
Start importing Assets/A&A/Animations/SharpAccent/Interactions using Guid(0b8bf8a89bdeb1345aabff07fdc760f8) Importer(815301076,1909f56bfc062723c751e8b465ee728b)  -> (artifact id: 'b86bfd1fa463dd48210c29c7989a26b4') in 7.025794 seconds
  Import took 7.038252 seconds .

========================================================================
Received Prepare
Registering precompiled user dll's ...
Registered in 0.163637 seconds.
Begin MonoManager ReloadAssembly
Native extension for WindowsStandalone target not found
Refreshing native plugins compatible for Editor in 2.62 ms, found 3 plugins.
Preloading 0 native plugins for Editor in 0.00 ms.
Invoked RoslynAnalysisRunner static constructor.
RoslynAnalysisRunner will not be running.
RoslynAnalysisRunner has terminated.
Mono: successfully reloaded assembly
- Completed reload, in  8.273 seconds
Platform modules already initialized, skipping
Refreshing native plugins compatible for Editor in 1.55 ms, found 3 plugins.
Preloading 0 native plugins for Editor in 0.00 ms.
Unloading 1543 Unused Serialized files (Serialized files now loaded: 0)
System memory in use before: 116.6 MB.
System memory in use after: 116.2 MB.

Unloading 16 unused Assets to reduce memory usage. Loaded Objects now: 2106.
Total: 64.848500 ms (FindLiveObjects: 0.728100 ms CreateObjectMapping: 0.159800 ms MarkObjects: 58.251000 ms  DeleteObjects: 5.703900 ms)

========================================================================
Received Import Request.
  Time since last request: 38.407199 seconds.
  path: Assets/A&A/Animations/SharpAccent/Interactions/EnemyParry.anim
  artifactKey: Guid(8f0574714a8f5d54ba99c78eabc308fb) Importer(815301076,1909f56bfc062723c751e8b465ee728b)
Start importing Assets/A&A/Animations/SharpAccent/Interactions/EnemyParry.anim using Guid(8f0574714a8f5d54ba99c78eabc308fb) Importer(815301076,1909f56bfc062723c751e8b465ee728b)  -> (artifact id: '692d108bb345157f45909072ff6f2c83') in 4.743950 seconds
  Import took 4.754439 seconds .

========================================================================
Received Import Request.
  Time since last request: 0.001779 seconds.
  path: Assets/A&A/Animations/SharpAccent/Interactions/parry.anim
  artifactKey: Guid(fc296b17e9383884c8d9b1345338ec02) Importer(815301076,1909f56bfc062723c751e8b465ee728b)
Start importing Assets/A&A/Animations/SharpAccent/Interactions/parry.anim using Guid(fc296b17e9383884c8d9b1345338ec02) Importer(815301076,1909f56bfc062723c751e8b465ee728b)  -> (artifact id: '844d56fcafd459848d3240fdeb4f9b52') in 4.691870 seconds
  Import took 4.704740 seconds .

========================================================================
Received Prepare
Registering precompiled user dll's ...
Registered in 0.005008 seconds.
Begin MonoManager ReloadAssembly
Native extension for WindowsStandalone target not found
Refreshing native plugins compatible for Editor in 1.47 ms, found 3 plugins.
Preloading 0 native plugins for Editor in 0.00 ms.
Invoked RoslynAnalysisRunner static constructor.
RoslynAnalysisRunner will not be running.
RoslynAnalysisRunner has terminated.
Mono: successfully reloaded assembly
- Completed reload, in 10.066 seconds
Platform modules already initialized, skipping
Refreshing native plugins compatible for Editor in 1.53 ms, found 3 plugins.
Preloading 0 native plugins for Editor in 0.00 ms.
Unloading 1543 Unused Serialized files (Serialized files now loaded: 0)
System memory in use before: 116.6 MB.
System memory in use after: 116.2 MB.

Unloading 16 unused Assets to reduce memory usage. Loaded Objects now: 2108.
Total: 8.114400 ms (FindLiveObjects: 0.666300 ms CreateObjectMapping: 0.179700 ms MarkObjects: 5.711100 ms  DeleteObjects: 1.551800 ms)

========================================================================
Received Prepare
Registering precompiled user dll's ...
Registered in 4.726960 seconds.
Begin MonoManager ReloadAssembly
Native extension for WindowsStandalone target not found
Refreshing native plugins compatible for Editor in 1.64 ms, found 3 plugins.
Preloading 0 native plugins for Editor in 0.00 ms.
Invoked RoslynAnalysisRunner static constructor.
RoslynAnalysisRunner will not be running.
RoslynAnalysisRunner has terminated.
Mono: successfully reloaded assembly
- Completed reload, in 107.300 seconds
Platform modules already initialized, skipping
Refreshing native plugins compatible for Editor in 1.78 ms, found 3 plugins.
Preloading 0 native plugins for Editor in 0.00 ms.
Unloading 1543 Unused Serialized files (Serialized files now loaded: 0)
System memory in use before: 116.6 MB.
System memory in use after: 116.2 MB.

Unloading 16 unused Assets to reduce memory usage. Loaded Objects now: 2110.
Total: 1321.496500 ms (FindLiveObjects: 26.061600 ms CreateObjectMapping: 19.963700 ms MarkObjects: 1270.846500 ms  DeleteObjects: 4.617600 ms)

========================================================================
Received Prepare
Registering precompiled user dll's ...
Registered in 0.011978 seconds.
Begin MonoManager ReloadAssembly
Native extension for WindowsStandalone target not found
Refreshing native plugins compatible for Editor in 1.55 ms, found 3 plugins.
Preloading 0 native plugins for Editor in 0.00 ms.
Invoked RoslynAnalysisRunner static constructor.
RoslynAnalysisRunner will not be running.
RoslynAnalysisRunner has terminated.
Mono: successfully reloaded assembly
- Completed reload, in  9.078 seconds
Platform modules already initialized, skipping
Refreshing native plugins compatible for Editor in 3.75 ms, found 3 plugins.
Preloading 0 native plugins for Editor in 0.00 ms.
Unloading 1543 Unused Serialized files (Serialized files now loaded: 0)
System memory in use before: 116.6 MB.
System memory in use after: 116.2 MB.

Unloading 16 unused Assets to reduce memory usage. Loaded Objects now: 2112.
Total: 26.606100 ms (FindLiveObjects: 0.683700 ms CreateObjectMapping: 0.171100 ms MarkObjects: 24.260600 ms  DeleteObjects: 1.485200 ms)

========================================================================
Received Prepare
Registering precompiled user dll's ...
Registered in 0.008764 seconds.
Begin MonoManager ReloadAssembly
Native extension for WindowsStandalone target not found
Refreshing native plugins compatible for Editor in 1.61 ms, found 3 plugins.
Preloading 0 native plugins for Editor in 0.00 ms.
Invoked RoslynAnalysisRunner static constructor.
RoslynAnalysisRunner will not be running.
RoslynAnalysisRunner has terminated.
Mono: successfully reloaded assembly
- Completed reload, in 27.206 seconds
Platform modules already initialized, skipping
Refreshing native plugins compatible for Editor in 1.50 ms, found 3 plugins.
Preloading 0 native plugins for Editor in 0.00 ms.
Unloading 1543 Unused Serialized files (Serialized files now loaded: 0)
System memory in use before: 116.6 MB.
System memory in use after: 116.2 MB.

Unloading 16 unused Assets to reduce memory usage. Loaded Objects now: 2114.
Total: 48.601200 ms (FindLiveObjects: 0.759800 ms CreateObjectMapping: 0.186700 ms MarkObjects: 44.898900 ms  DeleteObjects: 2.749200 ms)

========================================================================
Received Prepare
Registering precompiled user dll's ...
Registered in 0.005501 seconds.
Begin MonoManager ReloadAssembly
Native extension for WindowsStandalone target not found
Refreshing native plugins compatible for Editor in 1.99 ms, found 3 plugins.
Preloading 0 native plugins for Editor in 0.00 ms.
Invoked RoslynAnalysisRunner static constructor.
RoslynAnalysisRunner will not be running.
RoslynAnalysisRunner has terminated.
Mono: successfully reloaded assembly
- Completed reload, in 24.695 seconds
Platform modules already initialized, skipping
Refreshing native plugins compatible for Editor in 97.66 ms, found 3 plugins.
Preloading 0 native plugins for Editor in 0.00 ms.
Unloading 1543 Unused Serialized files (Serialized files now loaded: 0)
System memory in use before: 116.6 MB.
System memory in use after: 116.2 MB.

Unloading 16 unused Assets to reduce memory usage. Loaded Objects now: 2116.
Total: 176.586300 ms (FindLiveObjects: 1.803800 ms CreateObjectMapping: 0.367300 ms MarkObjects: 9.142400 ms  DeleteObjects: 165.267100 ms)

========================================================================
Received Prepare
Registering precompiled user dll's ...
Registered in 0.008706 seconds.
Begin MonoManager ReloadAssembly
Native extension for WindowsStandalone target not found
Refreshing native plugins compatible for Editor in 1.76 ms, found 3 plugins.
Preloading 0 native plugins for Editor in 0.00 ms.
Invoked RoslynAnalysisRunner static constructor.
RoslynAnalysisRunner will not be running.
RoslynAnalysisRunner has terminated.
Mono: successfully reloaded assembly
- Completed reload, in 31.102 seconds
Platform modules already initialized, skipping
Refreshing native plugins compatible for Editor in 4.55 ms, found 3 plugins.
Preloading 0 native plugins for Editor in 0.00 ms.
Unloading 1543 Unused Serialized files (Serialized files now loaded: 0)
System memory in use before: 116.7 MB.
System memory in use after: 116.2 MB.

Unloading 16 unused Assets to reduce memory usage. Loaded Objects now: 2118.
Total: 20.986900 ms (FindLiveObjects: 0.950900 ms CreateObjectMapping: 0.177700 ms MarkObjects: 17.704000 ms  DeleteObjects: 2.142100 ms)

========================================================================
Received Import Request.
  Time since last request: 1643.256280 seconds.
  path: Assets/A&A/Animations/Other
  artifactKey: Guid(791d63ada6f0f354cb2402eff3e4f6c8) Importer(815301076,1909f56bfc062723c751e8b465ee728b)
Start importing Assets/A&A/Animations/Other using Guid(791d63ada6f0f354cb2402eff3e4f6c8) Importer(815301076,1909f56bfc062723c751e8b465ee728b)  -> (artifact id: 'ee67ae32a8dadf318390c97b66dff29a') in 31.182769 seconds
  Import took 73.797676 seconds .

========================================================================
Received Import Request.
  Time since last request: 0.029321 seconds.
  path: Assets/A&A/Animations/Other/Sad Idle.fbx
  artifactKey: Guid(1d82160ad7d56664983cdbc39fc845a5) Importer(815301076,1909f56bfc062723c751e8b465ee728b)
Start importing Assets/A&A/Animations/Other/Sad Idle.fbx using Guid(1d82160ad7d56664983cdbc39fc845a5) Importer(815301076,1909f56bfc062723c751e8b465ee728b)  -> (artifact id: 'dce89488cf6a0d0764bf8ecc5202126a') in 20.961366 seconds
  Import took 20.987033 seconds .

========================================================================
Received Prepare
Registering precompiled user dll's ...
Registered in 0.346768 seconds.
Begin MonoManager ReloadAssembly
Native extension for WindowsStandalone target not found
Refreshing native plugins compatible for Editor in 1.94 ms, found 3 plugins.
Preloading 0 native plugins for Editor in 0.00 ms.
Invoked RoslynAnalysisRunner static constructor.
RoslynAnalysisRunner will not be running.
RoslynAnalysisRunner has terminated.
Mono: successfully reloaded assembly
- Completed reload, in 82.167 seconds
Platform modules already initialized, skipping
Refreshing native plugins compatible for Editor in 1.50 ms, found 3 plugins.
Preloading 0 native plugins for Editor in 0.00 ms.
Unloading 1543 Unused Serialized files (Serialized files now loaded: 0)
System memory in use before: 116.7 MB.
System memory in use after: 116.2 MB.

Unloading 16 unused Assets to reduce memory usage. Loaded Objects now: 2120.
Total: 464.922900 ms (FindLiveObjects: 17.343800 ms CreateObjectMapping: 0.371100 ms MarkObjects: 420.981300 ms  DeleteObjects: 26.219700 ms)

========================================================================
Received Import Request.
  Time since last request: 562.540763 seconds.
  path: Assets/A&A/Animations/Other/Stun.anim
  artifactKey: Guid(d4cccfcbf05819143998d355a8b67bec) Importer(815301076,1909f56bfc062723c751e8b465ee728b)
Start importing Assets/A&A/Animations/Other/Stun.anim using Guid(d4cccfcbf05819143998d355a8b67bec) Importer(815301076,1909f56bfc062723c751e8b465ee728b)  -> (artifact id: '996ceb4075303d2e988cfdfe03156322') in 4.630827 seconds
  Import took 4.699657 seconds .

========================================================================
Received Prepare
Registering precompiled user dll's ...
Registered in 7.376614 seconds.
Begin MonoManager ReloadAssembly
Native extension for WindowsStandalone target not found
Refreshing native plugins compatible for Editor in 125.88 ms, found 3 plugins.
Preloading 0 native plugins for Editor in 0.00 ms.
Invoked RoslynAnalysisRunner static constructor.
RoslynAnalysisRunner will not be running.
RoslynAnalysisRunner has terminated.
Mono: successfully reloaded assembly
- Completed reload, in 155.512 seconds
Platform modules already initialized, skipping
Refreshing native plugins compatible for Editor in 1.47 ms, found 3 plugins.
Preloading 0 native plugins for Editor in 0.00 ms.
Unloading 1543 Unused Serialized files (Serialized files now loaded: 0)
System memory in use before: 116.7 MB.
System memory in use after: 116.3 MB.

Unloading 16 unused Assets to reduce memory usage. Loaded Objects now: 2122.
Total: 82.515400 ms (FindLiveObjects: 14.625300 ms CreateObjectMapping: 1.193600 ms MarkObjects: 64.935000 ms  DeleteObjects: 1.754800 ms)

========================================================================
Received Prepare
Registering precompiled user dll's ...
Registered in 0.005390 seconds.
Begin MonoManager ReloadAssembly
Native extension for WindowsStandalone target not found
Refreshing native plugins compatible for Editor in 16.20 ms, found 3 plugins.
Preloading 0 native plugins for Editor in 0.00 ms.
Invoked RoslynAnalysisRunner static constructor.
RoslynAnalysisRunner will not be running.
RoslynAnalysisRunner has terminated.
Mono: successfully reloaded assembly
- Completed reload, in 13.648 seconds
Platform modules already initialized, skipping
Refreshing native plugins compatible for Editor in 1.43 ms, found 3 plugins.
Preloading 0 native plugins for Editor in 0.00 ms.
Unloading 1543 Unused Serialized files (Serialized files now loaded: 0)
System memory in use before: 116.7 MB.
System memory in use after: 116.3 MB.

Unloading 16 unused Assets to reduce memory usage. Loaded Objects now: 2124.
Total: 104.468200 ms (FindLiveObjects: 0.834500 ms CreateObjectMapping: 0.215200 ms MarkObjects: 101.808600 ms  DeleteObjects: 1.603400 ms)

========================================================================
Received Prepare
Registering precompiled user dll's ...
Registered in 0.283026 seconds.
Begin MonoManager ReloadAssembly
Native extension for WindowsStandalone target not found
Refreshing native plugins compatible for Editor in 18.78 ms, found 3 plugins.
Preloading 0 native plugins for Editor in 0.00 ms.
Invoked RoslynAnalysisRunner static constructor.
RoslynAnalysisRunner will not be running.
RoslynAnalysisRunner has terminated.
Mono: successfully reloaded assembly
- Completed reload, in 57.024 seconds
Platform modules already initialized, skipping
Refreshing native plugins compatible for Editor in 6.94 ms, found 3 plugins.
Preloading 0 native plugins for Editor in 0.00 ms.
Unloading 1543 Unused Serialized files (Serialized files now loaded: 0)
System memory in use before: 116.7 MB.
System memory in use after: 116.3 MB.

Unloading 16 unused Assets to reduce memory usage. Loaded Objects now: 2126.
Total: 140.796300 ms (FindLiveObjects: 0.801000 ms CreateObjectMapping: 0.557500 ms MarkObjects: 137.007200 ms  DeleteObjects: 2.423400 ms)

========================================================================
Received Prepare
Registering precompiled user dll's ...
Registered in 6.570131 seconds.
Begin MonoManager ReloadAssembly
Native extension for WindowsStandalone target not found
Refreshing native plugins compatible for Editor in 1.50 ms, found 3 plugins.
Preloading 0 native plugins for Editor in 0.00 ms.
Invoked RoslynAnalysisRunner static constructor.
RoslynAnalysisRunner will not be running.
RoslynAnalysisRunner has terminated.
Mono: successfully reloaded assembly
- Completed reload, in 48.590 seconds
Platform modules already initialized, skipping
Refreshing native plugins compatible for Editor in 1.63 ms, found 3 plugins.
Preloading 0 native plugins for Editor in 0.00 ms.
Unloading 1543 Unused Serialized files (Serialized files now loaded: 0)
System memory in use before: 116.6 MB.
System memory in use after: 116.2 MB.

Unloading 16 unused Assets to reduce memory usage. Loaded Objects now: 2128.
Total: 9.194100 ms (FindLiveObjects: 1.118600 ms CreateObjectMapping: 0.357500 ms MarkObjects: 5.791800 ms  DeleteObjects: 1.919700 ms)

========================================================================
Received Prepare
Registering precompiled user dll's ...
Registered in 0.008596 seconds.
Begin MonoManager ReloadAssembly
Native extension for WindowsStandalone target not found
Refreshing native plugins compatible for Editor in 1.58 ms, found 3 plugins.
Preloading 0 native plugins for Editor in 0.00 ms.
Invoked RoslynAnalysisRunner static constructor.
RoslynAnalysisRunner will not be running.
RoslynAnalysisRunner has terminated.
Mono: successfully reloaded assembly
- Completed reload, in  7.446 seconds
Platform modules already initialized, skipping
Refreshing native plugins compatible for Editor in 2.67 ms, found 3 plugins.
Preloading 0 native plugins for Editor in 0.00 ms.
Unloading 1543 Unused Serialized files (Serialized files now loaded: 0)
System memory in use before: 116.6 MB.
System memory in use after: 116.2 MB.

Unloading 16 unused Assets to reduce memory usage. Loaded Objects now: 2130.
Total: 14.823500 ms (FindLiveObjects: 0.775200 ms CreateObjectMapping: 0.190700 ms MarkObjects: 9.449300 ms  DeleteObjects: 4.403000 ms)

========================================================================
Received Prepare
Registering precompiled user dll's ...
Registered in 0.006286 seconds.
Begin MonoManager ReloadAssembly
Native extension for WindowsStandalone target not found
Refreshing native plugins compatible for Editor in 1.57 ms, found 3 plugins.
Preloading 0 native plugins for Editor in 0.00 ms.
Invoked RoslynAnalysisRunner static constructor.
RoslynAnalysisRunner will not be running.
RoslynAnalysisRunner has terminated.
Mono: successfully reloaded assembly
- Completed reload, in 17.448 seconds
Platform modules already initialized, skipping
Refreshing native plugins compatible for Editor in 1.53 ms, found 3 plugins.
Preloading 0 native plugins for Editor in 0.00 ms.
Unloading 1543 Unused Serialized files (Serialized files now loaded: 0)
System memory in use before: 116.6 MB.
System memory in use after: 116.2 MB.

Unloading 16 unused Assets to reduce memory usage. Loaded Objects now: 2132.
Total: 13.300600 ms (FindLiveObjects: 0.679800 ms CreateObjectMapping: 0.486600 ms MarkObjects: 9.664900 ms  DeleteObjects: 2.463300 ms)

========================================================================
Received Prepare
Registering precompiled user dll's ...
Registered in 0.008630 seconds.
Begin MonoManager ReloadAssembly
Native extension for WindowsStandalone target not found
Refreshing native plugins compatible for Editor in 2.80 ms, found 3 plugins.
Preloading 0 native plugins for Editor in 0.00 ms.
Invoked RoslynAnalysisRunner static constructor.
RoslynAnalysisRunner will not be running.
RoslynAnalysisRunner has terminated.
Mono: successfully reloaded assembly
- Completed reload, in 11.056 seconds
Platform modules already initialized, skipping
Refreshing native plugins compatible for Editor in 1.48 ms, found 3 plugins.
Preloading 0 native plugins for Editor in 0.00 ms.
Unloading 1543 Unused Serialized files (Serialized files now loaded: 0)
System memory in use before: 116.6 MB.
System memory in use after: 116.2 MB.

Unloading 16 unused Assets to reduce memory usage. Loaded Objects now: 2134.
Total: 9.327600 ms (FindLiveObjects: 1.169900 ms CreateObjectMapping: 0.431400 ms MarkObjects: 6.114900 ms  DeleteObjects: 1.605500 ms)

========================================================================
Received Prepare
Registering precompiled user dll's ...
Registered in 0.008632 seconds.
Begin MonoManager ReloadAssembly
Native extension for WindowsStandalone target not found
Refreshing native plugins compatible for Editor in 1.55 ms, found 3 plugins.
Preloading 0 native plugins for Editor in 0.00 ms.
Invoked RoslynAnalysisRunner static constructor.
RoslynAnalysisRunner will not be running.
RoslynAnalysisRunner has terminated.
Mono: successfully reloaded assembly
- Completed reload, in 40.896 seconds
Platform modules already initialized, skipping
Refreshing native plugins compatible for Editor in 56.17 ms, found 3 plugins.
Preloading 0 native plugins for Editor in 0.00 ms.
Unloading 1543 Unused Serialized files (Serialized files now loaded: 0)
System memory in use before: 116.7 MB.
System memory in use after: 116.2 MB.

Unloading 16 unused Assets to reduce memory usage. Loaded Objects now: 2136.
Total: 145.831900 ms (FindLiveObjects: 1.372300 ms CreateObjectMapping: 0.349900 ms MarkObjects: 9.463000 ms  DeleteObjects: 134.640000 ms)

========================================================================
Received Prepare
Registering precompiled user dll's ...
Registered in 0.007634 seconds.
Begin MonoManager ReloadAssembly
Native extension for WindowsStandalone target not found
Refreshing native plugins compatible for Editor in 1.53 ms, found 3 plugins.
Preloading 0 native plugins for Editor in 0.00 ms.
Invoked RoslynAnalysisRunner static constructor.
RoslynAnalysisRunner will not be running.
RoslynAnalysisRunner has terminated.
Mono: successfully reloaded assembly
- Completed reload, in 69.471 seconds
Platform modules already initialized, skipping
Refreshing native plugins compatible for Editor in 1.65 ms, found 3 plugins.
Preloading 0 native plugins for Editor in 0.00 ms.
Unloading 1543 Unused Serialized files (Serialized files now loaded: 0)
System memory in use before: 116.7 MB.
System memory in use after: 116.2 MB.

Unloading 16 unused Assets to reduce memory usage. Loaded Objects now: 2138.
Total: 66.686600 ms (FindLiveObjects: 50.153500 ms CreateObjectMapping: 0.547400 ms MarkObjects: 12.419400 ms  DeleteObjects: 3.560500 ms)

========================================================================
Received Prepare
Registering precompiled user dll's ...
Registered in 0.011625 seconds.
Begin MonoManager ReloadAssembly
Native extension for WindowsStandalone target not found
Refreshing native plugins compatible for Editor in 1.67 ms, found 3 plugins.
Preloading 0 native plugins for Editor in 0.00 ms.
Invoked RoslynAnalysisRunner static constructor.
RoslynAnalysisRunner will not be running.
RoslynAnalysisRunner has terminated.
Mono: successfully reloaded assembly
- Completed reload, in 30.365 seconds
Platform modules already initialized, skipping
Refreshing native plugins compatible for Editor in 3.74 ms, found 3 plugins.
Preloading 0 native plugins for Editor in 0.00 ms.
Unloading 1543 Unused Serialized files (Serialized files now loaded: 0)
System memory in use before: 116.7 MB.
System memory in use after: 116.2 MB.

Unloading 16 unused Assets to reduce memory usage. Loaded Objects now: 2140.
Total: 237.167400 ms (FindLiveObjects: 0.789800 ms CreateObjectMapping: 1.106200 ms MarkObjects: 231.967200 ms  DeleteObjects: 3.298100 ms)

AssetImportWorkerClient::OnTransportError - code=2 error=End of file
