Using pre-set license
Built from '2020.2/release' branch; Version is '2020.2.0f1 (3721df5a8b28) revision 3613151'; Using compiler version '192528614'; Build Type 'Release'
OS: 'Windows 10  (10.0.0) 64bit' Language: 'en' Physical Memory: 3930 MB
BatchMode: 1, IsHumanControllingUs: 0, StartBugReporterOnCrash: 0, Is64bit: 1, IsPro: 0

 COMMAND LINE ARGUMENTS:
D:\unity\2020.2.0f1\Editor\Unity.exe
-adb2
-batchMode
-noUpm
-name
AssetImportWorker29
-projectPath
D:/project/PortfolioProject_Demo
-logFile
Logs/AssetImportWorker29.log
-srvPort
51632
Successfully changed project path to: D:/project/PortfolioProject_Demo
D:/project/PortfolioProject_Demo
Using Asset Import Pipeline V2.
Refreshing native plugins compatible for Editor in 160.87 ms, found 0 plugins.
Preloading 0 native plugins for Editor in 0.00 ms.
Initialize engine version: 2020.2.0f1 (3721df5a8b28)
[Subsystems] Discovering subsystems at path D:/unity/2020.2.0f1/Editor/Data/Resources/UnitySubsystems
[Subsystems] Discovering subsystems at path D:/project/PortfolioProject_Demo/Assets
GfxDevice: creating device client; threaded=0
Direct3D:
    Version:  Direct3D 11.0 [level 11.1]
    Renderer: Intel(R) HD Graphics (ID=0x22b1)
    Vendor:   
    VRAM:     1965 MB
    Driver:   20.19.15.5070
Initialize mono
Mono path[0] = 'D:/unity/2020.2.0f1/Editor/Data/Managed'
Mono path[1] = 'D:/unity/2020.2.0f1/Editor/Data/MonoBleedingEdge/lib/mono/unityjit'
Mono config path = 'D:/unity/2020.2.0f1/Editor/Data/MonoBleedingEdge/etc'
Using monoOptions --debugger-agent=transport=dt_socket,embedding=1,server=y,suspend=n,address=127.0.0.1:56480
Begin MonoManager ReloadAssembly
Registering precompiled unity dll's ...
Register platform support module: D:/unity/2020.2.0f1/Editor/Data/PlaybackEngines/WindowsStandaloneSupport/UnityEditor.WindowsStandalone.Extensions.dll
Registered in 0.004680 seconds.
Native extension for WindowsStandalone target not found
Refreshing native plugins compatible for Editor in 173.56 ms, found 0 plugins.
Preloading 0 native plugins for Editor in 0.00 ms.
Invoked RoslynAnalysisRunner static constructor.
RoslynAnalysisRunner will not be running.
RoslynAnalysisRunner has terminated.
Mono: successfully reloaded assembly
- Completed reload, in  4.731 seconds
Platform modules already initialized, skipping
Registering precompiled user dll's ...
Registered in 0.003008 seconds.
Begin MonoManager ReloadAssembly
Native extension for WindowsStandalone target not found
Refreshing native plugins compatible for Editor in 154.34 ms, found 0 plugins.
Preloading 0 native plugins for Editor in 0.00 ms.
Invoked RoslynAnalysisRunner static constructor.
RoslynAnalysisRunner will not be running.
RoslynAnalysisRunner has terminated.
Mono: successfully reloaded assembly
- Completed reload, in  7.957 seconds
Platform modules already initialized, skipping
========================================================================
Worker process is ready to serve import requests
Launched and connected shader compiler UnityShaderCompiler.exe after 0.68 seconds
Refreshing native plugins compatible for Editor in 1.10 ms, found 0 plugins.
Preloading 0 native plugins for Editor in 0.00 ms.
Unloading 1454 Unused Serialized files (Serialized files now loaded: 0)
System memory in use before: 98.7 MB.
System memory in use after: 98.2 MB.

Unloading 24 unused Assets to reduce memory usage. Loaded Objects now: 1932.
Total: 9.810100 ms (FindLiveObjects: 0.725100 ms CreateObjectMapping: 0.181300 ms MarkObjects: 6.428400 ms  DeleteObjects: 2.470100 ms)

========================================================================
Received Import Request.
  path: Assets/Data/Items/ObjectsForAdditionalScene
  artifactKey: Guid(48eeac03e0291e741b7ff4c95a48352b) Importer(815301076,1909f56bfc062723c751e8b465ee728b)
Start importing Assets/Data/Items/ObjectsForAdditionalScene using Guid(48eeac03e0291e741b7ff4c95a48352b) Importer(815301076,1909f56bfc062723c751e8b465ee728b)  -> (artifact id: 'e3a33e264d042165d9048773cbc79310') in 1.922892 seconds
  Import took 1.931073 seconds .

========================================================================
Received Import Request.
  Time since last request: 0.002144 seconds.
  path: Assets/RPG Pack/Models/Bottles/bottle_blue.FBX
  artifactKey: Guid(da8a393ba24fc6f49842d87b0937b84d) Importer(815301076,1909f56bfc062723c751e8b465ee728b)
Start importing Assets/RPG Pack/Models/Bottles/bottle_blue.FBX using Guid(da8a393ba24fc6f49842d87b0937b84d) Importer(815301076,1909f56bfc062723c751e8b465ee728b)  -> (artifact id: 'cfd72f2c6c5c2e3472334d6fe69f2b27') in 10.557688 seconds
  Import took 10.596378 seconds .

========================================================================
Received Import Request.
  Time since last request: 0.015466 seconds.
  path: Assets/RPG Pack/Prefabs
  artifactKey: Guid(c1d1fd12bd047fd45a1bf43d24d5b38b) Importer(815301076,1909f56bfc062723c751e8b465ee728b)
Start importing Assets/RPG Pack/Prefabs using Guid(c1d1fd12bd047fd45a1bf43d24d5b38b) Importer(815301076,1909f56bfc062723c751e8b465ee728b)  -> (artifact id: '07a50821950be43d6cd1ede0f4fac093') in 0.078888 seconds
  Import took 0.087245 seconds .

========================================================================
Received Import Request.
  Time since last request: 0.000299 seconds.
  path: Assets/RPG Pack/Models/Box.FBX
  artifactKey: Guid(bf5c3e0cc8f27e44fa80b78fbca7ac1a) Importer(815301076,1909f56bfc062723c751e8b465ee728b)
Start importing Assets/RPG Pack/Models/Box.FBX using Guid(bf5c3e0cc8f27e44fa80b78fbca7ac1a) Importer(815301076,1909f56bfc062723c751e8b465ee728b)  -> (artifact id: '8af78c82304db777439d6f8b7047f1a1') in 1.871173 seconds
  Import took 1.914629 seconds .

========================================================================
Received Import Request.
  Time since last request: 0.001070 seconds.
  path: Assets/Data/Items
  artifactKey: Guid(f65a8bfbba370ca45807c43acc914c45) Importer(815301076,1909f56bfc062723c751e8b465ee728b)
Start importing Assets/Data/Items using Guid(f65a8bfbba370ca45807c43acc914c45) Importer(815301076,1909f56bfc062723c751e8b465ee728b)  -> (artifact id: 'affcda71dc3b7d9778acd6b667a361e8') in 0.052328 seconds
  Import took 0.059725 seconds .

========================================================================
Received Import Request.
  Time since last request: 0.018892 seconds.
  path: Assets/Data/Knight1.asset
  artifactKey: Guid(437e8f70bdbf1ed40a4f023889ce98cc) Importer(815301076,1909f56bfc062723c751e8b465ee728b)
Start importing Assets/Data/Knight1.asset using Guid(437e8f70bdbf1ed40a4f023889ce98cc) Importer(815301076,1909f56bfc062723c751e8b465ee728b)  -> (artifact id: '6a3373b2eaf2a4545f95c283ea5f5741') in 0.188177 seconds
  Import took 0.350231 seconds .

========================================================================
Received Import Request.
  Time since last request: 0.000316 seconds.
  path: Assets/Data/Items/ObjectsForAdditionalScene/Sword.asset
  artifactKey: Guid(0b75a2f87bc56f64996522123dc971e2) Importer(815301076,1909f56bfc062723c751e8b465ee728b)
Start importing Assets/Data/Items/ObjectsForAdditionalScene/Sword.asset using Guid(0b75a2f87bc56f64996522123dc971e2) Importer(815301076,1909f56bfc062723c751e8b465ee728b)  -> (artifact id: 'd0a9d665f25172fa7ec298e76f708328') in 4.775963 seconds
  Import took 4.789358 seconds .

========================================================================
Received Import Request.
  Time since last request: 0.009438 seconds.
  path: Assets/Data/Items/Sword.asset
  artifactKey: Guid(17c398fffb2b59b43a6fc784b6529ea8) Importer(815301076,1909f56bfc062723c751e8b465ee728b)
Start importing Assets/Data/Items/Sword.asset using Guid(17c398fffb2b59b43a6fc784b6529ea8) Importer(815301076,1909f56bfc062723c751e8b465ee728b)  -> (artifact id: '50366fe28c19be1bdbb6a99d59b23e83') in 0.253480 seconds
  Import took 0.261573 seconds .

========================================================================
Received Import Request.
  Time since last request: 0.000306 seconds.
  path: Assets/RPG Pack/Models/Coin.FBX
  artifactKey: Guid(242d0c84f77361d4abc018c8b39c5d92) Importer(815301076,1909f56bfc062723c751e8b465ee728b)
Start importing Assets/RPG Pack/Models/Coin.FBX using Guid(242d0c84f77361d4abc018c8b39c5d92) Importer(815301076,1909f56bfc062723c751e8b465ee728b)  -> (artifact id: 'fcf8a0b337a8efa3d5d8bd9944412862') in 0.283935 seconds
  Import took 0.293119 seconds .

========================================================================
Received Import Request.
  Time since last request: 0.009469 seconds.
  path: Assets/RPG Pack/Prefabs/Bottle_Mana.prefab
  artifactKey: Guid(2cf6690298568294cb6b655c0a3aeb87) Importer(815301076,1909f56bfc062723c751e8b465ee728b)
Start importing Assets/RPG Pack/Prefabs/Bottle_Mana.prefab using Guid(2cf6690298568294cb6b655c0a3aeb87) Importer(815301076,1909f56bfc062723c751e8b465ee728b)  -> (artifact id: '8be9c22af1338650f381010848e36032') in 1.444931 seconds
  Import took 1.454111 seconds .

========================================================================
Received Import Request.
  Time since last request: 0.000299 seconds.
  path: Assets/RPG Pack/Prefabs/Bottle_Health.prefab
  artifactKey: Guid(7cafb89b5a0f61f479d0a748962abbbc) Importer(815301076,1909f56bfc062723c751e8b465ee728b)
Start importing Assets/RPG Pack/Prefabs/Bottle_Health.prefab using Guid(7cafb89b5a0f61f479d0a748962abbbc) Importer(815301076,1909f56bfc062723c751e8b465ee728b)  -> (artifact id: '85fb347d3e6295a073d3507c7b081f0f') in 0.350661 seconds
  Import took 0.360204 seconds .

========================================================================
Received Import Request.
  Time since last request: 0.001360 seconds.
  path: Assets/RPG Pack/Prefabs/BoxOfPandora.prefab
  artifactKey: Guid(efebddd0b5766bd499be8b63f581de68) Importer(815301076,1909f56bfc062723c751e8b465ee728b)
Start importing Assets/RPG Pack/Prefabs/BoxOfPandora.prefab using Guid(efebddd0b5766bd499be8b63f581de68) Importer(815301076,1909f56bfc062723c751e8b465ee728b)  -> (artifact id: 'a032ce70bc106d1f05d063da81012293') in 3.378663 seconds
  Import took 3.388811 seconds .

========================================================================
Received Import Request.
  Time since last request: 0.002018 seconds.
  path: Assets/RPG Pack/Models/Bottles/bottle_green.FBX
  artifactKey: Guid(73c33de544278cc40862c8e46858e7fd) Importer(815301076,1909f56bfc062723c751e8b465ee728b)
Start importing Assets/RPG Pack/Models/Bottles/bottle_green.FBX using Guid(73c33de544278cc40862c8e46858e7fd) Importer(815301076,1909f56bfc062723c751e8b465ee728b)  -> (artifact id: '5789507510f8044f0bf43a23143baf77') in 0.232175 seconds
  Import took 0.241128 seconds .

========================================================================
Received Import Request.
  Time since last request: 0.000993 seconds.
  path: Assets/Data/Items/Unarmed.asset
  artifactKey: Guid(aa0938cfdf5845b4091fd34ac12e33e2) Importer(815301076,1909f56bfc062723c751e8b465ee728b)
Start importing Assets/Data/Items/Unarmed.asset using Guid(aa0938cfdf5845b4091fd34ac12e33e2) Importer(815301076,1909f56bfc062723c751e8b465ee728b)  -> (artifact id: 'a5f182585fe62a1a151f137280da5c4e') in 0.123462 seconds
  Import took 0.131991 seconds .

========================================================================
Received Import Request.
  Time since last request: 0.000991 seconds.
  path: Assets/RPG Pack/Prefabs/Bottle_Endurance.prefab
  artifactKey: Guid(11e31a2ebb4e6e246bcf8c0ba034a031) Importer(815301076,1909f56bfc062723c751e8b465ee728b)
Start importing Assets/RPG Pack/Prefabs/Bottle_Endurance.prefab using Guid(11e31a2ebb4e6e246bcf8c0ba034a031) Importer(815301076,1909f56bfc062723c751e8b465ee728b)  -> (artifact id: 'f3e1853a0178ea4fcc10f4eae4828fc5') in 0.394617 seconds
  Import took 0.405320 seconds .

========================================================================
Received Import Request.
  Time since last request: 0.001022 seconds.
  path: Assets/Data/Items/ObjectsForAdditionalScene/Consumables/HealthPotion.asset
  artifactKey: Guid(db7e5a0a5a98bde41b8a5f9fd1de5798) Importer(815301076,1909f56bfc062723c751e8b465ee728b)
Start importing Assets/Data/Items/ObjectsForAdditionalScene/Consumables/HealthPotion.asset using Guid(db7e5a0a5a98bde41b8a5f9fd1de5798) Importer(815301076,1909f56bfc062723c751e8b465ee728b)  -> (artifact id: 'c1840b3f3728fd8c0981ef57bce049e5') in 1.112786 seconds
  Import took 1.121735 seconds .

========================================================================
Received Import Request.
  Time since last request: 0.052611 seconds.
  path: Assets/Data/Items/ObjectsForAdditionalScene/Consumables
  artifactKey: Guid(2faad69bc8a10f14696d19bf330d927f) Importer(815301076,1909f56bfc062723c751e8b465ee728b)
Start importing Assets/Data/Items/ObjectsForAdditionalScene/Consumables using Guid(2faad69bc8a10f14696d19bf330d927f) Importer(815301076,1909f56bfc062723c751e8b465ee728b)  -> (artifact id: '8986ba9ed843152f2e88410c01582c12') in 0.159885 seconds
  Import took 0.167708 seconds .

========================================================================
Received Import Request.
  Time since last request: 0.000289 seconds.
  path: Assets/RPG Pack/Models/Bottles
  artifactKey: Guid(b35dac8b2b787b04b8a7e7954ba91d3d) Importer(815301076,1909f56bfc062723c751e8b465ee728b)
Start importing Assets/RPG Pack/Models/Bottles using Guid(b35dac8b2b787b04b8a7e7954ba91d3d) Importer(815301076,1909f56bfc062723c751e8b465ee728b)  -> (artifact id: 'ecc580a7dd0d56e3a9d4708b381ef955') in 0.016434 seconds
  Import took 0.024399 seconds .

========================================================================
Received Import Request.
  Time since last request: 0.002191 seconds.
  path: Assets/RPG Pack/Prefabs/Coin.prefab
  artifactKey: Guid(5142a683d65bbf84abea6f07db9099c7) Importer(815301076,1909f56bfc062723c751e8b465ee728b)
Start importing Assets/RPG Pack/Prefabs/Coin.prefab using Guid(5142a683d65bbf84abea6f07db9099c7) Importer(815301076,1909f56bfc062723c751e8b465ee728b)  -> (artifact id: '0eb8709f9fa499893746634bba6960ea') in 2.191008 seconds
  Import took 2.201009 seconds .

========================================================================
Received Import Request.
  Time since last request: 0.001404 seconds.
  path: Assets/RPG Pack/Models/Bottles/bottle_red.FBX
  artifactKey: Guid(887a534051bdbf449b6fc141de3d5c53) Importer(815301076,1909f56bfc062723c751e8b465ee728b)
Start importing Assets/RPG Pack/Models/Bottles/bottle_red.FBX using Guid(887a534051bdbf449b6fc141de3d5c53) Importer(815301076,1909f56bfc062723c751e8b465ee728b)  -> (artifact id: '56aa5a52ebeb4216e5ce084cf8d2e7f5') in 0.190195 seconds
  Import took 0.199845 seconds .

========================================================================
Received Import Request.
  Time since last request: 0.002069 seconds.
  path: Assets/RPG Pack/Models
  artifactKey: Guid(c68ca6f52e8c95e42a0038f569350940) Importer(815301076,1909f56bfc062723c751e8b465ee728b)
Start importing Assets/RPG Pack/Models using Guid(c68ca6f52e8c95e42a0038f569350940) Importer(815301076,1909f56bfc062723c751e8b465ee728b)  -> (artifact id: '5401db8b60e235e90cbddd23057d0eda') in 1.058592 seconds
  Import took 1.066600 seconds .

========================================================================
Received Import Request.
  Time since last request: 0.001201 seconds.
  path: Assets/Scripts/AdditionalSceneScript/BetterFighter.cs
  artifactKey: Guid(0e06b624e31703d4abef8033dab01384) Importer(815301076,1909f56bfc062723c751e8b465ee728b)
Start importing Assets/Scripts/AdditionalSceneScript/BetterFighter.cs using Guid(0e06b624e31703d4abef8033dab01384) Importer(815301076,1909f56bfc062723c751e8b465ee728b)  -> (artifact id: '1f82dacac5ebfa4daa60670aac6c9ed8') in 0.238466 seconds
  Import took 0.246289 seconds .

========================================================================
Received Import Request.
  Time since last request: 1084.851260 seconds.
  path: Assets/GameAssets/ybot.fbx
  artifactKey: Guid(48314dab10072604496bb3572d8f57e6) Importer(815301076,1909f56bfc062723c751e8b465ee728b)
Start importing Assets/GameAssets/ybot.fbx using Guid(48314dab10072604496bb3572d8f57e6) Importer(815301076,1909f56bfc062723c751e8b465ee728b)  -> (artifact id: '2811349a06983725872fdef8108053f9') in 8.230852 seconds
  Import took 8.262815 seconds .

========================================================================
Received Import Request.
  Time since last request: 28.156314 seconds.
  path: Assets/GameAssets/RPG Pack/Materials/Stars_particles.mat
  artifactKey: Guid(f47e41e4ec1f46641a912dd7f8b381d9) Importer(815301076,1909f56bfc062723c751e8b465ee728b)
Start importing Assets/GameAssets/RPG Pack/Materials/Stars_particles.mat using Guid(f47e41e4ec1f46641a912dd7f8b381d9) Importer(815301076,1909f56bfc062723c751e8b465ee728b)  -> (artifact id: '8d98d5282684bf76aa95f222ed552821') in 2.740730 seconds
  Import took 2.755434 seconds .

========================================================================
Received Import Request.
  Time since last request: 14.759197 seconds.
  path: Assets/GameAssets/RPG Pack/Materials/Glow_particles.mat
  artifactKey: Guid(40d4c3afc57e51f4ea3afcc23e8db70c) Importer(815301076,1909f56bfc062723c751e8b465ee728b)
Start importing Assets/GameAssets/RPG Pack/Materials/Glow_particles.mat using Guid(40d4c3afc57e51f4ea3afcc23e8db70c) Importer(815301076,1909f56bfc062723c751e8b465ee728b)  -> (artifact id: 'd5a03154ff71774a527e86ec9347a9c1') in 5.295268 seconds
  Import took 5.308862 seconds .

========================================================================
Received Prepare
Registering precompiled user dll's ...
Registered in 0.003889 seconds.
Begin MonoManager ReloadAssembly
Native extension for WindowsStandalone target not found
Refreshing native plugins compatible for Editor in 1.19 ms, found 0 plugins.
Preloading 0 native plugins for Editor in 0.00 ms.
Invoked RoslynAnalysisRunner static constructor.
RoslynAnalysisRunner will not be running.
RoslynAnalysisRunner has terminated.
Mono: successfully reloaded assembly
- Completed reload, in 20.391 seconds
Platform modules already initialized, skipping
Refreshing native plugins compatible for Editor in 5.56 ms, found 0 plugins.
Preloading 0 native plugins for Editor in 0.00 ms.
Unloading 1407 Unused Serialized files (Serialized files now loaded: 0)
System memory in use before: 111.1 MB.
System memory in use after: 110.7 MB.

Unloading 10 unused Assets to reduce memory usage. Loaded Objects now: 1978.
Total: 745.247100 ms (FindLiveObjects: 0.617000 ms CreateObjectMapping: 0.343400 ms MarkObjects: 733.341900 ms  DeleteObjects: 10.937900 ms)

========================================================================
Received Prepare
Registering precompiled user dll's ...
Registered in 0.004330 seconds.
Begin MonoManager ReloadAssembly
Native extension for WindowsStandalone target not found
Refreshing native plugins compatible for Editor in 1.18 ms, found 0 plugins.
Preloading 0 native plugins for Editor in 0.00 ms.
Invoked RoslynAnalysisRunner static constructor.
RoslynAnalysisRunner will not be running.
RoslynAnalysisRunner has terminated.
Mono: successfully reloaded assembly
- Completed reload, in 25.986 seconds
Platform modules already initialized, skipping
Refreshing native plugins compatible for Editor in 1.25 ms, found 0 plugins.
Preloading 0 native plugins for Editor in 0.00 ms.
Unloading 1407 Unused Serialized files (Serialized files now loaded: 0)
System memory in use before: 111.1 MB.
System memory in use after: 110.7 MB.

Unloading 9 unused Assets to reduce memory usage. Loaded Objects now: 1980.
Total: 12.152000 ms (FindLiveObjects: 0.675800 ms CreateObjectMapping: 0.146300 ms MarkObjects: 9.874100 ms  DeleteObjects: 1.450400 ms)

========================================================================
Received Import Request.
  Time since last request: 732.895185 seconds.
  path: Assets/Prefabs/BetterPrefab/ClothButton.prefab
  artifactKey: Guid(eecb88ad1924bc04c9608afdec8d82b8) Importer(815301076,1909f56bfc062723c751e8b465ee728b)
Start importing Assets/Prefabs/BetterPrefab/ClothButton.prefab using Guid(eecb88ad1924bc04c9608afdec8d82b8) Importer(815301076,1909f56bfc062723c751e8b465ee728b)  -> (artifact id: 'ee17b9af0ce3f6f7fb5624e292890901') in 7.789817 seconds
  Import took 7.867238 seconds .

========================================================================
Received Import Request.
  Time since last request: 0.193564 seconds.
  path: Assets/Data/CustomIcons/Helmet_Icon.png
  artifactKey: Guid(c1179d287aaca4647b6e4f7e7ef4cae8) Importer(815301076,1909f56bfc062723c751e8b465ee728b)
Start importing Assets/Data/CustomIcons/Helmet_Icon.png using Guid(c1179d287aaca4647b6e4f7e7ef4cae8) Importer(815301076,1909f56bfc062723c751e8b465ee728b)  -> (artifact id: '005777af2a5ca130dc0575f1d85ca35d') in 25.694356 seconds
  Import took 25.708850 seconds .

========================================================================
Received Import Request.
  Time since last request: 0.000319 seconds.
  path: Assets/Prefabs/BetterPrefab/ConsumableInstance.prefab
  artifactKey: Guid(577b241e32137224ba0261f1de6d3e2a) Importer(815301076,1909f56bfc062723c751e8b465ee728b)
Start importing Assets/Prefabs/BetterPrefab/ConsumableInstance.prefab using Guid(577b241e32137224ba0261f1de6d3e2a) Importer(815301076,1909f56bfc062723c751e8b465ee728b)  -> (artifact id: '30525606b733f227e6d52e5607691f2d') in 1.674537 seconds
  Import took 1.827252 seconds .

========================================================================
Received Import Request.
  Time since last request: 0.002706 seconds.
  path: Assets/Data/CustomIcons
  artifactKey: Guid(b0a71e19f1c04ae47ae14eb0371be0b2) Importer(815301076,1909f56bfc062723c751e8b465ee728b)
Start importing Assets/Data/CustomIcons using Guid(b0a71e19f1c04ae47ae14eb0371be0b2) Importer(815301076,1909f56bfc062723c751e8b465ee728b)  -> (artifact id: 'fab525115cdbc222382a88e73b9162b3') in 0.060122 seconds
  Import took 0.140625 seconds .

========================================================================
Received Import Request.
  Time since last request: 0.070157 seconds.
  path: Assets/Data/CustomIcons/l22x58py.bmp
  artifactKey: Guid(6c1875c53dd6cc541934a704bbf10521) Importer(815301076,1909f56bfc062723c751e8b465ee728b)
Start importing Assets/Data/CustomIcons/l22x58py.bmp using Guid(6c1875c53dd6cc541934a704bbf10521) Importer(815301076,1909f56bfc062723c751e8b465ee728b)  -> (artifact id: '108c7a89271b4b90d4dc650ac670cca8') in 0.271529 seconds
  Import took 0.299732 seconds .

========================================================================
Received Import Request.
  Time since last request: 0.073039 seconds.
  path: Assets/GameAssets/swords/meshes/Materials/texture2.mat
  artifactKey: Guid(ae183e4a7cc1f3e48bf2833c741dda83) Importer(815301076,1909f56bfc062723c751e8b465ee728b)
Start importing Assets/GameAssets/swords/meshes/Materials/texture2.mat using Guid(ae183e4a7cc1f3e48bf2833c741dda83) Importer(815301076,1909f56bfc062723c751e8b465ee728b)  -> (artifact id: 'c41d1278fe6c08495c8f56e175a60d97') in 1.990410 seconds
  Import took 2.002135 seconds .

========================================================================
Received Import Request.
  Time since last request: 0.132916 seconds.
  path: Assets/Prefabs/BetterPrefab/Red_Bottle_Model.prefab
  artifactKey: Guid(cb31e3c946fa60440955835683e3cf4c) Importer(815301076,1909f56bfc062723c751e8b465ee728b)
Start importing Assets/Prefabs/BetterPrefab/Red_Bottle_Model.prefab using Guid(cb31e3c946fa60440955835683e3cf4c) Importer(815301076,1909f56bfc062723c751e8b465ee728b)  -> (artifact id: '0b15b8f8eeff455c8485534f51d79100') in 2.386356 seconds
  Import took 2.401192 seconds .

========================================================================
Received Import Request.
  Time since last request: 0.388734 seconds.
  path: Assets/Prefabs/BetterPrefab/Pickup.prefab
  artifactKey: Guid(966e25a8e023f0b4ca3989bb8bd4b8c4) Importer(815301076,1909f56bfc062723c751e8b465ee728b)
Start importing Assets/Prefabs/BetterPrefab/Pickup.prefab using Guid(966e25a8e023f0b4ca3989bb8bd4b8c4) Importer(815301076,1909f56bfc062723c751e8b465ee728b)  -> (artifact id: 'cfd757739491b9f1282fc517ebb47edd') in 8.932521 seconds
  Import took 9.008176 seconds .

========================================================================
Received Import Request.
  Time since last request: 0.002911 seconds.
  path: Assets/Data/Items/ObjectsForAdditionalScene/Cloth
  artifactKey: Guid(899171bb7c71c794da58afe17dfb6964) Importer(815301076,1909f56bfc062723c751e8b465ee728b)
Start importing Assets/Data/Items/ObjectsForAdditionalScene/Cloth using Guid(899171bb7c71c794da58afe17dfb6964) Importer(815301076,1909f56bfc062723c751e8b465ee728b)  -> (artifact id: 'fc28dd8e4f11ea63b6d1b7861c5cc597') in 0.127342 seconds
  Import took 0.146784 seconds .

========================================================================
Received Import Request.
  Time since last request: 0.132934 seconds.
  path: Assets/Prefabs/BetterPrefab/WeaponButton.prefab
  artifactKey: Guid(bee43209cef9a1b4bb706a2e46164d60) Importer(815301076,1909f56bfc062723c751e8b465ee728b)
Start importing Assets/Prefabs/BetterPrefab/WeaponButton.prefab using Guid(bee43209cef9a1b4bb706a2e46164d60) Importer(815301076,1909f56bfc062723c751e8b465ee728b)  -> (artifact id: 'f6eef91182ca99824147733a47766822') in 2.582079 seconds
  Import took 2.593303 seconds .

========================================================================
Received Import Request.
  Time since last request: 0.168639 seconds.
  path: Assets/Data/CustomIcons/Sword_Icon.png
  artifactKey: Guid(202a2ff7262cf684d908f864df7ca388) Importer(815301076,1909f56bfc062723c751e8b465ee728b)
Start importing Assets/Data/CustomIcons/Sword_Icon.png using Guid(202a2ff7262cf684d908f864df7ca388) Importer(815301076,1909f56bfc062723c751e8b465ee728b)  -> (artifact id: 'd47d63e0316686fbbdb38169985c2a05') in 0.209060 seconds
  Import took 1.835228 seconds .

========================================================================
Received Import Request.
  Time since last request: 0.000977 seconds.
  path: Assets/Data/CustomIcons/e49khk4z.bmp
  artifactKey: Guid(50bf28c9b15981341aedb4d21710f016) Importer(815301076,1909f56bfc062723c751e8b465ee728b)
Start importing Assets/Data/CustomIcons/e49khk4z.bmp using Guid(50bf28c9b15981341aedb4d21710f016) Importer(815301076,1909f56bfc062723c751e8b465ee728b)  -> (artifact id: '92ca768edbf3107bb2188dbf99067ba0') in 0.155755 seconds
  Import took 0.292919 seconds .

========================================================================
Received Import Request.
  Time since last request: 6.633249 seconds.
  path: Assets/Prefabs
  artifactKey: Guid(0fe93f3cf489ca743a6d8a4973cbe076) Importer(815301076,1909f56bfc062723c751e8b465ee728b)
Start importing Assets/Prefabs using Guid(0fe93f3cf489ca743a6d8a4973cbe076) Importer(815301076,1909f56bfc062723c751e8b465ee728b)  -> (artifact id: 'e2892c8d8aab36c71d74011d8bf3fc20') in 1.934873 seconds
  Import took 1.948716 seconds .

========================================================================
Received Import Request.
  Time since last request: 0.000290 seconds.
  path: Assets/Data
  artifactKey: Guid(9d624b5c7499cb24e81bf03ff49f6978) Importer(815301076,1909f56bfc062723c751e8b465ee728b)
Start importing Assets/Data using Guid(9d624b5c7499cb24e81bf03ff49f6978) Importer(815301076,1909f56bfc062723c751e8b465ee728b)  -> (artifact id: '5ae4794292012b108e74ab2a37682da3') in 0.037537 seconds
  Import took 0.049044 seconds .

========================================================================
Received Import Request.
  Time since last request: 0.001374 seconds.
  path: Assets/GameAssets
  artifactKey: Guid(6e72c9e51a8e0d04084ba6129e7298e0) Importer(815301076,1909f56bfc062723c751e8b465ee728b)
Start importing Assets/GameAssets using Guid(6e72c9e51a8e0d04084ba6129e7298e0) Importer(815301076,1909f56bfc062723c751e8b465ee728b)  -> (artifact id: 'b0ae91d98307f0be0f995df3e96f8cc9') in 0.038132 seconds
  Import took 0.198827 seconds .

========================================================================
Received Import Request.
  Time since last request: 16.963083 seconds.
  path: Assets/GameAssets/RPG Pack
  artifactKey: Guid(f37ee10f666326b44ac6dee771b760ac) Importer(815301076,1909f56bfc062723c751e8b465ee728b)
Start importing Assets/GameAssets/RPG Pack using Guid(f37ee10f666326b44ac6dee771b760ac) Importer(815301076,1909f56bfc062723c751e8b465ee728b)  -> (artifact id: 'd70aeedbe1286b0fab89bc3bf133a229') in 1.717461 seconds
  Import took 1.729931 seconds .

========================================================================
Received Import Request.
  Time since last request: 30.231937 seconds.
  path: Assets/Prefabs/Pickup.prefab
  artifactKey: Guid(4d2b0e7af2c76f145a601c6fcc6763b1) Importer(815301076,1909f56bfc062723c751e8b465ee728b)
Start importing Assets/Prefabs/Pickup.prefab using Guid(4d2b0e7af2c76f145a601c6fcc6763b1) Importer(815301076,1909f56bfc062723c751e8b465ee728b)  -> (artifact id: 'eb2a2887e4e8b2a4d3aef0630843dfa3') in 2.191245 seconds
  Import took 2.202746 seconds .

========================================================================
Received Import Request.
  Time since last request: 0.000606 seconds.
  path: Assets/Prefabs/UI.prefab
  artifactKey: Guid(3ad8415f6c0124c4f9cc019e2f23297a) Importer(815301076,1909f56bfc062723c751e8b465ee728b)
Start importing Assets/Prefabs/UI.prefab using Guid(3ad8415f6c0124c4f9cc019e2f23297a) Importer(815301076,1909f56bfc062723c751e8b465ee728b)  -> (artifact id: '44a614e8c315e64197f481cc17951dcc') in 0.454758 seconds
  Import took 0.466116 seconds .

========================================================================
Received Import Request.
  Time since last request: 0.000962 seconds.
  path: Assets/Prefabs/Unarmed.prefab
  artifactKey: Guid(ac81b037946e61747b794d6945500a87) Importer(815301076,1909f56bfc062723c751e8b465ee728b)
Start importing Assets/Prefabs/Unarmed.prefab using Guid(ac81b037946e61747b794d6945500a87) Importer(815301076,1909f56bfc062723c751e8b465ee728b)  -> (artifact id: '67a2407f0e32a259448ab6362f404cf0') in 0.107712 seconds
  Import took 1.760984 seconds .

========================================================================
Received Import Request.
  Time since last request: 22.467488 seconds.
  path: Assets/Prefabs/BetterPrefab
  artifactKey: Guid(096115ce601661044a0a92551718c2d1) Importer(815301076,1909f56bfc062723c751e8b465ee728b)
Start importing Assets/Prefabs/BetterPrefab using Guid(096115ce601661044a0a92551718c2d1) Importer(815301076,1909f56bfc062723c751e8b465ee728b)  -> (artifact id: '0e13ff037249993410d8f66a8db84ce4') in 1.465567 seconds
  Import took 1.480834 seconds .

========================================================================
Received Import Request.
  Time since last request: 5.026886 seconds.
  path: Assets/Prefabs/BetterPrefab/GlowParticles.prefab
  artifactKey: Guid(458e2740c9eb5114bacab0d24b568fac) Importer(815301076,1909f56bfc062723c751e8b465ee728b)
Start importing Assets/Prefabs/BetterPrefab/GlowParticles.prefab using Guid(458e2740c9eb5114bacab0d24b568fac) Importer(815301076,1909f56bfc062723c751e8b465ee728b)  -> (artifact id: '1e8b6092d99145dfbb3b8d1859934a78') in 0.047504 seconds
  Import took 0.058180 seconds .

========================================================================
Received Import Request.
  Time since last request: 12.759237 seconds.
  path: Assets/Prefabs/BetterPrefab/RedGlow.prefab
  artifactKey: Guid(458e2740c9eb5114bacab0d24b568fac) Importer(815301076,1909f56bfc062723c751e8b465ee728b)
Start importing Assets/Prefabs/BetterPrefab/RedGlow.prefab using Guid(458e2740c9eb5114bacab0d24b568fac) Importer(815301076,1909f56bfc062723c751e8b465ee728b)  -> (artifact id: '7ac864f33535d6bfcdcef12b5a8323ea') in 0.093247 seconds
  Import took 0.105007 seconds .

========================================================================
Received Import Request.
  Time since last request: 55.882133 seconds.
  path: Assets/Data/icons
  artifactKey: Guid(b0a71e19f1c04ae47ae14eb0371be0b2) Importer(815301076,1909f56bfc062723c751e8b465ee728b)
Start importing Assets/Data/icons using Guid(b0a71e19f1c04ae47ae14eb0371be0b2) Importer(815301076,1909f56bfc062723c751e8b465ee728b)  -> (artifact id: '859c7053a0765888489d10eea8aff3ce') in 0.050837 seconds
  Import took 0.065118 seconds .

========================================================================
Received Prepare
Registering precompiled user dll's ...
Registered in 0.003605 seconds.
Begin MonoManager ReloadAssembly
Native extension for WindowsStandalone target not found
Refreshing native plugins compatible for Editor in 1.07 ms, found 0 plugins.
Preloading 0 native plugins for Editor in 0.00 ms.
Invoked RoslynAnalysisRunner static constructor.
RoslynAnalysisRunner will not be running.
RoslynAnalysisRunner has terminated.
Mono: successfully reloaded assembly
- Completed reload, in 89.621 seconds
Platform modules already initialized, skipping
Refreshing native plugins compatible for Editor in 2.29 ms, found 0 plugins.
Preloading 0 native plugins for Editor in 0.00 ms.
Unloading 1407 Unused Serialized files (Serialized files now loaded: 0)
System memory in use before: 111.3 MB.
System memory in use after: 110.8 MB.

Unloading 10 unused Assets to reduce memory usage. Loaded Objects now: 1987.
Total: 15.571000 ms (FindLiveObjects: 0.638300 ms CreateObjectMapping: 0.287700 ms MarkObjects: 11.866600 ms  DeleteObjects: 2.772200 ms)

========================================================================
Received Prepare
Registering precompiled user dll's ...
Registered in 0.002917 seconds.
Begin MonoManager ReloadAssembly
Native extension for WindowsStandalone target not found
Refreshing native plugins compatible for Editor in 1.07 ms, found 0 plugins.
Preloading 0 native plugins for Editor in 0.00 ms.
Invoked RoslynAnalysisRunner static constructor.
RoslynAnalysisRunner will not be running.
RoslynAnalysisRunner has terminated.
Mono: successfully reloaded assembly
- Completed reload, in 23.823 seconds
Platform modules already initialized, skipping
Refreshing native plugins compatible for Editor in 1.04 ms, found 0 plugins.
Preloading 0 native plugins for Editor in 0.00 ms.
Unloading 1407 Unused Serialized files (Serialized files now loaded: 0)
System memory in use before: 111.3 MB.
System memory in use after: 110.8 MB.

Unloading 9 unused Assets to reduce memory usage. Loaded Objects now: 1989.
Total: 10.641000 ms (FindLiveObjects: 0.649000 ms CreateObjectMapping: 0.142100 ms MarkObjects: 8.160000 ms  DeleteObjects: 1.684500 ms)

========================================================================
Received Import Request.
  Time since last request: 292.659157 seconds.
  path: Assets/Data/Items/ObjectsForAdditionalScene/Consumables/HealthPotion.asset
  artifactKey: Guid(db7e5a0a5a98bde41b8a5f9fd1de5798) Importer(815301076,1909f56bfc062723c751e8b465ee728b)
Start importing Assets/Data/Items/ObjectsForAdditionalScene/Consumables/HealthPotion.asset using Guid(db7e5a0a5a98bde41b8a5f9fd1de5798) Importer(815301076,1909f56bfc062723c751e8b465ee728b)  -> (artifact id: '6c38a659769ccb52e1e1c1b3a31060f0') in 2.024826 seconds
  Import took 2.034477 seconds .

========================================================================
Received Prepare
Registering precompiled user dll's ...
Registered in 0.050523 seconds.
Begin MonoManager ReloadAssembly
Native extension for WindowsStandalone target not found
Refreshing native plugins compatible for Editor in 1.98 ms, found 0 plugins.
Preloading 0 native plugins for Editor in 0.00 ms.
Invoked RoslynAnalysisRunner static constructor.
RoslynAnalysisRunner will not be running.
RoslynAnalysisRunner has terminated.
Mono: successfully reloaded assembly
- Completed reload, in  8.732 seconds
Platform modules already initialized, skipping
Refreshing native plugins compatible for Editor in 1.58 ms, found 0 plugins.
Preloading 0 native plugins for Editor in 0.00 ms.
Unloading 1407 Unused Serialized files (Serialized files now loaded: 0)
System memory in use before: 111.3 MB.
System memory in use after: 110.8 MB.

Unloading 9 unused Assets to reduce memory usage. Loaded Objects now: 1991.
Total: 186.785900 ms (FindLiveObjects: 20.433800 ms CreateObjectMapping: 0.370800 ms MarkObjects: 164.189400 ms  DeleteObjects: 1.786400 ms)

========================================================================
Received Import Request.
  Time since last request: 1059.772986 seconds.
  path: Assets/A&A/Animations
  artifactKey: Guid(e6b536eddb1f0ec4b84f43a5dd044133) Importer(815301076,1909f56bfc062723c751e8b465ee728b)
Start importing Assets/A&A/Animations using Guid(e6b536eddb1f0ec4b84f43a5dd044133) Importer(815301076,1909f56bfc062723c751e8b465ee728b)  -> (artifact id: '4c12eb0004d54f844657231671367320') in 0.082263 seconds
  Import took 0.134993 seconds .

========================================================================
Received Import Request.
  Time since last request: 12.967086 seconds.
  path: Assets/A&A/Animations/Drinking.fbx
  artifactKey: Guid(b2227cc6a18596546b3b0ded20c44cf3) Importer(815301076,1909f56bfc062723c751e8b465ee728b)
Start importing Assets/A&A/Animations/Drinking.fbx using Guid(b2227cc6a18596546b3b0ded20c44cf3) Importer(815301076,1909f56bfc062723c751e8b465ee728b)  -> (artifact id: '6508fe0284b1fd9f07f36c03699de11e') in 9.002738 seconds
  Import took 9.014532 seconds .

========================================================================
Received Import Request.
  Time since last request: 0.369803 seconds.
  path: Assets/A&A/Animations/Drinking.fbx
  artifactKey: Guid(b2227cc6a18596546b3b0ded20c44cf3) Importer(815301076,1909f56bfc062723c751e8b465ee728b)
Start importing Assets/A&A/Animations/Drinking.fbx using Guid(b2227cc6a18596546b3b0ded20c44cf3) Importer(815301076,1909f56bfc062723c751e8b465ee728b)  -> (artifact id: '84d375f3726d09fac43c8c5d98fa4e26') in 7.481794 seconds
  Import took 9.345653 seconds .

========================================================================
Received Import Request.
  Time since last request: 0.000363 seconds.
  path: Assets/A&A/Animations/Drinking.fbx
  artifactKey: Guid(b2227cc6a18596546b3b0ded20c44cf3) Importer(815301076,1909f56bfc062723c751e8b465ee728b)
Start importing Assets/A&A/Animations/Drinking.fbx using Guid(b2227cc6a18596546b3b0ded20c44cf3) Importer(815301076,1909f56bfc062723c751e8b465ee728b)  -> (artifact id: '05a5d355d3024bf82f81230bf8bcf315') in 0.718013 seconds
  Import took 0.731113 seconds .

========================================================================
Received Import Request.
  Time since last request: 3.955574 seconds.
  path: Assets/A&A/Animations/mixamo.com.anim
  artifactKey: Guid(b5117ca915c7e1843ab8e8a73ff6aa20) Importer(815301076,1909f56bfc062723c751e8b465ee728b)
Start importing Assets/A&A/Animations/mixamo.com.anim using Guid(b5117ca915c7e1843ab8e8a73ff6aa20) Importer(815301076,1909f56bfc062723c751e8b465ee728b)  -> (artifact id: 'a6880dc6b3105094e01fb530baa2bb0a') in 0.435422 seconds
  Import took 0.447766 seconds .

========================================================================
Received Import Request.
  Time since last request: 14.584060 seconds.
  path: Assets/A&A/Animations/Drinking.anim
  artifactKey: Guid(b5117ca915c7e1843ab8e8a73ff6aa20) Importer(815301076,1909f56bfc062723c751e8b465ee728b)
Start importing Assets/A&A/Animations/Drinking.anim using Guid(b5117ca915c7e1843ab8e8a73ff6aa20) Importer(815301076,1909f56bfc062723c751e8b465ee728b)  -> (artifact id: 'fb7e6f854ae9ac9612ed1cd78384a176') in 4.773539 seconds
  Import took 9.499744 seconds .

========================================================================
Received Import Request.
  Time since last request: 4.768463 seconds.
  path: Assets/A&A/Animations/Drinking.anim
  artifactKey: Guid(b5117ca915c7e1843ab8e8a73ff6aa20) Importer(815301076,1909f56bfc062723c751e8b465ee728b)
Start importing Assets/A&A/Animations/Drinking.anim using Guid(b5117ca915c7e1843ab8e8a73ff6aa20) Importer(815301076,1909f56bfc062723c751e8b465ee728b)  -> (artifact id: 'fb7e6f854ae9ac9612ed1cd78384a176') in 4.755565 seconds
  Import took 9.480177 seconds .

========================================================================
Received Prepare
Registering precompiled user dll's ...
Registered in 0.007916 seconds.
Begin MonoManager ReloadAssembly
Native extension for WindowsStandalone target not found
Refreshing native plugins compatible for Editor in 1.29 ms, found 0 plugins.
Preloading 0 native plugins for Editor in 0.00 ms.
Invoked RoslynAnalysisRunner static constructor.
RoslynAnalysisRunner will not be running.
RoslynAnalysisRunner has terminated.
Mono: successfully reloaded assembly
- Completed reload, in 11.986 seconds
Platform modules already initialized, skipping
Refreshing native plugins compatible for Editor in 1.13 ms, found 0 plugins.
Preloading 0 native plugins for Editor in 0.00 ms.
Unloading 1407 Unused Serialized files (Serialized files now loaded: 0)
System memory in use before: 111.4 MB.
System memory in use after: 110.9 MB.

Unloading 9 unused Assets to reduce memory usage. Loaded Objects now: 1994.
Total: 10.007400 ms (FindLiveObjects: 1.250200 ms CreateObjectMapping: 0.342600 ms MarkObjects: 6.922400 ms  DeleteObjects: 1.486100 ms)

========================================================================
Received Import Request.
  Time since last request: 338.712026 seconds.
  path: Assets/Terrain/New Terrain.asset
  artifactKey: Guid(61ea46946108cc048a89149ece94ecaf) Importer(815301076,1909f56bfc062723c751e8b465ee728b)
Start importing Assets/Terrain/New Terrain.asset using Guid(61ea46946108cc048a89149ece94ecaf) Importer(815301076,1909f56bfc062723c751e8b465ee728b) The tree MainTree must use the Nature/Soft Occlusion shader. Otherwise billboarding/lighting will not work correctly.

The tree MainTree must use the Nature/Soft Occlusion shader. Otherwise billboarding/lighting will not work correctly.

 -> (artifact id: 'aaa41c01d4b36b25d71ec11d17d4d174') in 11.646781 seconds
  Import took 11.675789 seconds .

========================================================================
Received Import Request.
  Time since last request: 136.524181 seconds.
  path: Assets/Data/icons/512/bow.png
  artifactKey: Guid(036a151b005135e47b226d9dd99f49b7) Importer(815301076,1909f56bfc062723c751e8b465ee728b)
Start importing Assets/Data/icons/512/bow.png using Guid(036a151b005135e47b226d9dd99f49b7) Importer(815301076,1909f56bfc062723c751e8b465ee728b)  -> (artifact id: 'c0ab694d6ec07e1813b37fed0cc4880b') in 2.310314 seconds
  Import took 2.377248 seconds .

========================================================================
Received Import Request.
  Time since last request: 0.000334 seconds.
  path: Assets/Data/icons/512/wand.png
  artifactKey: Guid(ba0d7a654da5f2446988ede2d16adc3c) Importer(815301076,1909f56bfc062723c751e8b465ee728b)
Start importing Assets/Data/icons/512/wand.png using Guid(ba0d7a654da5f2446988ede2d16adc3c) Importer(815301076,1909f56bfc062723c751e8b465ee728b)  -> (artifact id: '8c10a3f3895c8e0b801d0d0370e4c564') in 0.425733 seconds
  Import took 2.435332 seconds .

========================================================================
Received Import Request.
  Time since last request: 0.298652 seconds.
  path: Assets/Data/icons/512/upg_armor.png
  artifactKey: Guid(feb9db46685d07640984aead0d038ab4) Importer(815301076,1909f56bfc062723c751e8b465ee728b)
Start importing Assets/Data/icons/512/upg_armor.png using Guid(feb9db46685d07640984aead0d038ab4) Importer(815301076,1909f56bfc062723c751e8b465ee728b)  -> (artifact id: '17afec4aa99275680fe88813a9d76a25') in 1.603743 seconds
  Import took 1.616061 seconds .

========================================================================
Received Import Request.
  Time since last request: 0.194412 seconds.
  path: Assets/Data/icons/512/upg_axe.png
  artifactKey: Guid(6f2096ef7d70a014384a5837c59aee96) Importer(815301076,1909f56bfc062723c751e8b465ee728b)
Start importing Assets/Data/icons/512/upg_axe.png using Guid(6f2096ef7d70a014384a5837c59aee96) Importer(815301076,1909f56bfc062723c751e8b465ee728b)  -> (artifact id: '6bdaa2fe05ae496ae19a5cc774d60b60') in 0.374540 seconds
  Import took 0.518682 seconds .

========================================================================
Received Import Request.
  Time since last request: 1.624532 seconds.
  path: Assets/Data/icons/512/upg_dagger.png
  artifactKey: Guid(6e32f7ad7f46327458c7931393ce81b3) Importer(815301076,1909f56bfc062723c751e8b465ee728b)
Start importing Assets/Data/icons/512/upg_dagger.png using Guid(6e32f7ad7f46327458c7931393ce81b3) Importer(815301076,1909f56bfc062723c751e8b465ee728b)  -> (artifact id: '41fcb59ad1783da609c439f9b7e2e5fd') in 0.323321 seconds
  Import took 0.336036 seconds .

========================================================================
Received Import Request.
  Time since last request: 0.000327 seconds.
  path: Assets/Data/icons/512/upg_axeDouble.png
  artifactKey: Guid(39eac447756db4c41a9cb25a53bd7952) Importer(815301076,1909f56bfc062723c751e8b465ee728b)
Start importing Assets/Data/icons/512/upg_axeDouble.png using Guid(39eac447756db4c41a9cb25a53bd7952) Importer(815301076,1909f56bfc062723c751e8b465ee728b)  -> (artifact id: 'fb427dd4d596f13e6ed6929b96f83a97') in 0.378779 seconds
  Import took 0.401617 seconds .

========================================================================
Received Import Request.
  Time since last request: 0.000324 seconds.
  path: Assets/Data/icons/512/map.png
  artifactKey: Guid(49d4a196643483048b940082ff4842d2) Importer(815301076,1909f56bfc062723c751e8b465ee728b)
Start importing Assets/Data/icons/512/map.png using Guid(49d4a196643483048b940082ff4842d2) Importer(815301076,1909f56bfc062723c751e8b465ee728b)  -> (artifact id: 'bf35786f7842a5e944efeb25afccaba9') in 0.638239 seconds
  Import took 2.162415 seconds .

========================================================================
Received Import Request.
  Time since last request: 0.000313 seconds.
  path: Assets/Data/icons/512/woodSword.png
  artifactKey: Guid(01a1c2482215210429521e4859ed149e) Importer(815301076,1909f56bfc062723c751e8b465ee728b)
Start importing Assets/Data/icons/512/woodSword.png using Guid(01a1c2482215210429521e4859ed149e) Importer(815301076,1909f56bfc062723c751e8b465ee728b)  -> (artifact id: '72e3dc7d8e5c6f753b87c68a789f671d') in 2.035836 seconds
  Import took 2.062912 seconds .

========================================================================
Received Import Request.
  Time since last request: 0.000328 seconds.
  path: Assets/Data/icons/512/potionBlue.png
  artifactKey: Guid(b05e4664735bcc649aedf6a6eb4adde5) Importer(815301076,1909f56bfc062723c751e8b465ee728b)
Start importing Assets/Data/icons/512/potionBlue.png using Guid(b05e4664735bcc649aedf6a6eb4adde5) Importer(815301076,1909f56bfc062723c751e8b465ee728b)  -> (artifact id: '73162078e6c08c0f261bc3a9a2fa8af0') in 0.470695 seconds
  Import took 0.483527 seconds .

========================================================================
Received Import Request.
  Time since last request: 0.000263 seconds.
  path: Assets/Data/icons/512/upg_hammer.png
  artifactKey: Guid(9da86aac882b2fc4c81f0590e7eb7f16) Importer(815301076,1909f56bfc062723c751e8b465ee728b)
Start importing Assets/Data/icons/512/upg_hammer.png using Guid(9da86aac882b2fc4c81f0590e7eb7f16) Importer(815301076,1909f56bfc062723c751e8b465ee728b)  -> (artifact id: 'a581cf68a5b663021c7b406092379967') in 1.392439 seconds
  Import took 1.401576 seconds .

========================================================================
Received Import Request.
  Time since last request: 0.000319 seconds.
  path: Assets/Data/icons/512/hammer.png
  artifactKey: Guid(56cbf5bc23260794592d30e4fc813fca) Importer(815301076,1909f56bfc062723c751e8b465ee728b)
Start importing Assets/Data/icons/512/hammer.png using Guid(56cbf5bc23260794592d30e4fc813fca) Importer(815301076,1909f56bfc062723c751e8b465ee728b)  -> (artifact id: 'be23662b8daf827c24d6b10e1f7d2dcc') in 0.293334 seconds
  Import took 0.314477 seconds .

========================================================================
Received Import Request.
  Time since last request: 0.000276 seconds.
  path: Assets/Data/icons/512/heart.png
  artifactKey: Guid(ee95f5903c6bef84e93b69370c679d7b) Importer(815301076,1909f56bfc062723c751e8b465ee728b)
Start importing Assets/Data/icons/512/heart.png using Guid(ee95f5903c6bef84e93b69370c679d7b) Importer(815301076,1909f56bfc062723c751e8b465ee728b)  -> (artifact id: '23a3f774dd52271323f82e1b7e522ddb') in 0.300841 seconds
  Import took 0.311920 seconds .

========================================================================
Received Import Request.
  Time since last request: 0.000641 seconds.
  path: Assets/Data/icons/512/shieldSmall.png
  artifactKey: Guid(acb9a1881b658354681fb11be136e608) Importer(815301076,1909f56bfc062723c751e8b465ee728b)
Start importing Assets/Data/icons/512/shieldSmall.png using Guid(acb9a1881b658354681fb11be136e608) Importer(815301076,1909f56bfc062723c751e8b465ee728b)  -> (artifact id: '17944c12c7af72738477257bf15d28dc') in 1.222683 seconds
  Import took 1.233041 seconds .

========================================================================
Received Import Request.
  Time since last request: 0.000316 seconds.
  path: Assets/Data/icons/512/potionRed.png
  artifactKey: Guid(5ae934876797f3247be602f5302163a2) Importer(815301076,1909f56bfc062723c751e8b465ee728b)
Start importing Assets/Data/icons/512/potionRed.png using Guid(5ae934876797f3247be602f5302163a2) Importer(815301076,1909f56bfc062723c751e8b465ee728b)  -> (artifact id: '12327a89eabbe5951549163f5080f508') in 0.242020 seconds
  Import took 0.250623 seconds .

========================================================================
Received Import Request.
  Time since last request: 0.000368 seconds.
  path: Assets/Data/icons/512/shield.png
  artifactKey: Guid(d6c17bd892535164aadfae43da8b9af6) Importer(815301076,1909f56bfc062723c751e8b465ee728b)
Start importing Assets/Data/icons/512/shield.png using Guid(d6c17bd892535164aadfae43da8b9af6) Importer(815301076,1909f56bfc062723c751e8b465ee728b)  -> (artifact id: '693b74e9bff6f1e9197f00700ebc726a') in 0.312980 seconds
  Import took 0.324533 seconds .

========================================================================
Received Import Request.
  Time since last request: 0.000326 seconds.
  path: Assets/Data/icons/512/potionGreen.png
  artifactKey: Guid(9037fed5e834abf479291b1a22dc57fc) Importer(815301076,1909f56bfc062723c751e8b465ee728b)
Start importing Assets/Data/icons/512/potionGreen.png using Guid(9037fed5e834abf479291b1a22dc57fc) Importer(815301076,1909f56bfc062723c751e8b465ee728b)  -> (artifact id: '099b0ed65d85b7bcb5eb4f6f9fea7ab8') in 1.604705 seconds
  Import took 1.613795 seconds .

========================================================================
Received Import Request.
  Time since last request: 0.000325 seconds.
  path: Assets/Data/icons/512/tome.png
  artifactKey: Guid(cb8357a8dc8fb1048ac312494fb4001e) Importer(815301076,1909f56bfc062723c751e8b465ee728b)
Start importing Assets/Data/icons/512/tome.png using Guid(cb8357a8dc8fb1048ac312494fb4001e) Importer(815301076,1909f56bfc062723c751e8b465ee728b)  -> (artifact id: '4ac905badb198d7a2c3e1b5107a8f6fe') in 0.170638 seconds
  Import took 0.341568 seconds .

========================================================================
Received Import Request.
  Time since last request: 0.000334 seconds.
  path: Assets/Data/icons/512/x.png
  artifactKey: Guid(fefb07fa1381c30458ee0cb7f697700e) Importer(815301076,1909f56bfc062723c751e8b465ee728b)
Start importing Assets/Data/icons/512/x.png using Guid(fefb07fa1381c30458ee0cb7f697700e) Importer(815301076,1909f56bfc062723c751e8b465ee728b)  -> (artifact id: '8bcd96bdf24e87f41be0d1dd478f4a37') in 0.298751 seconds
  Import took 0.319571 seconds .

========================================================================
Received Import Request.
  Time since last request: 0.000327 seconds.
  path: Assets/_TerrainAutoUpgrade/layer_RockSharp 1_DRockSharp 1_N793646612c42751.terrainlayer
  artifactKey: Guid(bf9ea34b098989f43863eab26f6d68a1) Importer(815301076,1909f56bfc062723c751e8b465ee728b)
Start importing Assets/_TerrainAutoUpgrade/layer_RockSharp 1_DRockSharp 1_N793646612c42751.terrainlayer using Guid(bf9ea34b098989f43863eab26f6d68a1) Importer(815301076,1909f56bfc062723c751e8b465ee728b)  -> (artifact id: '8aec2e3d226bd344103f7348eda701b7') in 1.787529 seconds
  Import took 1.798476 seconds .

========================================================================
Received Import Request.
  Time since last request: 0.000365 seconds.
  path: Assets/Data/icons/512/upg_helmet.png
  artifactKey: Guid(67d7ad149f69c5a489af2c3fe3d5d6d1) Importer(815301076,1909f56bfc062723c751e8b465ee728b)
Start importing Assets/Data/icons/512/upg_helmet.png using Guid(67d7ad149f69c5a489af2c3fe3d5d6d1) Importer(815301076,1909f56bfc062723c751e8b465ee728b)  -> (artifact id: 'dfc9774942590957f6b5bda42fbfe6da') in 1.424634 seconds
  Import took 1.445604 seconds .

========================================================================
Received Import Request.
  Time since last request: 0.000326 seconds.
  path: Assets/Data/icons/512/upg_shieldSmall.png
  artifactKey: Guid(fedf185a7d22274409bf6bfe18811db0) Importer(815301076,1909f56bfc062723c751e8b465ee728b)
Start importing Assets/Data/icons/512/upg_shieldSmall.png using Guid(fedf185a7d22274409bf6bfe18811db0) Importer(815301076,1909f56bfc062723c751e8b465ee728b)  -> (artifact id: '9245f055c93388b3026a059d3b469338') in 0.341073 seconds
  Import took 0.351070 seconds .

========================================================================
Received Import Request.
  Time since last request: 0.000333 seconds.
  path: Assets/Data/icons/512/coin.png
  artifactKey: Guid(d256156b12dccc74282804e68e0282cd) Importer(815301076,1909f56bfc062723c751e8b465ee728b)
Start importing Assets/Data/icons/512/coin.png using Guid(d256156b12dccc74282804e68e0282cd) Importer(815301076,1909f56bfc062723c751e8b465ee728b)  -> (artifact id: '183fe625c302b7a5219ce1b43bddfe6c') in 0.321539 seconds
  Import took 0.331453 seconds .

========================================================================
Received Import Request.
  Time since last request: 0.000586 seconds.
  path: Assets/Data/icons/512/helmet.png
  artifactKey: Guid(8cefab1c4d453aa498f4e2a32c57b1e3) Importer(815301076,1909f56bfc062723c751e8b465ee728b)
Start importing Assets/Data/icons/512/helmet.png using Guid(8cefab1c4d453aa498f4e2a32c57b1e3) Importer(815301076,1909f56bfc062723c751e8b465ee728b)  -> (artifact id: '9bfa5997a83d97d6992815045b3824bb') in 1.262706 seconds
  Import took 1.270946 seconds .

========================================================================
Received Import Request.
  Time since last request: 0.000304 seconds.
  path: Assets/_TerrainAutoUpgrade/layer_Groundplants 1_DGroundplants 1_N2023054508611406.terrainlayer
  artifactKey: Guid(27f228bb81262b1468aa847b4e24c64d) Importer(815301076,1909f56bfc062723c751e8b465ee728b)
Start importing Assets/_TerrainAutoUpgrade/layer_Groundplants 1_DGroundplants 1_N2023054508611406.terrainlayer using Guid(27f228bb81262b1468aa847b4e24c64d) Importer(815301076,1909f56bfc062723c751e8b465ee728b)  -> (artifact id: '4cb69dc2c8edcdc22b171b894aa8a2d8') in 0.431038 seconds
  Import took 0.441325 seconds .

========================================================================
Received Import Request.
  Time since last request: 0.000325 seconds.
  path: Assets/Data/icons/512/upg_shield.png
  artifactKey: Guid(2ebfb7001208cf041a14ca0070a8e059) Importer(815301076,1909f56bfc062723c751e8b465ee728b)
Start importing Assets/Data/icons/512/upg_shield.png using Guid(2ebfb7001208cf041a14ca0070a8e059) Importer(815301076,1909f56bfc062723c751e8b465ee728b)  -> (artifact id: 'b23814d16ae14d0468fe135a131d39d7') in 0.291507 seconds
  Import took 0.301141 seconds .

========================================================================
Received Import Request.
  Time since last request: 0.000415 seconds.
  path: Assets/Data/icons/512/upg_spear.png
  artifactKey: Guid(70c684742326a94468401f52b1cae2b0) Importer(815301076,1909f56bfc062723c751e8b465ee728b)
Start importing Assets/Data/icons/512/upg_spear.png using Guid(70c684742326a94468401f52b1cae2b0) Importer(815301076,1909f56bfc062723c751e8b465ee728b)  -> (artifact id: '6ebb4460a8bc227d7b0185cf01a1f578') in 1.324627 seconds
  Import took 1.333588 seconds .

========================================================================
Received Import Request.
  Time since last request: 0.000336 seconds.
  path: Assets/Data/icons/512/scroll.png
  artifactKey: Guid(c83cf0a059fa3b045ab0b6fc9f389066) Importer(815301076,1909f56bfc062723c751e8b465ee728b)
Start importing Assets/Data/icons/512/scroll.png using Guid(c83cf0a059fa3b045ab0b6fc9f389066) Importer(815301076,1909f56bfc062723c751e8b465ee728b)  -> (artifact id: '445bd25519babda594f48dc013c9fb94') in 0.331143 seconds
  Import took 0.355134 seconds .

========================================================================
Received Import Request.
  Time since last request: 0.000322 seconds.
  path: Assets/Data/icons/512/dagger.png
  artifactKey: Guid(1e99aa0bae6788a48a30b0bbde8a1165) Importer(815301076,1909f56bfc062723c751e8b465ee728b)
Start importing Assets/Data/icons/512/dagger.png using Guid(1e99aa0bae6788a48a30b0bbde8a1165) Importer(815301076,1909f56bfc062723c751e8b465ee728b)  -> (artifact id: '8c03bf7db3bdaf9762fa2b225fb00142') in 0.256543 seconds
  Import took 0.266065 seconds .

========================================================================
Received Import Request.
  Time since last request: 0.000286 seconds.
  path: Assets/Data/icons/512/upg_bow.png
  artifactKey: Guid(53dd26389e6194f4eb1a0aa2323130c9) Importer(815301076,1909f56bfc062723c751e8b465ee728b)
Start importing Assets/Data/icons/512/upg_bow.png using Guid(53dd26389e6194f4eb1a0aa2323130c9) Importer(815301076,1909f56bfc062723c751e8b465ee728b)  -> (artifact id: 'f61462d2aa904e7de7a11dea5d4ae4c8') in 1.257257 seconds
  Import took 1.270097 seconds .

========================================================================
Received Import Request.
  Time since last request: 0.000311 seconds.
  path: Assets/Data/icons/512/upg_wand.png
  artifactKey: Guid(0a6eb70af03b3fb4a86c1b14d53b59da) Importer(815301076,1909f56bfc062723c751e8b465ee728b)
Start importing Assets/Data/icons/512/upg_wand.png using Guid(0a6eb70af03b3fb4a86c1b14d53b59da) Importer(815301076,1909f56bfc062723c751e8b465ee728b)  -> (artifact id: '276b3b9d3fac1432633fc72a10b517c2') in 0.288860 seconds
  Import took 0.329201 seconds .

========================================================================
Received Import Request.
  Time since last request: 0.000486 seconds.
  path: Assets/Data/icons/512/tools.png
  artifactKey: Guid(1dde93cce22d83f47b36ffd449201514) Importer(815301076,1909f56bfc062723c751e8b465ee728b)
Start importing Assets/Data/icons/512/tools.png using Guid(1dde93cce22d83f47b36ffd449201514) Importer(815301076,1909f56bfc062723c751e8b465ee728b)  -> (artifact id: '898ec1b1f3903e9c127c8ddcdbf30675') in 0.299743 seconds
  Import took 0.318504 seconds .

========================================================================
Received Import Request.
  Time since last request: 0.000337 seconds.
  path: Assets/Data/icons/512/upg_sword.png
  artifactKey: Guid(a5eeb58ec628e5f498510d731f2574a1) Importer(815301076,1909f56bfc062723c751e8b465ee728b)
Start importing Assets/Data/icons/512/upg_sword.png using Guid(a5eeb58ec628e5f498510d731f2574a1) Importer(815301076,1909f56bfc062723c751e8b465ee728b)  -> (artifact id: '9e783e175857a1cfe1b32c7b43f3fe37') in 1.226564 seconds
  Import took 1.241066 seconds .

========================================================================
Received Prepare
Registering precompiled user dll's ...
Registered in 0.018916 seconds.
Begin MonoManager ReloadAssembly
Native extension for WindowsStandalone target not found
Refreshing native plugins compatible for Editor in 1.72 ms, found 0 plugins.
Preloading 0 native plugins for Editor in 0.00 ms.
Invoked RoslynAnalysisRunner static constructor.
RoslynAnalysisRunner will not be running.
RoslynAnalysisRunner has terminated.
Mono: successfully reloaded assembly
- Completed reload, in 15.545 seconds
Platform modules already initialized, skipping
Refreshing native plugins compatible for Editor in 19.31 ms, found 0 plugins.
Preloading 0 native plugins for Editor in 0.00 ms.
Unloading 1407 Unused Serialized files (Serialized files now loaded: 0)
System memory in use before: 111.6 MB.
System memory in use after: 111.5 MB.

Unloading 8 unused Assets to reduce memory usage. Loaded Objects now: 2000.
Total: 36.901700 ms (FindLiveObjects: 19.460200 ms CreateObjectMapping: 0.417300 ms MarkObjects: 16.137600 ms  DeleteObjects: 0.881500 ms)

========================================================================
Received Prepare
Registering precompiled user dll's ...
Registered in 0.021618 seconds.
Begin MonoManager ReloadAssembly
Native extension for WindowsStandalone target not found
Refreshing native plugins compatible for Editor in 1.06 ms, found 0 plugins.
Preloading 0 native plugins for Editor in 0.00 ms.
Invoked RoslynAnalysisRunner static constructor.
RoslynAnalysisRunner will not be running.
RoslynAnalysisRunner has terminated.
Mono: successfully reloaded assembly
- Completed reload, in 30.304 seconds
Platform modules already initialized, skipping
Refreshing native plugins compatible for Editor in 12.61 ms, found 0 plugins.
Preloading 0 native plugins for Editor in 0.00 ms.
Unloading 1406 Unused Serialized files (Serialized files now loaded: 0)
System memory in use before: 111.5 MB.
System memory in use after: 111.4 MB.

Unloading 8 unused Assets to reduce memory usage. Loaded Objects now: 2002.
Total: 7.772900 ms (FindLiveObjects: 0.687500 ms CreateObjectMapping: 0.156500 ms MarkObjects: 6.259400 ms  DeleteObjects: 0.664400 ms)

========================================================================
Received Import Request.
  Time since last request: 213.373611 seconds.
  path: Assets/Data/icons/64/armor.png
  artifactKey: Guid(1cd4875ae1a8f024384c8955dc5ef537) Importer(815301076,1909f56bfc062723c751e8b465ee728b)
Start importing Assets/Data/icons/64/armor.png using Guid(1cd4875ae1a8f024384c8955dc5ef537) Importer(815301076,1909f56bfc062723c751e8b465ee728b)  -> (artifact id: '8b54da825445fe5287ddeea9d8f99cc1') in 37.280684 seconds
  Import took 37.464150 seconds .

========================================================================
Received Import Request.
  Time since last request: 0.000328 seconds.
  path: Assets/Data/icons/64/gemRed.png
  artifactKey: Guid(6caf259bda861a048a9a41bbd441bd2c) Importer(815301076,1909f56bfc062723c751e8b465ee728b)
Start importing Assets/Data/icons/64/gemRed.png using Guid(6caf259bda861a048a9a41bbd441bd2c) Importer(815301076,1909f56bfc062723c751e8b465ee728b)  -> (artifact id: '3ab730a1166c5038ca1e4e03434362a9') in 2.764376 seconds
  Import took 2.825988 seconds .

========================================================================
Received Import Request.
  Time since last request: 0.000384 seconds.
  path: Assets/Data/icons/128/axeDouble.png
  artifactKey: Guid(546a7ffee9c2752439531c8885d2b4f5) Importer(815301076,1909f56bfc062723c751e8b465ee728b)
Start importing Assets/Data/icons/128/axeDouble.png using Guid(546a7ffee9c2752439531c8885d2b4f5) Importer(815301076,1909f56bfc062723c751e8b465ee728b)  -> (artifact id: '4dd40394fbda25d25d7bb4b5b47dbfa2') in 0.339321 seconds
  Import took 0.488330 seconds .

========================================================================
Received Import Request.
  Time since last request: 0.000326 seconds.
  path: Assets/Data/icons/128/armor.png
  artifactKey: Guid(b89c350e74319c941be8238dd7e441c2) Importer(815301076,1909f56bfc062723c751e8b465ee728b)
Start importing Assets/Data/icons/128/armor.png using Guid(b89c350e74319c941be8238dd7e441c2) Importer(815301076,1909f56bfc062723c751e8b465ee728b)  -> (artifact id: 'f1cca92a10420a66930e7aac4bdb29b0') in 1.153026 seconds
  Import took 1.252770 seconds .

========================================================================
Received Import Request.
  Time since last request: 0.000451 seconds.
  path: Assets/Data/icons/128/gemGreen.png
  artifactKey: Guid(3aee2108fb5a43943a1c6d684591bfe8) Importer(815301076,1909f56bfc062723c751e8b465ee728b)
Start importing Assets/Data/icons/128/gemGreen.png using Guid(3aee2108fb5a43943a1c6d684591bfe8) Importer(815301076,1909f56bfc062723c751e8b465ee728b)  -> (artifact id: '1bc7dde6872934251a8673d41809acf5') in 0.349835 seconds
  Import took 0.613446 seconds .

========================================================================
Received Import Request.
  Time since last request: 0.000296 seconds.
  path: Assets/Data/icons/64/axeDouble.png
  artifactKey: Guid(52b9625f912413c4ca8c745b4bc6d79b) Importer(815301076,1909f56bfc062723c751e8b465ee728b)
Start importing Assets/Data/icons/64/axeDouble.png using Guid(52b9625f912413c4ca8c745b4bc6d79b) Importer(815301076,1909f56bfc062723c751e8b465ee728b)  -> (artifact id: 'd325d0675e3d2b05af4ca2183fc28352') in 0.931566 seconds
  Import took 0.959411 seconds .

========================================================================
Received Import Request.
  Time since last request: 0.000331 seconds.
  path: Assets/Data/icons/128/envelope.png
  artifactKey: Guid(e2a37be08584cb94cb429d2eee812420) Importer(815301076,1909f56bfc062723c751e8b465ee728b)
Start importing Assets/Data/icons/128/envelope.png using Guid(e2a37be08584cb94cb429d2eee812420) Importer(815301076,1909f56bfc062723c751e8b465ee728b)  -> (artifact id: 'f43e966c7498d84e58d510469a751989') in 0.258775 seconds
  Import took 0.301881 seconds .

========================================================================
Received Import Request.
  Time since last request: 0.000365 seconds.
  path: Assets/GameAssets/InfiniAssets/RPG Sword Shield Icon Pack FREE/Shield/9.png
  artifactKey: Guid(7f823ee14e9a64ab3b0dadb76f594544) Importer(815301076,1909f56bfc062723c751e8b465ee728b)
Start importing Assets/GameAssets/InfiniAssets/RPG Sword Shield Icon Pack FREE/Shield/9.png using Guid(7f823ee14e9a64ab3b0dadb76f594544) Importer(815301076,1909f56bfc062723c751e8b465ee728b)  -> (artifact id: 'a4f9d5c65b72c7b2ba1c8c7af8ccea22') in 0.325478 seconds
  Import took 0.355599 seconds .

========================================================================
Received Import Request.
  Time since last request: 0.000326 seconds.
  path: Assets/GameAssets/InfiniAssets/RPG Sword Shield Icon Pack FREE/Swords/9.png
  artifactKey: Guid(b438c02c9a9db4c0eacdb6c48966e1c0) Importer(815301076,1909f56bfc062723c751e8b465ee728b)
Start importing Assets/GameAssets/InfiniAssets/RPG Sword Shield Icon Pack FREE/Swords/9.png using Guid(b438c02c9a9db4c0eacdb6c48966e1c0) Importer(815301076,1909f56bfc062723c751e8b465ee728b)  -> (artifact id: 'f840f0781abb50588af62756a1d9aca5') in 1.022372 seconds
  Import took 1.113318 seconds .

========================================================================
Received Import Request.
  Time since last request: 0.000328 seconds.
  path: Assets/Data/icons/128/bow.png
  artifactKey: Guid(b5fc87783430b844c9bef64f0c86d5ae) Importer(815301076,1909f56bfc062723c751e8b465ee728b)
Start importing Assets/Data/icons/128/bow.png using Guid(b5fc87783430b844c9bef64f0c86d5ae) Importer(815301076,1909f56bfc062723c751e8b465ee728b)  -> (artifact id: 'ac80bd5b3cd1b381501cf220875239ad') in 0.361417 seconds
  Import took 0.625834 seconds .

========================================================================
Received Import Request.
  Time since last request: 0.000367 seconds.
  path: Assets/Data/icons/128/dagger.png
  artifactKey: Guid(f0e430cdab2ce4441ad1590315584504) Importer(815301076,1909f56bfc062723c751e8b465ee728b)
Start importing Assets/Data/icons/128/dagger.png using Guid(f0e430cdab2ce4441ad1590315584504) Importer(815301076,1909f56bfc062723c751e8b465ee728b)  -> (artifact id: '5fc1747b40881ba26142b568bb63e8b4') in 0.909849 seconds
  Import took 0.962559 seconds .

========================================================================
Received Import Request.
  Time since last request: 0.000322 seconds.
  path: Assets/Data/icons/64/dagger.png
  artifactKey: Guid(da44c3777c9584c4da56b6eb080a6f5b) Importer(815301076,1909f56bfc062723c751e8b465ee728b)
Start importing Assets/Data/icons/64/dagger.png using Guid(da44c3777c9584c4da56b6eb080a6f5b) Importer(815301076,1909f56bfc062723c751e8b465ee728b)  -> (artifact id: '8db9c395dc4c5c6e16d1a01efe754af8') in 0.288045 seconds
  Import took 0.334521 seconds .

========================================================================
Received Import Request.
  Time since last request: 0.000317 seconds.
  path: Assets/Data/icons/64/axeDouble2.png
  artifactKey: Guid(c48d565d4758220429cf8bf4c4d18646) Importer(815301076,1909f56bfc062723c751e8b465ee728b)
Start importing Assets/Data/icons/64/axeDouble2.png using Guid(c48d565d4758220429cf8bf4c4d18646) Importer(815301076,1909f56bfc062723c751e8b465ee728b)  -> (artifact id: '2ef485c63dc58fe38af259f562b3cb31') in 0.262542 seconds
  Import took 0.334367 seconds .

========================================================================
Received Import Request.
  Time since last request: 0.000326 seconds.
  path: Assets/Data/icons/64/axe.png
  artifactKey: Guid(c1194636b7554b949a47a89c214b9837) Importer(815301076,1909f56bfc062723c751e8b465ee728b)
Start importing Assets/Data/icons/64/axe.png using Guid(c1194636b7554b949a47a89c214b9837) Importer(815301076,1909f56bfc062723c751e8b465ee728b)  -> (artifact id: '4c7ca2eb8ff31d124423a2599321811b') in 0.946869 seconds
  Import took 0.954664 seconds .

========================================================================
Received Prepare
Registering precompiled user dll's ...
Registered in 0.017784 seconds.
Begin MonoManager ReloadAssembly
Native extension for WindowsStandalone target not found
Refreshing native plugins compatible for Editor in 1.07 ms, found 0 plugins.
Preloading 0 native plugins for Editor in 0.00 ms.
Invoked RoslynAnalysisRunner static constructor.
RoslynAnalysisRunner will not be running.
RoslynAnalysisRunner has terminated.
Mono: successfully reloaded assembly
- Completed reload, in 22.333 seconds
Platform modules already initialized, skipping
Refreshing native plugins compatible for Editor in 1.22 ms, found 0 plugins.
Preloading 0 native plugins for Editor in 0.00 ms.
Unloading 1406 Unused Serialized files (Serialized files now loaded: 0)
System memory in use before: 111.5 MB.
System memory in use after: 111.5 MB.

Unloading 8 unused Assets to reduce memory usage. Loaded Objects now: 2007.
Total: 88.461100 ms (FindLiveObjects: 0.669500 ms CreateObjectMapping: 0.152500 ms MarkObjects: 86.833800 ms  DeleteObjects: 0.798900 ms)

========================================================================
Received Prepare
Registering precompiled user dll's ...
Registered in 0.004417 seconds.
Begin MonoManager ReloadAssembly
Native extension for WindowsStandalone target not found
Refreshing native plugins compatible for Editor in 2.20 ms, found 0 plugins.
Preloading 0 native plugins for Editor in 0.00 ms.
Invoked RoslynAnalysisRunner static constructor.
RoslynAnalysisRunner will not be running.
RoslynAnalysisRunner has terminated.
Mono: successfully reloaded assembly
- Completed reload, in 31.716 seconds
Platform modules already initialized, skipping
Refreshing native plugins compatible for Editor in 1.15 ms, found 0 plugins.
Preloading 0 native plugins for Editor in 0.00 ms.
Unloading 1406 Unused Serialized files (Serialized files now loaded: 0)
System memory in use before: 111.5 MB.
System memory in use after: 111.5 MB.

Unloading 8 unused Assets to reduce memory usage. Loaded Objects now: 2009.
Total: 9.040800 ms (FindLiveObjects: 0.823400 ms CreateObjectMapping: 0.146500 ms MarkObjects: 7.460900 ms  DeleteObjects: 0.603300 ms)

========================================================================
Received Prepare
Registering precompiled user dll's ...
Registered in 0.004072 seconds.
Begin MonoManager ReloadAssembly
Native extension for WindowsStandalone target not found
Refreshing native plugins compatible for Editor in 2.67 ms, found 0 plugins.
Preloading 0 native plugins for Editor in 0.00 ms.
Invoked RoslynAnalysisRunner static constructor.
RoslynAnalysisRunner will not be running.
RoslynAnalysisRunner has terminated.
Mono: successfully reloaded assembly
- Completed reload, in 24.528 seconds
Platform modules already initialized, skipping
Refreshing native plugins compatible for Editor in 2.06 ms, found 0 plugins.
Preloading 0 native plugins for Editor in 0.00 ms.
Unloading 1406 Unused Serialized files (Serialized files now loaded: 0)
System memory in use before: 111.5 MB.
System memory in use after: 111.5 MB.

Unloading 8 unused Assets to reduce memory usage. Loaded Objects now: 2011.
Total: 10.638700 ms (FindLiveObjects: 0.710600 ms CreateObjectMapping: 1.817200 ms MarkObjects: 7.456800 ms  DeleteObjects: 0.649300 ms)

========================================================================
Received Prepare
Registering precompiled user dll's ...
Registered in 0.003127 seconds.
Begin MonoManager ReloadAssembly
Native extension for WindowsStandalone target not found
Refreshing native plugins compatible for Editor in 1.15 ms, found 0 plugins.
Preloading 0 native plugins for Editor in 0.00 ms.
Invoked RoslynAnalysisRunner static constructor.
RoslynAnalysisRunner will not be running.
RoslynAnalysisRunner has terminated.
Mono: successfully reloaded assembly
- Completed reload, in 14.500 seconds
Platform modules already initialized, skipping
Refreshing native plugins compatible for Editor in 1.03 ms, found 0 plugins.
Preloading 0 native plugins for Editor in 0.00 ms.
Unloading 1406 Unused Serialized files (Serialized files now loaded: 0)
System memory in use before: 111.5 MB.
System memory in use after: 111.5 MB.

Unloading 8 unused Assets to reduce memory usage. Loaded Objects now: 2013.
Total: 24.418000 ms (FindLiveObjects: 1.146900 ms CreateObjectMapping: 0.327100 ms MarkObjects: 21.042800 ms  DeleteObjects: 1.894700 ms)

========================================================================
Received Prepare
Registering precompiled user dll's ...
Registered in 0.004732 seconds.
Begin MonoManager ReloadAssembly
Native extension for WindowsStandalone target not found
Refreshing native plugins compatible for Editor in 1.04 ms, found 0 plugins.
Preloading 0 native plugins for Editor in 0.00 ms.
Invoked RoslynAnalysisRunner static constructor.
RoslynAnalysisRunner will not be running.
RoslynAnalysisRunner has terminated.
Mono: successfully reloaded assembly
- Completed reload, in  5.627 seconds
Platform modules already initialized, skipping
Refreshing native plugins compatible for Editor in 1.10 ms, found 0 plugins.
Preloading 0 native plugins for Editor in 0.00 ms.
Unloading 1406 Unused Serialized files (Serialized files now loaded: 0)
System memory in use before: 111.5 MB.
System memory in use after: 111.5 MB.

Unloading 8 unused Assets to reduce memory usage. Loaded Objects now: 2015.
Total: 10.077900 ms (FindLiveObjects: 0.644400 ms CreateObjectMapping: 0.142100 ms MarkObjects: 8.585500 ms  DeleteObjects: 0.699900 ms)

========================================================================
Received Prepare
Registering precompiled user dll's ...
Registered in 0.005365 seconds.
Begin MonoManager ReloadAssembly
Native extension for WindowsStandalone target not found
Refreshing native plugins compatible for Editor in 1.04 ms, found 0 plugins.
Preloading 0 native plugins for Editor in 0.00 ms.
Invoked RoslynAnalysisRunner static constructor.
RoslynAnalysisRunner will not be running.
RoslynAnalysisRunner has terminated.
Mono: successfully reloaded assembly
- Completed reload, in  7.643 seconds
Platform modules already initialized, skipping
Refreshing native plugins compatible for Editor in 1.11 ms, found 0 plugins.
Preloading 0 native plugins for Editor in 0.00 ms.
Unloading 1406 Unused Serialized files (Serialized files now loaded: 0)
System memory in use before: 111.5 MB.
System memory in use after: 111.5 MB.

Unloading 8 unused Assets to reduce memory usage. Loaded Objects now: 2017.
Total: 7.653400 ms (FindLiveObjects: 0.634000 ms CreateObjectMapping: 0.156900 ms MarkObjects: 6.214600 ms  DeleteObjects: 0.642800 ms)

========================================================================
Received Prepare
Registering precompiled user dll's ...
Registered in 0.003278 seconds.
Begin MonoManager ReloadAssembly
Native extension for WindowsStandalone target not found
Refreshing native plugins compatible for Editor in 1.49 ms, found 0 plugins.
Preloading 0 native plugins for Editor in 0.00 ms.
Invoked RoslynAnalysisRunner static constructor.
RoslynAnalysisRunner will not be running.
RoslynAnalysisRunner has terminated.
Mono: successfully reloaded assembly
- Completed reload, in  8.514 seconds
Platform modules already initialized, skipping
Refreshing native plugins compatible for Editor in 1.06 ms, found 0 plugins.
Preloading 0 native plugins for Editor in 0.00 ms.
Unloading 1406 Unused Serialized files (Serialized files now loaded: 0)
System memory in use before: 111.5 MB.
System memory in use after: 111.5 MB.

Unloading 8 unused Assets to reduce memory usage. Loaded Objects now: 2019.
Total: 34.145700 ms (FindLiveObjects: 1.018700 ms CreateObjectMapping: 0.229200 ms MarkObjects: 32.258300 ms  DeleteObjects: 0.634100 ms)

========================================================================
Received Prepare
Registering precompiled user dll's ...
Registered in 0.002934 seconds.
Begin MonoManager ReloadAssembly
Native extension for WindowsStandalone target not found
Refreshing native plugins compatible for Editor in 1.21 ms, found 0 plugins.
Preloading 0 native plugins for Editor in 0.00 ms.
Invoked RoslynAnalysisRunner static constructor.
RoslynAnalysisRunner will not be running.
RoslynAnalysisRunner has terminated.
Mono: successfully reloaded assembly
- Completed reload, in 32.180 seconds
Platform modules already initialized, skipping
Refreshing native plugins compatible for Editor in 1.06 ms, found 0 plugins.
Preloading 0 native plugins for Editor in 0.00 ms.
Unloading 1406 Unused Serialized files (Serialized files now loaded: 0)
System memory in use before: 111.5 MB.
System memory in use after: 111.5 MB.

Unloading 8 unused Assets to reduce memory usage. Loaded Objects now: 2021.
Total: 10.185400 ms (FindLiveObjects: 0.653100 ms CreateObjectMapping: 0.144800 ms MarkObjects: 8.714300 ms  DeleteObjects: 0.666900 ms)

========================================================================
Received Prepare
Registering precompiled user dll's ...
Registered in 0.005190 seconds.
Begin MonoManager ReloadAssembly
Native extension for WindowsStandalone target not found
Refreshing native plugins compatible for Editor in 1.07 ms, found 0 plugins.
Preloading 0 native plugins for Editor in 0.00 ms.
Invoked RoslynAnalysisRunner static constructor.
RoslynAnalysisRunner will not be running.
RoslynAnalysisRunner has terminated.
Mono: successfully reloaded assembly
- Completed reload, in 13.974 seconds
Platform modules already initialized, skipping
Refreshing native plugins compatible for Editor in 2.02 ms, found 0 plugins.
Preloading 0 native plugins for Editor in 0.00 ms.
Unloading 1406 Unused Serialized files (Serialized files now loaded: 0)
System memory in use before: 111.5 MB.
System memory in use after: 111.5 MB.

Unloading 8 unused Assets to reduce memory usage. Loaded Objects now: 2023.
Total: 7.717700 ms (FindLiveObjects: 0.648200 ms CreateObjectMapping: 0.146600 ms MarkObjects: 5.949800 ms  DeleteObjects: 0.967300 ms)

========================================================================
Received Prepare
Registering precompiled user dll's ...
Registered in 0.002963 seconds.
Begin MonoManager ReloadAssembly
Native extension for WindowsStandalone target not found
Refreshing native plugins compatible for Editor in 21.16 ms, found 0 plugins.
Preloading 0 native plugins for Editor in 0.00 ms.
Invoked RoslynAnalysisRunner static constructor.
RoslynAnalysisRunner will not be running.
RoslynAnalysisRunner has terminated.
Mono: successfully reloaded assembly
- Completed reload, in  8.419 seconds
Platform modules already initialized, skipping
Refreshing native plugins compatible for Editor in 12.08 ms, found 0 plugins.
Preloading 0 native plugins for Editor in 0.00 ms.
Unloading 1406 Unused Serialized files (Serialized files now loaded: 0)
System memory in use before: 111.5 MB.
System memory in use after: 111.5 MB.

Unloading 8 unused Assets to reduce memory usage. Loaded Objects now: 2025.
Total: 11.648500 ms (FindLiveObjects: 0.909000 ms CreateObjectMapping: 0.240600 ms MarkObjects: 8.134800 ms  DeleteObjects: 2.358400 ms)

========================================================================
Received Prepare
Registering precompiled user dll's ...
Registered in 0.004428 seconds.
Begin MonoManager ReloadAssembly
Native extension for WindowsStandalone target not found
Refreshing native plugins compatible for Editor in 1.27 ms, found 0 plugins.
Preloading 0 native plugins for Editor in 0.00 ms.
Invoked RoslynAnalysisRunner static constructor.
RoslynAnalysisRunner will not be running.
RoslynAnalysisRunner has terminated.
Mono: successfully reloaded assembly
- Completed reload, in 18.441 seconds
Platform modules already initialized, skipping
Refreshing native plugins compatible for Editor in 1.41 ms, found 0 plugins.
Preloading 0 native plugins for Editor in 0.00 ms.
Unloading 1406 Unused Serialized files (Serialized files now loaded: 0)
System memory in use before: 111.6 MB.
System memory in use after: 111.5 MB.

Unloading 8 unused Assets to reduce memory usage. Loaded Objects now: 2027.
Total: 15.779500 ms (FindLiveObjects: 4.376100 ms CreateObjectMapping: 0.475500 ms MarkObjects: 10.283200 ms  DeleteObjects: 0.639100 ms)

========================================================================
Received Prepare
Registering precompiled user dll's ...
Registered in 0.958905 seconds.
Begin MonoManager ReloadAssembly
Native extension for WindowsStandalone target not found
Refreshing native plugins compatible for Editor in 1.20 ms, found 0 plugins.
Preloading 0 native plugins for Editor in 0.00 ms.
Invoked RoslynAnalysisRunner static constructor.
RoslynAnalysisRunner will not be running.
RoslynAnalysisRunner has terminated.
Mono: successfully reloaded assembly
- Completed reload, in 10.973 seconds
Platform modules already initialized, skipping
Refreshing native plugins compatible for Editor in 1.12 ms, found 0 plugins.
Preloading 0 native plugins for Editor in 0.00 ms.
Unloading 1406 Unused Serialized files (Serialized files now loaded: 0)
System memory in use before: 111.6 MB.
System memory in use after: 111.5 MB.

Unloading 8 unused Assets to reduce memory usage. Loaded Objects now: 2029.
Total: 148.938400 ms (FindLiveObjects: 132.801000 ms CreateObjectMapping: 0.345700 ms MarkObjects: 10.389200 ms  DeleteObjects: 5.397000 ms)

========================================================================
Received Prepare
Registering precompiled user dll's ...
Registered in 0.003900 seconds.
Begin MonoManager ReloadAssembly
Native extension for WindowsStandalone target not found
Refreshing native plugins compatible for Editor in 2.16 ms, found 0 plugins.
Preloading 0 native plugins for Editor in 0.00 ms.
Invoked RoslynAnalysisRunner static constructor.
RoslynAnalysisRunner will not be running.
RoslynAnalysisRunner has terminated.
Mono: successfully reloaded assembly
- Completed reload, in 47.978 seconds
Platform modules already initialized, skipping
Refreshing native plugins compatible for Editor in 1.04 ms, found 0 plugins.
Preloading 0 native plugins for Editor in 0.00 ms.
Unloading 1406 Unused Serialized files (Serialized files now loaded: 0)
System memory in use before: 111.6 MB.
System memory in use after: 111.5 MB.

Unloading 8 unused Assets to reduce memory usage. Loaded Objects now: 2031.
Total: 7.269900 ms (FindLiveObjects: 0.721400 ms CreateObjectMapping: 0.168000 ms MarkObjects: 5.752900 ms  DeleteObjects: 0.622200 ms)

========================================================================
Received Prepare
Registering precompiled user dll's ...
Registered in 0.002994 seconds.
Begin MonoManager ReloadAssembly
Native extension for WindowsStandalone target not found
Refreshing native plugins compatible for Editor in 1.07 ms, found 0 plugins.
Preloading 0 native plugins for Editor in 0.00 ms.
Invoked RoslynAnalysisRunner static constructor.
RoslynAnalysisRunner will not be running.
RoslynAnalysisRunner has terminated.
Mono: successfully reloaded assembly
- Completed reload, in 15.345 seconds
Platform modules already initialized, skipping
Refreshing native plugins compatible for Editor in 1.09 ms, found 0 plugins.
Preloading 0 native plugins for Editor in 0.00 ms.
Unloading 1406 Unused Serialized files (Serialized files now loaded: 0)
System memory in use before: 111.6 MB.
System memory in use after: 111.5 MB.

Unloading 8 unused Assets to reduce memory usage. Loaded Objects now: 2033.
Total: 8.208500 ms (FindLiveObjects: 0.711400 ms CreateObjectMapping: 0.166400 ms MarkObjects: 6.708700 ms  DeleteObjects: 0.616200 ms)

========================================================================
Received Import Request.
  Time since last request: 2856.672955 seconds.
  path: Assets/Data/Items/ObjectsForAdditionalScene/Consumables/HealthPotion.asset
  artifactKey: Guid(db7e5a0a5a98bde41b8a5f9fd1de5798) Importer(815301076,1909f56bfc062723c751e8b465ee728b)
Start importing Assets/Data/Items/ObjectsForAdditionalScene/Consumables/HealthPotion.asset using Guid(db7e5a0a5a98bde41b8a5f9fd1de5798) Importer(815301076,1909f56bfc062723c751e8b465ee728b)  -> (artifact id: '2a6fbdbf6d067f3c9746ac53fedecec4') in 8.086561 seconds
  Import took 8.507418 seconds .

