Using pre-set license
Built from '2020.2/release' branch; Version is '2020.2.0f1 (3721df5a8b28) revision 3613151'; Using compiler version '192528614'; Build Type 'Release'
OS: 'Windows 10  (10.0.0) 64bit' Language: 'en' Physical Memory: 3930 MB
BatchMode: 1, IsHumanControllingUs: 0, StartBugReporterOnCrash: 0, Is64bit: 1, IsPro: 0

 COMMAND LINE ARGUMENTS:
D:\unity\2020.2.0f1\Editor\Unity.exe
-adb2
-batchMode
-noUpm
-name
AssetImportWorker174
-projectPath
D:/project/PortfolioProject_Demo
-logFile
Logs/AssetImportWorker174.log
-srvPort
50095
Successfully changed project path to: D:/project/PortfolioProject_Demo
D:/project/PortfolioProject_Demo
Using Asset Import Pipeline V2.
Refreshing native plugins compatible for Editor in 225.23 ms, found 0 plugins.
Preloading 0 native plugins for Editor in 0.00 ms.
Initialize engine version: 2020.2.0f1 (3721df5a8b28)
[Subsystems] Discovering subsystems at path D:/unity/2020.2.0f1/Editor/Data/Resources/UnitySubsystems
[Subsystems] Discovering subsystems at path D:/project/PortfolioProject_Demo/Assets
GfxDevice: creating device client; threaded=0
Direct3D:
    Version:  Direct3D 11.0 [level 11.1]
    Renderer: Intel(R) HD Graphics (ID=0x22b1)
    Vendor:   
    VRAM:     1965 MB
    Driver:   20.19.15.5070
Initialize mono
Mono path[0] = 'D:/unity/2020.2.0f1/Editor/Data/Managed'
Mono path[1] = 'D:/unity/2020.2.0f1/Editor/Data/MonoBleedingEdge/lib/mono/unityjit'
Mono config path = 'D:/unity/2020.2.0f1/Editor/Data/MonoBleedingEdge/etc'
Using monoOptions --debugger-agent=transport=dt_socket,embedding=1,server=y,suspend=n,address=127.0.0.1:56804
Begin MonoManager ReloadAssembly
Registering precompiled unity dll's ...
Register platform support module: D:/unity/2020.2.0f1/Editor/Data/PlaybackEngines/WindowsStandaloneSupport/UnityEditor.WindowsStandalone.Extensions.dll
Registered in 0.005492 seconds.
Native extension for WindowsStandalone target not found
Refreshing native plugins compatible for Editor in 234.40 ms, found 0 plugins.
Preloading 0 native plugins for Editor in 0.00 ms.
Invoked RoslynAnalysisRunner static constructor.
RoslynAnalysisRunner will not be running.
RoslynAnalysisRunner has terminated.
Mono: successfully reloaded assembly
- Completed reload, in  5.944 seconds
Platform modules already initialized, skipping
Registering precompiled user dll's ...
Registered in 0.003579 seconds.
Begin MonoManager ReloadAssembly
Native extension for WindowsStandalone target not found
Refreshing native plugins compatible for Editor in 196.86 ms, found 0 plugins.
Preloading 0 native plugins for Editor in 0.00 ms.
Invoked RoslynAnalysisRunner static constructor.
RoslynAnalysisRunner will not be running.
RoslynAnalysisRunner has terminated.
Mono: successfully reloaded assembly
- Completed reload, in  7.036 seconds
Platform modules already initialized, skipping
========================================================================
Worker process is ready to serve import requests
Launched and connected shader compiler UnityShaderCompiler.exe after 0.70 seconds
Refreshing native plugins compatible for Editor in 1.06 ms, found 0 plugins.
Preloading 0 native plugins for Editor in 0.00 ms.
Unloading 1461 Unused Serialized files (Serialized files now loaded: 0)
System memory in use before: 100.0 MB.
System memory in use after: 99.6 MB.

Unloading 24 unused Assets to reduce memory usage. Loaded Objects now: 1939.
Total: 10.496900 ms (FindLiveObjects: 1.630400 ms CreateObjectMapping: 0.310900 ms MarkObjects: 7.176200 ms  DeleteObjects: 1.373500 ms)

========================================================================
Received Import Request.
  path: Assets/GameAssets/Seven Swords/Swords/Prefabs with Colliders/Ulfberht w_ Colliders.prefab
  artifactKey: Guid(a45a25ec0193de54fbd3efca6e19755e) Importer(815301076,1909f56bfc062723c751e8b465ee728b)
Start importing Assets/GameAssets/Seven Swords/Swords/Prefabs with Colliders/Ulfberht w_ Colliders.prefab using Guid(a45a25ec0193de54fbd3efca6e19755e) Importer(815301076,1909f56bfc062723c751e8b465ee728b)  -> (artifact id: 'a3e895deaabb71d6f186fbe6510f5aab') in 9.141120 seconds
  Import took 9.153927 seconds .

========================================================================
Received Import Request.
  Time since last request: 0.002649 seconds.
  path: Assets/GameAssets/Seven Swords/Swords/Prefabs with Colliders/Katana w_ Colliders.prefab
  artifactKey: Guid(47377a9aa6b50294a865e21fe968af4d) Importer(815301076,1909f56bfc062723c751e8b465ee728b)
Start importing Assets/GameAssets/Seven Swords/Swords/Prefabs with Colliders/Katana w_ Colliders.prefab using Guid(47377a9aa6b50294a865e21fe968af4d) Importer(815301076,1909f56bfc062723c751e8b465ee728b)  -> (artifact id: '70d11642f471c6226b61acfda1294941') in 0.803692 seconds
  Import took 3.152095 seconds .

========================================================================
Received Import Request.
  Time since last request: 2.077084 seconds.
  path: Assets/GameAssets/Seven Swords/Swords/Prefabs with Colliders/Rapier w_ Colliders.prefab
  artifactKey: Guid(10329765d2451e540b1dae01df03c59c) Importer(815301076,1909f56bfc062723c751e8b465ee728b)
Start importing Assets/GameAssets/Seven Swords/Swords/Prefabs with Colliders/Rapier w_ Colliders.prefab using Guid(10329765d2451e540b1dae01df03c59c) Importer(815301076,1909f56bfc062723c751e8b465ee728b)  -> (artifact id: 'a001ed2e49c932b50901030ee0762e8e') in 0.827278 seconds
  Import took 0.837277 seconds .

========================================================================
Received Import Request.
  Time since last request: 0.000989 seconds.
  path: Assets/GameAssets/Seven Swords/Swords/Prefabs with Colliders/Longsword w_ Colliders.prefab
  artifactKey: Guid(6a0eedfe1b2e14d47b276e72159e85b1) Importer(815301076,1909f56bfc062723c751e8b465ee728b)
Start importing Assets/GameAssets/Seven Swords/Swords/Prefabs with Colliders/Longsword w_ Colliders.prefab using Guid(6a0eedfe1b2e14d47b276e72159e85b1) Importer(815301076,1909f56bfc062723c751e8b465ee728b)  -> (artifact id: '0c6ae462e7a03c91daf363a5f6227e78') in 0.748654 seconds
  Import took 2.837176 seconds .

========================================================================
Received Import Request.
  Time since last request: 0.000914 seconds.
  path: Assets/GameAssets/Seven Swords/Swords/Prefabs with Colliders/Scimitar w_ Colliders.prefab
  artifactKey: Guid(0af636dcf564eb140b31a01bf4b6a9fd) Importer(815301076,1909f56bfc062723c751e8b465ee728b)
Start importing Assets/GameAssets/Seven Swords/Swords/Prefabs with Colliders/Scimitar w_ Colliders.prefab using Guid(0af636dcf564eb140b31a01bf4b6a9fd) Importer(815301076,1909f56bfc062723c751e8b465ee728b)  -> (artifact id: '1b4c175ce2676a8949082f737dae20e0') in 2.798190 seconds
  Import took 2.907618 seconds .

========================================================================
Received Import Request.
  Time since last request: 0.000916 seconds.
  path: Assets/GameAssets/Seven Swords/Swords/Prefabs with Colliders/Sabre w_ Colliders.prefab
  artifactKey: Guid(b9432b6a4a78c64449366f08c7196deb) Importer(815301076,1909f56bfc062723c751e8b465ee728b)
Start importing Assets/GameAssets/Seven Swords/Swords/Prefabs with Colliders/Sabre w_ Colliders.prefab using Guid(b9432b6a4a78c64449366f08c7196deb) Importer(815301076,1909f56bfc062723c751e8b465ee728b)  -> (artifact id: 'ca671775445edd7868ddc01eb729edc3') in 2.975178 seconds
  Import took 5.114929 seconds .

========================================================================
Received Import Request.
  Time since last request: 0.022482 seconds.
  path: Assets/GameAssets/Seven Swords/Swords/Prefabs with Colliders/Broadsword w_ Colliders.prefab
  artifactKey: Guid(d096c2dbc4ba8b344a7752253f0049ad) Importer(815301076,1909f56bfc062723c751e8b465ee728b)
Start importing Assets/GameAssets/Seven Swords/Swords/Prefabs with Colliders/Broadsword w_ Colliders.prefab using Guid(d096c2dbc4ba8b344a7752253f0049ad) Importer(815301076,1909f56bfc062723c751e8b465ee728b)  -> (artifact id: '7fcb58cf821ce7596379cfa79efcb9d3') in 2.816152 seconds
  Import took 2.974339 seconds .

========================================================================
Received Prepare
Registering precompiled user dll's ...
Registered in 0.018736 seconds.
Begin MonoManager ReloadAssembly
Native extension for WindowsStandalone target not found
Refreshing native plugins compatible for Editor in 2.36 ms, found 0 plugins.
Preloading 0 native plugins for Editor in 0.00 ms.
Invoked RoslynAnalysisRunner static constructor.
RoslynAnalysisRunner will not be running.
RoslynAnalysisRunner has terminated.
Mono: successfully reloaded assembly
- Completed reload, in 41.102 seconds
Platform modules already initialized, skipping
Refreshing native plugins compatible for Editor in 1.37 ms, found 0 plugins.
Preloading 0 native plugins for Editor in 0.00 ms.
Unloading 1413 Unused Serialized files (Serialized files now loaded: 0)
System memory in use before: 100.9 MB.
System memory in use after: 100.5 MB.

Unloading 9 unused Assets to reduce memory usage. Loaded Objects now: 1948.
Total: 129.559000 ms (FindLiveObjects: 2.281700 ms CreateObjectMapping: 0.183000 ms MarkObjects: 125.640300 ms  DeleteObjects: 1.445400 ms)

========================================================================
Received Prepare
Registering precompiled user dll's ...
Registered in 0.006518 seconds.
Begin MonoManager ReloadAssembly
Native extension for WindowsStandalone target not found
Refreshing native plugins compatible for Editor in 1.17 ms, found 0 plugins.
Preloading 0 native plugins for Editor in 0.00 ms.
Invoked RoslynAnalysisRunner static constructor.
RoslynAnalysisRunner will not be running.
RoslynAnalysisRunner has terminated.
Mono: successfully reloaded assembly
- Completed reload, in 24.957 seconds
Platform modules already initialized, skipping
Refreshing native plugins compatible for Editor in 1.15 ms, found 0 plugins.
Preloading 0 native plugins for Editor in 0.00 ms.
Unloading 1413 Unused Serialized files (Serialized files now loaded: 0)
System memory in use before: 100.9 MB.
System memory in use after: 100.5 MB.

Unloading 9 unused Assets to reduce memory usage. Loaded Objects now: 1950.
Total: 51.570500 ms (FindLiveObjects: 0.657600 ms CreateObjectMapping: 0.153100 ms MarkObjects: 49.024500 ms  DeleteObjects: 1.730000 ms)

========================================================================
Received Prepare
Registering precompiled user dll's ...
Registered in 0.002758 seconds.
Begin MonoManager ReloadAssembly
Native extension for WindowsStandalone target not found
Refreshing native plugins compatible for Editor in 11.74 ms, found 0 plugins.
Preloading 0 native plugins for Editor in 0.00 ms.
Invoked RoslynAnalysisRunner static constructor.
RoslynAnalysisRunner will not be running.
RoslynAnalysisRunner has terminated.
Mono: successfully reloaded assembly
- Completed reload, in 87.019 seconds
Platform modules already initialized, skipping
Refreshing native plugins compatible for Editor in 1.06 ms, found 0 plugins.
Preloading 0 native plugins for Editor in 0.00 ms.
Unloading 1413 Unused Serialized files (Serialized files now loaded: 0)
System memory in use before: 100.9 MB.
System memory in use after: 100.5 MB.

Unloading 9 unused Assets to reduce memory usage. Loaded Objects now: 1952.
Total: 24.179800 ms (FindLiveObjects: 0.647800 ms CreateObjectMapping: 0.151100 ms MarkObjects: 12.500100 ms  DeleteObjects: 10.875300 ms)

========================================================================
Received Prepare
Registering precompiled user dll's ...
Registered in 0.006444 seconds.
Begin MonoManager ReloadAssembly
Native extension for WindowsStandalone target not found
Refreshing native plugins compatible for Editor in 1.45 ms, found 0 plugins.
Preloading 0 native plugins for Editor in 0.00 ms.
Invoked RoslynAnalysisRunner static constructor.
RoslynAnalysisRunner will not be running.
RoslynAnalysisRunner has terminated.
Mono: successfully reloaded assembly
- Completed reload, in 20.563 seconds
Platform modules already initialized, skipping
Refreshing native plugins compatible for Editor in 1.32 ms, found 0 plugins.
Preloading 0 native plugins for Editor in 0.00 ms.
Unloading 1413 Unused Serialized files (Serialized files now loaded: 0)
System memory in use before: 101.0 MB.
System memory in use after: 100.5 MB.

Unloading 9 unused Assets to reduce memory usage. Loaded Objects now: 1954.
Total: 20.097300 ms (FindLiveObjects: 0.643300 ms CreateObjectMapping: 0.148800 ms MarkObjects: 17.925300 ms  DeleteObjects: 1.373900 ms)

========================================================================
Received Prepare
Registering precompiled user dll's ...
Registered in 0.005897 seconds.
Begin MonoManager ReloadAssembly
Native extension for WindowsStandalone target not found
Refreshing native plugins compatible for Editor in 1.09 ms, found 0 plugins.
Preloading 0 native plugins for Editor in 0.00 ms.
Invoked RoslynAnalysisRunner static constructor.
RoslynAnalysisRunner will not be running.
RoslynAnalysisRunner has terminated.
Mono: successfully reloaded assembly
- Completed reload, in  6.043 seconds
Platform modules already initialized, skipping
Refreshing native plugins compatible for Editor in 1.39 ms, found 0 plugins.
Preloading 0 native plugins for Editor in 0.00 ms.
Unloading 1413 Unused Serialized files (Serialized files now loaded: 0)
System memory in use before: 101.0 MB.
System memory in use after: 100.5 MB.

Unloading 9 unused Assets to reduce memory usage. Loaded Objects now: 1956.
Total: 75.143900 ms (FindLiveObjects: 1.112300 ms CreateObjectMapping: 0.311600 ms MarkObjects: 68.958400 ms  DeleteObjects: 4.756300 ms)

========================================================================
Received Prepare
Registering precompiled user dll's ...
Registered in 0.002717 seconds.
Begin MonoManager ReloadAssembly
Native extension for WindowsStandalone target not found
Refreshing native plugins compatible for Editor in 1.17 ms, found 0 plugins.
Preloading 0 native plugins for Editor in 0.00 ms.
Invoked RoslynAnalysisRunner static constructor.
RoslynAnalysisRunner will not be running.
RoslynAnalysisRunner has terminated.
Mono: successfully reloaded assembly
- Completed reload, in  6.988 seconds
Platform modules already initialized, skipping
Refreshing native plugins compatible for Editor in 1.06 ms, found 0 plugins.
Preloading 0 native plugins for Editor in 0.00 ms.
Unloading 1413 Unused Serialized files (Serialized files now loaded: 0)
System memory in use before: 101.0 MB.
System memory in use after: 100.5 MB.

Unloading 9 unused Assets to reduce memory usage. Loaded Objects now: 1958.
Total: 66.402200 ms (FindLiveObjects: 57.114900 ms CreateObjectMapping: 0.285600 ms MarkObjects: 7.240500 ms  DeleteObjects: 1.755600 ms)

========================================================================
Received Prepare
Registering precompiled user dll's ...
Registered in 0.002633 seconds.
Begin MonoManager ReloadAssembly
Native extension for WindowsStandalone target not found
Refreshing native plugins compatible for Editor in 1.33 ms, found 0 plugins.
Preloading 0 native plugins for Editor in 0.00 ms.
Invoked RoslynAnalysisRunner static constructor.
RoslynAnalysisRunner will not be running.
RoslynAnalysisRunner has terminated.
Mono: successfully reloaded assembly
- Completed reload, in 11.643 seconds
Platform modules already initialized, skipping
Refreshing native plugins compatible for Editor in 1.07 ms, found 0 plugins.
Preloading 0 native plugins for Editor in 0.00 ms.
Unloading 1413 Unused Serialized files (Serialized files now loaded: 0)
System memory in use before: 101.0 MB.
System memory in use after: 100.5 MB.

Unloading 9 unused Assets to reduce memory usage. Loaded Objects now: 1960.
Total: 9.388200 ms (FindLiveObjects: 0.615400 ms CreateObjectMapping: 0.136800 ms MarkObjects: 7.135100 ms  DeleteObjects: 1.495400 ms)

========================================================================
Received Prepare
Registering precompiled user dll's ...
Registered in 0.004402 seconds.
Begin MonoManager ReloadAssembly
Native extension for WindowsStandalone target not found
Refreshing native plugins compatible for Editor in 1.26 ms, found 0 plugins.
Preloading 0 native plugins for Editor in 0.00 ms.
Invoked RoslynAnalysisRunner static constructor.
RoslynAnalysisRunner will not be running.
RoslynAnalysisRunner has terminated.
Mono: successfully reloaded assembly
- Completed reload, in  8.503 seconds
Platform modules already initialized, skipping
Refreshing native plugins compatible for Editor in 1.17 ms, found 0 plugins.
Preloading 0 native plugins for Editor in 0.00 ms.
Unloading 1413 Unused Serialized files (Serialized files now loaded: 0)
System memory in use before: 101.0 MB.
System memory in use after: 100.6 MB.

Unloading 9 unused Assets to reduce memory usage. Loaded Objects now: 1962.
Total: 9.379700 ms (FindLiveObjects: 0.677100 ms CreateObjectMapping: 0.201600 ms MarkObjects: 6.275700 ms  DeleteObjects: 2.219400 ms)

========================================================================
Received Prepare
Registering precompiled user dll's ...
Registered in 0.007159 seconds.
Begin MonoManager ReloadAssembly
Native extension for WindowsStandalone target not found
Refreshing native plugins compatible for Editor in 3.07 ms, found 0 plugins.
Preloading 0 native plugins for Editor in 0.00 ms.
Invoked RoslynAnalysisRunner static constructor.
RoslynAnalysisRunner will not be running.
RoslynAnalysisRunner has terminated.
Mono: successfully reloaded assembly
- Completed reload, in  9.148 seconds
Platform modules already initialized, skipping
Refreshing native plugins compatible for Editor in 1.14 ms, found 0 plugins.
Preloading 0 native plugins for Editor in 0.00 ms.
Unloading 1413 Unused Serialized files (Serialized files now loaded: 0)
System memory in use before: 101.0 MB.
System memory in use after: 100.6 MB.

Unloading 9 unused Assets to reduce memory usage. Loaded Objects now: 1964.
Total: 69.933500 ms (FindLiveObjects: 1.016300 ms CreateObjectMapping: 0.215100 ms MarkObjects: 66.866100 ms  DeleteObjects: 1.829500 ms)

========================================================================
Received Prepare
Registering precompiled user dll's ...
Registered in 0.003080 seconds.
Begin MonoManager ReloadAssembly
Native extension for WindowsStandalone target not found
Refreshing native plugins compatible for Editor in 3.85 ms, found 0 plugins.
Preloading 0 native plugins for Editor in 0.00 ms.
Invoked RoslynAnalysisRunner static constructor.
RoslynAnalysisRunner will not be running.
RoslynAnalysisRunner has terminated.
Mono: successfully reloaded assembly
- Completed reload, in 22.332 seconds
Platform modules already initialized, skipping
Refreshing native plugins compatible for Editor in 1.24 ms, found 0 plugins.
Preloading 0 native plugins for Editor in 0.00 ms.
Unloading 1413 Unused Serialized files (Serialized files now loaded: 0)
System memory in use before: 101.0 MB.
System memory in use after: 100.6 MB.

Unloading 9 unused Assets to reduce memory usage. Loaded Objects now: 1966.
Total: 246.194700 ms (FindLiveObjects: 0.871900 ms CreateObjectMapping: 0.161100 ms MarkObjects: 242.870500 ms  DeleteObjects: 2.285100 ms)

========================================================================
Received Prepare
Registering precompiled user dll's ...
Registered in 0.247797 seconds.
Begin MonoManager ReloadAssembly
Native extension for WindowsStandalone target not found
Refreshing native plugins compatible for Editor in 303.03 ms, found 0 plugins.
Preloading 0 native plugins for Editor in 0.00 ms.
Invoked RoslynAnalysisRunner static constructor.
RoslynAnalysisRunner will not be running.
RoslynAnalysisRunner has terminated.
Mono: successfully reloaded assembly
- Completed reload, in 189.740 seconds
Platform modules already initialized, skipping
Refreshing native plugins compatible for Editor in 1.11 ms, found 0 plugins.
Preloading 0 native plugins for Editor in 0.00 ms.
Unloading 1413 Unused Serialized files (Serialized files now loaded: 0)
System memory in use before: 101.0 MB.
System memory in use after: 100.6 MB.

Unloading 9 unused Assets to reduce memory usage. Loaded Objects now: 1968.
Total: 540.801300 ms (FindLiveObjects: 32.970300 ms CreateObjectMapping: 0.447800 ms MarkObjects: 477.005900 ms  DeleteObjects: 30.369700 ms)

========================================================================
Received Prepare
Registering precompiled user dll's ...
Registered in 0.066147 seconds.
Begin MonoManager ReloadAssembly
Native extension for WindowsStandalone target not found
Refreshing native plugins compatible for Editor in 4.95 ms, found 0 plugins.
Preloading 0 native plugins for Editor in 0.00 ms.
Invoked RoslynAnalysisRunner static constructor.
RoslynAnalysisRunner will not be running.
RoslynAnalysisRunner has terminated.
Mono: successfully reloaded assembly
- Completed reload, in 19.704 seconds
Platform modules already initialized, skipping
Refreshing native plugins compatible for Editor in 1.15 ms, found 0 plugins.
Preloading 0 native plugins for Editor in 0.00 ms.
Unloading 1413 Unused Serialized files (Serialized files now loaded: 0)
System memory in use before: 101.0 MB.
System memory in use after: 100.6 MB.

Unloading 9 unused Assets to reduce memory usage. Loaded Objects now: 1970.
Total: 15.405500 ms (FindLiveObjects: 0.705700 ms CreateObjectMapping: 0.164100 ms MarkObjects: 9.162700 ms  DeleteObjects: 5.366500 ms)

========================================================================
Received Prepare
Script is not up to date after domain reload: guid(274173f35f549f54683874e44eaa0d9e) path("Assets/Scripts/Enemy/DashingEnemy.cs") state(2)
Registering precompiled user dll's ...
Registered in 0.002881 seconds.
Begin MonoManager ReloadAssembly
Native extension for WindowsStandalone target not found
Refreshing native plugins compatible for Editor in 1.35 ms, found 0 plugins.
Preloading 0 native plugins for Editor in 0.00 ms.
Invoked RoslynAnalysisRunner static constructor.
RoslynAnalysisRunner will not be running.
RoslynAnalysisRunner has terminated.
Mono: successfully reloaded assembly
- Completed reload, in  7.057 seconds
Platform modules already initialized, skipping
Script is not up to date after domain reload: guid(274173f35f549f54683874e44eaa0d9e) path("Assets/Scripts/Enemy/DashingEnemy.cs") state(2)
Refreshing native plugins compatible for Editor in 1.06 ms, found 0 plugins.
Preloading 0 native plugins for Editor in 0.00 ms.
Unloading 1412 Unused Serialized files (Serialized files now loaded: 0)
System memory in use before: 101.0 MB.
System memory in use after: 100.6 MB.

Unloading 9 unused Assets to reduce memory usage. Loaded Objects now: 1972.
Total: 32.990700 ms (FindLiveObjects: 0.702600 ms CreateObjectMapping: 21.633400 ms MarkObjects: 7.381400 ms  DeleteObjects: 3.267700 ms)

========================================================================
Received Prepare
Registering precompiled user dll's ...
Registered in 0.002611 seconds.
Begin MonoManager ReloadAssembly
Native extension for WindowsStandalone target not found
Refreshing native plugins compatible for Editor in 1.11 ms, found 0 plugins.
Preloading 0 native plugins for Editor in 0.00 ms.
Invoked RoslynAnalysisRunner static constructor.
RoslynAnalysisRunner will not be running.
RoslynAnalysisRunner has terminated.
Mono: successfully reloaded assembly
- Completed reload, in 11.422 seconds
Platform modules already initialized, skipping
Refreshing native plugins compatible for Editor in 1.70 ms, found 0 plugins.
Preloading 0 native plugins for Editor in 0.00 ms.
Unloading 1413 Unused Serialized files (Serialized files now loaded: 0)
System memory in use before: 101.0 MB.
System memory in use after: 100.6 MB.

Unloading 9 unused Assets to reduce memory usage. Loaded Objects now: 1974.
Total: 11.221000 ms (FindLiveObjects: 0.630900 ms CreateObjectMapping: 0.146100 ms MarkObjects: 8.393000 ms  DeleteObjects: 2.045300 ms)

========================================================================
Received Prepare
Registering precompiled user dll's ...
Registered in 0.003080 seconds.
Begin MonoManager ReloadAssembly
Native extension for WindowsStandalone target not found
Refreshing native plugins compatible for Editor in 1.16 ms, found 0 plugins.
Preloading 0 native plugins for Editor in 0.00 ms.
Invoked RoslynAnalysisRunner static constructor.
RoslynAnalysisRunner will not be running.
RoslynAnalysisRunner has terminated.
Mono: successfully reloaded assembly
- Completed reload, in  6.908 seconds
Platform modules already initialized, skipping
Refreshing native plugins compatible for Editor in 1.14 ms, found 0 plugins.
Preloading 0 native plugins for Editor in 0.00 ms.
Unloading 1413 Unused Serialized files (Serialized files now loaded: 0)
System memory in use before: 101.0 MB.
System memory in use after: 100.6 MB.

Unloading 9 unused Assets to reduce memory usage. Loaded Objects now: 1976.
Total: 20.979700 ms (FindLiveObjects: 1.032700 ms CreateObjectMapping: 0.253900 ms MarkObjects: 6.126800 ms  DeleteObjects: 13.560800 ms)

========================================================================
Received Prepare
Registering precompiled user dll's ...
Registered in 0.004164 seconds.
Begin MonoManager ReloadAssembly
Native extension for WindowsStandalone target not found
Refreshing native plugins compatible for Editor in 4.45 ms, found 0 plugins.
Preloading 0 native plugins for Editor in 0.00 ms.
Invoked RoslynAnalysisRunner static constructor.
RoslynAnalysisRunner will not be running.
RoslynAnalysisRunner has terminated.
Mono: successfully reloaded assembly
- Completed reload, in  8.353 seconds
Platform modules already initialized, skipping
Refreshing native plugins compatible for Editor in 1.45 ms, found 0 plugins.
Preloading 0 native plugins for Editor in 0.00 ms.
Unloading 1413 Unused Serialized files (Serialized files now loaded: 0)
System memory in use before: 101.0 MB.
System memory in use after: 100.6 MB.

Unloading 9 unused Assets to reduce memory usage. Loaded Objects now: 1978.
Total: 12.479900 ms (FindLiveObjects: 0.702400 ms CreateObjectMapping: 0.166000 ms MarkObjects: 10.139200 ms  DeleteObjects: 1.466800 ms)

========================================================================
Received Prepare
Registering precompiled user dll's ...
Registered in 0.006930 seconds.
Begin MonoManager ReloadAssembly
Native extension for WindowsStandalone target not found
Refreshing native plugins compatible for Editor in 2.07 ms, found 0 plugins.
Preloading 0 native plugins for Editor in 0.00 ms.
Invoked RoslynAnalysisRunner static constructor.
RoslynAnalysisRunner will not be running.
RoslynAnalysisRunner has terminated.
Mono: successfully reloaded assembly
- Completed reload, in  8.077 seconds
Platform modules already initialized, skipping
Refreshing native plugins compatible for Editor in 1.06 ms, found 0 plugins.
Preloading 0 native plugins for Editor in 0.00 ms.
Unloading 1413 Unused Serialized files (Serialized files now loaded: 0)
System memory in use before: 101.0 MB.
System memory in use after: 100.6 MB.

Unloading 9 unused Assets to reduce memory usage. Loaded Objects now: 1980.
Total: 8.169100 ms (FindLiveObjects: 0.681300 ms CreateObjectMapping: 0.153900 ms MarkObjects: 5.704600 ms  DeleteObjects: 1.624200 ms)

========================================================================
Received Prepare
Registering precompiled user dll's ...
Registered in 0.075447 seconds.
Begin MonoManager ReloadAssembly
Native extension for WindowsStandalone target not found
Refreshing native plugins compatible for Editor in 2.10 ms, found 0 plugins.
Preloading 0 native plugins for Editor in 0.00 ms.
Invoked RoslynAnalysisRunner static constructor.
RoslynAnalysisRunner will not be running.
RoslynAnalysisRunner has terminated.
Mono: successfully reloaded assembly
- Completed reload, in 68.004 seconds
Platform modules already initialized, skipping
Refreshing native plugins compatible for Editor in 1.56 ms, found 0 plugins.
Preloading 0 native plugins for Editor in 0.00 ms.
Unloading 1413 Unused Serialized files (Serialized files now loaded: 0)
System memory in use before: 101.0 MB.
System memory in use after: 100.6 MB.

Unloading 9 unused Assets to reduce memory usage. Loaded Objects now: 1982.
Total: 60.550900 ms (FindLiveObjects: 3.586800 ms CreateObjectMapping: 0.318700 ms MarkObjects: 54.697900 ms  DeleteObjects: 1.940200 ms)

========================================================================
Received Prepare
Registering precompiled user dll's ...
Registered in 0.006196 seconds.
Begin MonoManager ReloadAssembly
Native extension for WindowsStandalone target not found
Refreshing native plugins compatible for Editor in 1.09 ms, found 0 plugins.
Preloading 0 native plugins for Editor in 0.00 ms.
Invoked RoslynAnalysisRunner static constructor.
RoslynAnalysisRunner will not be running.
RoslynAnalysisRunner has terminated.
Mono: successfully reloaded assembly
- Completed reload, in 16.222 seconds
Platform modules already initialized, skipping
Refreshing native plugins compatible for Editor in 3.24 ms, found 0 plugins.
Preloading 0 native plugins for Editor in 0.00 ms.
Unloading 1413 Unused Serialized files (Serialized files now loaded: 0)
System memory in use before: 101.1 MB.
System memory in use after: 100.6 MB.

Unloading 9 unused Assets to reduce memory usage. Loaded Objects now: 1984.
Total: 14.619500 ms (FindLiveObjects: 0.700100 ms CreateObjectMapping: 0.145100 ms MarkObjects: 10.802900 ms  DeleteObjects: 2.965900 ms)

========================================================================
Received Prepare
Registering precompiled user dll's ...
Registered in 0.006387 seconds.
Begin MonoManager ReloadAssembly
Native extension for WindowsStandalone target not found
Refreshing native plugins compatible for Editor in 1.39 ms, found 0 plugins.
Preloading 0 native plugins for Editor in 0.00 ms.
Invoked RoslynAnalysisRunner static constructor.
RoslynAnalysisRunner will not be running.
RoslynAnalysisRunner has terminated.
Mono: successfully reloaded assembly
- Completed reload, in 12.898 seconds
Platform modules already initialized, skipping
Refreshing native plugins compatible for Editor in 1.18 ms, found 0 plugins.
Preloading 0 native plugins for Editor in 0.00 ms.
Unloading 1413 Unused Serialized files (Serialized files now loaded: 0)
System memory in use before: 101.1 MB.
System memory in use after: 100.6 MB.

Unloading 9 unused Assets to reduce memory usage. Loaded Objects now: 1986.
Total: 16.928000 ms (FindLiveObjects: 2.186400 ms CreateObjectMapping: 0.201700 ms MarkObjects: 8.301700 ms  DeleteObjects: 6.231400 ms)

========================================================================
Received Prepare
Registering precompiled user dll's ...
Registered in 0.003337 seconds.
Begin MonoManager ReloadAssembly
Native extension for WindowsStandalone target not found
Refreshing native plugins compatible for Editor in 4.54 ms, found 0 plugins.
Preloading 0 native plugins for Editor in 0.00 ms.
Invoked RoslynAnalysisRunner static constructor.
RoslynAnalysisRunner will not be running.
RoslynAnalysisRunner has terminated.
Mono: successfully reloaded assembly
- Completed reload, in 17.057 seconds
Platform modules already initialized, skipping
Refreshing native plugins compatible for Editor in 1.25 ms, found 0 plugins.
Preloading 0 native plugins for Editor in 0.00 ms.
Unloading 1413 Unused Serialized files (Serialized files now loaded: 0)
System memory in use before: 101.1 MB.
System memory in use after: 100.6 MB.

Unloading 9 unused Assets to reduce memory usage. Loaded Objects now: 1988.
Total: 26.098600 ms (FindLiveObjects: 0.648500 ms CreateObjectMapping: 0.141400 ms MarkObjects: 23.579000 ms  DeleteObjects: 1.724000 ms)

========================================================================
Received Prepare
Registering precompiled user dll's ...
Registered in 0.040253 seconds.
Begin MonoManager ReloadAssembly
Native extension for WindowsStandalone target not found
Refreshing native plugins compatible for Editor in 1.82 ms, found 0 plugins.
Preloading 0 native plugins for Editor in 0.00 ms.
Invoked RoslynAnalysisRunner static constructor.
RoslynAnalysisRunner will not be running.
RoslynAnalysisRunner has terminated.
Mono: successfully reloaded assembly
- Completed reload, in 11.293 seconds
Platform modules already initialized, skipping
Refreshing native plugins compatible for Editor in 1.13 ms, found 0 plugins.
Preloading 0 native plugins for Editor in 0.00 ms.
Unloading 1413 Unused Serialized files (Serialized files now loaded: 0)
System memory in use before: 101.1 MB.
System memory in use after: 100.7 MB.

Unloading 9 unused Assets to reduce memory usage. Loaded Objects now: 1990.
Total: 8.510500 ms (FindLiveObjects: 0.724200 ms CreateObjectMapping: 0.166100 ms MarkObjects: 5.886500 ms  DeleteObjects: 1.727700 ms)

========================================================================
Received Prepare
Registering precompiled user dll's ...
Registered in 0.004302 seconds.
Begin MonoManager ReloadAssembly
Native extension for WindowsStandalone target not found
Refreshing native plugins compatible for Editor in 1.18 ms, found 0 plugins.
Preloading 0 native plugins for Editor in 0.00 ms.
Invoked RoslynAnalysisRunner static constructor.
RoslynAnalysisRunner will not be running.
RoslynAnalysisRunner has terminated.
Mono: successfully reloaded assembly
- Completed reload, in 17.776 seconds
Platform modules already initialized, skipping
Refreshing native plugins compatible for Editor in 1.66 ms, found 0 plugins.
Preloading 0 native plugins for Editor in 0.00 ms.
Unloading 1413 Unused Serialized files (Serialized files now loaded: 0)
System memory in use before: 101.1 MB.
System memory in use after: 100.7 MB.

Unloading 9 unused Assets to reduce memory usage. Loaded Objects now: 1992.
Total: 18.248800 ms (FindLiveObjects: 0.670800 ms CreateObjectMapping: 0.148200 ms MarkObjects: 10.816800 ms  DeleteObjects: 6.607300 ms)

========================================================================
Received Prepare
Registering precompiled user dll's ...
Registered in 0.003134 seconds.
Begin MonoManager ReloadAssembly
Native extension for WindowsStandalone target not found
Refreshing native plugins compatible for Editor in 1.08 ms, found 0 plugins.
Preloading 0 native plugins for Editor in 0.00 ms.
Invoked RoslynAnalysisRunner static constructor.
RoslynAnalysisRunner will not be running.
RoslynAnalysisRunner has terminated.
Mono: successfully reloaded assembly
- Completed reload, in  7.962 seconds
Platform modules already initialized, skipping
Refreshing native plugins compatible for Editor in 1.27 ms, found 0 plugins.
Preloading 0 native plugins for Editor in 0.00 ms.
Unloading 1413 Unused Serialized files (Serialized files now loaded: 0)
System memory in use before: 101.1 MB.
System memory in use after: 100.7 MB.

Unloading 9 unused Assets to reduce memory usage. Loaded Objects now: 1994.
Total: 12.416000 ms (FindLiveObjects: 1.063000 ms CreateObjectMapping: 0.701100 ms MarkObjects: 8.144400 ms  DeleteObjects: 2.502000 ms)

========================================================================
Received Prepare
Registering precompiled user dll's ...
Registered in 0.002990 seconds.
Begin MonoManager ReloadAssembly
Native extension for WindowsStandalone target not found
Refreshing native plugins compatible for Editor in 2.15 ms, found 0 plugins.
Preloading 0 native plugins for Editor in 0.00 ms.
Invoked RoslynAnalysisRunner static constructor.
RoslynAnalysisRunner will not be running.
RoslynAnalysisRunner has terminated.
Mono: successfully reloaded assembly
- Completed reload, in 17.067 seconds
Platform modules already initialized, skipping
Refreshing native plugins compatible for Editor in 2.92 ms, found 0 plugins.
Preloading 0 native plugins for Editor in 0.00 ms.
Unloading 1413 Unused Serialized files (Serialized files now loaded: 0)
System memory in use before: 101.1 MB.
System memory in use after: 100.7 MB.

Unloading 9 unused Assets to reduce memory usage. Loaded Objects now: 1996.
Total: 27.709200 ms (FindLiveObjects: 0.649200 ms CreateObjectMapping: 0.142900 ms MarkObjects: 24.996500 ms  DeleteObjects: 1.914600 ms)

========================================================================
Received Prepare
Registering precompiled user dll's ...
Registered in 0.004278 seconds.
Begin MonoManager ReloadAssembly
Native extension for WindowsStandalone target not found
Refreshing native plugins compatible for Editor in 1.27 ms, found 0 plugins.
Preloading 0 native plugins for Editor in 0.00 ms.
Invoked RoslynAnalysisRunner static constructor.
RoslynAnalysisRunner will not be running.
RoslynAnalysisRunner has terminated.
Mono: successfully reloaded assembly
- Completed reload, in 13.496 seconds
Platform modules already initialized, skipping
Refreshing native plugins compatible for Editor in 2.13 ms, found 0 plugins.
Preloading 0 native plugins for Editor in 0.00 ms.
Unloading 1413 Unused Serialized files (Serialized files now loaded: 0)
System memory in use before: 101.1 MB.
System memory in use after: 100.7 MB.

Unloading 9 unused Assets to reduce memory usage. Loaded Objects now: 1998.
Total: 9.491000 ms (FindLiveObjects: 0.623900 ms CreateObjectMapping: 0.523200 ms MarkObjects: 6.811800 ms  DeleteObjects: 1.526400 ms)

========================================================================
Received Import Request.
  Time since last request: 10170.622689 seconds.
  path: Assets/Data/Knight1.asset
  artifactKey: Guid(437e8f70bdbf1ed40a4f023889ce98cc) Importer(815301076,1909f56bfc062723c751e8b465ee728b)
Start importing Assets/Data/Knight1.asset using Guid(437e8f70bdbf1ed40a4f023889ce98cc) Importer(815301076,1909f56bfc062723c751e8b465ee728b)  -> (artifact id: '0de70a0e08b8876a2444cfd8179e7d0e') in 4.299272 seconds
  Import took 4.356952 seconds .

========================================================================
Received Import Request.
  Time since last request: 0.002818 seconds.
  path: Assets/Data/Vampire.asset
  artifactKey: Guid(61f69519f64b3c34ea61103401b2114d) Importer(815301076,1909f56bfc062723c751e8b465ee728b)
Start importing Assets/Data/Vampire.asset using Guid(61f69519f64b3c34ea61103401b2114d) Importer(815301076,1909f56bfc062723c751e8b465ee728b)  -> (artifact id: '6e90e479ec2c2267f1323ab68a11f2b8') in 0.196331 seconds
  Import took 0.204357 seconds .

========================================================================
Received Import Request.
  Time since last request: 0.000392 seconds.
  path: Assets/Data/Items/ObjectsForAdditionalScene/Consumables/Rock.asset
  artifactKey: Guid(51e02b5bc5a4c5e4b868db390257d915) Importer(815301076,1909f56bfc062723c751e8b465ee728b)
Start importing Assets/Data/Items/ObjectsForAdditionalScene/Consumables/Rock.asset using Guid(51e02b5bc5a4c5e4b868db390257d915) Importer(815301076,1909f56bfc062723c751e8b465ee728b)  -> (artifact id: '5120c517e6a077400c29e04ee88ad6bb') in 4.438345 seconds
  Import took 4.463706 seconds .

========================================================================
Received Prepare
Registering precompiled user dll's ...
Registered in 0.007425 seconds.
Begin MonoManager ReloadAssembly
Native extension for WindowsStandalone target not found
Refreshing native plugins compatible for Editor in 1.17 ms, found 0 plugins.
Preloading 0 native plugins for Editor in 0.00 ms.
Invoked RoslynAnalysisRunner static constructor.
RoslynAnalysisRunner will not be running.
RoslynAnalysisRunner has terminated.
Mono: successfully reloaded assembly
- Completed reload, in  6.606 seconds
Platform modules already initialized, skipping
Refreshing native plugins compatible for Editor in 2.14 ms, found 0 plugins.
Preloading 0 native plugins for Editor in 0.00 ms.
Unloading 1413 Unused Serialized files (Serialized files now loaded: 0)
System memory in use before: 101.2 MB.
System memory in use after: 100.7 MB.

Unloading 10 unused Assets to reduce memory usage. Loaded Objects now: 2001.
Total: 68.913700 ms (FindLiveObjects: 1.244000 ms CreateObjectMapping: 0.300600 ms MarkObjects: 6.615200 ms  DeleteObjects: 60.747800 ms)

========================================================================
Received Prepare
Registering precompiled user dll's ...
Registered in 0.003909 seconds.
Begin MonoManager ReloadAssembly
Native extension for WindowsStandalone target not found
Refreshing native plugins compatible for Editor in 1.13 ms, found 0 plugins.
Preloading 0 native plugins for Editor in 0.00 ms.
Invoked RoslynAnalysisRunner static constructor.
RoslynAnalysisRunner will not be running.
RoslynAnalysisRunner has terminated.
Mono: successfully reloaded assembly
- Completed reload, in 41.327 seconds
Platform modules already initialized, skipping
Refreshing native plugins compatible for Editor in 1.35 ms, found 0 plugins.
Preloading 0 native plugins for Editor in 0.00 ms.
Unloading 1413 Unused Serialized files (Serialized files now loaded: 0)
System memory in use before: 101.2 MB.
System memory in use after: 100.7 MB.

Unloading 9 unused Assets to reduce memory usage. Loaded Objects now: 2003.
Total: 52.419900 ms (FindLiveObjects: 2.567100 ms CreateObjectMapping: 36.604200 ms MarkObjects: 9.424900 ms  DeleteObjects: 3.818000 ms)

========================================================================
Received Import Request.
  Time since last request: 141.450698 seconds.
  path: Assets/Data/Items/ObjectsForAdditionalScene/Consumables/HealthPotion.asset
  artifactKey: Guid(db7e5a0a5a98bde41b8a5f9fd1de5798) Importer(815301076,1909f56bfc062723c751e8b465ee728b)
Start importing Assets/Data/Items/ObjectsForAdditionalScene/Consumables/HealthPotion.asset using Guid(db7e5a0a5a98bde41b8a5f9fd1de5798) Importer(815301076,1909f56bfc062723c751e8b465ee728b)  -> (artifact id: '5b4c7b97b67d705af7c9075a612a8b13') in 4.959415 seconds
  Import took 4.971054 seconds .

========================================================================
Received Prepare
Registering precompiled user dll's ...
Registered in 0.004814 seconds.
Begin MonoManager ReloadAssembly
Native extension for WindowsStandalone target not found
Refreshing native plugins compatible for Editor in 1.53 ms, found 0 plugins.
Preloading 0 native plugins for Editor in 0.00 ms.
Invoked RoslynAnalysisRunner static constructor.
RoslynAnalysisRunner will not be running.
RoslynAnalysisRunner has terminated.
Mono: successfully reloaded assembly
- Completed reload, in 17.118 seconds
Platform modules already initialized, skipping
Refreshing native plugins compatible for Editor in 1.36 ms, found 0 plugins.
Preloading 0 native plugins for Editor in 0.00 ms.
Unloading 1413 Unused Serialized files (Serialized files now loaded: 0)
System memory in use before: 101.2 MB.
System memory in use after: 100.7 MB.

Unloading 9 unused Assets to reduce memory usage. Loaded Objects now: 2005.
Total: 38.006100 ms (FindLiveObjects: 0.632600 ms CreateObjectMapping: 0.204100 ms MarkObjects: 35.629500 ms  DeleteObjects: 1.533800 ms)

========================================================================
Received Prepare
Registering precompiled user dll's ...
Registered in 0.002644 seconds.
Begin MonoManager ReloadAssembly
Native extension for WindowsStandalone target not found
Refreshing native plugins compatible for Editor in 1.08 ms, found 0 plugins.
Preloading 0 native plugins for Editor in 0.00 ms.
Invoked RoslynAnalysisRunner static constructor.
RoslynAnalysisRunner will not be running.
RoslynAnalysisRunner has terminated.
Mono: successfully reloaded assembly
- Completed reload, in 36.280 seconds
Platform modules already initialized, skipping
Refreshing native plugins compatible for Editor in 1.09 ms, found 0 plugins.
Preloading 0 native plugins for Editor in 0.00 ms.
Unloading 1413 Unused Serialized files (Serialized files now loaded: 0)
System memory in use before: 101.2 MB.
System memory in use after: 100.7 MB.

Unloading 9 unused Assets to reduce memory usage. Loaded Objects now: 2007.
Total: 10.040600 ms (FindLiveObjects: 1.326500 ms CreateObjectMapping: 0.332500 ms MarkObjects: 5.780600 ms  DeleteObjects: 2.594200 ms)

========================================================================
Received Prepare
Registering precompiled user dll's ...
Registered in 0.002884 seconds.
Begin MonoManager ReloadAssembly
Native extension for WindowsStandalone target not found
Refreshing native plugins compatible for Editor in 1.07 ms, found 0 plugins.
Preloading 0 native plugins for Editor in 0.00 ms.
Invoked RoslynAnalysisRunner static constructor.
RoslynAnalysisRunner will not be running.
RoslynAnalysisRunner has terminated.
Mono: successfully reloaded assembly
- Completed reload, in 14.737 seconds
Platform modules already initialized, skipping
Refreshing native plugins compatible for Editor in 3.63 ms, found 0 plugins.
Preloading 0 native plugins for Editor in 0.00 ms.
Unloading 1413 Unused Serialized files (Serialized files now loaded: 0)
System memory in use before: 101.2 MB.
System memory in use after: 100.8 MB.

Unloading 9 unused Assets to reduce memory usage. Loaded Objects now: 2009.
Total: 11.195200 ms (FindLiveObjects: 2.412700 ms CreateObjectMapping: 0.196000 ms MarkObjects: 6.555600 ms  DeleteObjects: 2.024300 ms)

========================================================================
Received Import Request.
  Time since last request: 1602.426989 seconds.
  path: Assets/A&A/Animators
  artifactKey: Guid(c5e40d3048904d34488e7af5ea18f5a0) Importer(815301076,1909f56bfc062723c751e8b465ee728b)
Start importing Assets/A&A/Animators using Guid(c5e40d3048904d34488e7af5ea18f5a0) Importer(815301076,1909f56bfc062723c751e8b465ee728b)  -> (artifact id: '56c1c04ebc5a841747ce0a48d10b6a0e') in 32.277930 seconds
  Import took 75.180056 seconds .

========================================================================
Received Import Request.
  Time since last request: 9.280897 seconds.
  path: Assets/A&A/Animators/Knight1 1.controller
  artifactKey: Guid(8a687e9f0950eaa43a8a222bac9f7811) Importer(815301076,1909f56bfc062723c751e8b465ee728b)
Start importing Assets/A&A/Animators/Knight1 1.controller using Guid(8a687e9f0950eaa43a8a222bac9f7811) Importer(815301076,1909f56bfc062723c751e8b465ee728b)  -> (artifact id: '239ba0a231416cbcaba96bce6210d9e3') in 21.729209 seconds
  Import took 21.815710 seconds .

========================================================================
Received Import Request.
  Time since last request: 125.689150 seconds.
  path: Assets/A&A/Animators/Knight1.controller
  artifactKey: Guid(9fec5b65165bb6f48af4a6e129d6a2be) Importer(815301076,1909f56bfc062723c751e8b465ee728b)
Start importing Assets/A&A/Animators/Knight1.controller using Guid(9fec5b65165bb6f48af4a6e129d6a2be) Importer(815301076,1909f56bfc062723c751e8b465ee728b)  -> (artifact id: 'd022085cde2182b7cae303ef9b583168') in 7.876732 seconds
  Import took 8.322494 seconds .

========================================================================
Received Import Request.
  Time since last request: 4.046841 seconds.
  path: Assets/A&A/Animators/Vampire.controller
  artifactKey: Guid(8a687e9f0950eaa43a8a222bac9f7811) Importer(815301076,1909f56bfc062723c751e8b465ee728b)
Start importing Assets/A&A/Animators/Vampire.controller using Guid(8a687e9f0950eaa43a8a222bac9f7811) Importer(815301076,1909f56bfc062723c751e8b465ee728b)  -> (artifact id: 'd467988714f14a5b47b6e5bfbad9ad73') in 5.605109 seconds
  Import took 5.617857 seconds .

========================================================================
Received Prepare
Registering precompiled user dll's ...
Registered in 0.025004 seconds.
Begin MonoManager ReloadAssembly
Native extension for WindowsStandalone target not found
Refreshing native plugins compatible for Editor in 1.31 ms, found 0 plugins.
Preloading 0 native plugins for Editor in 0.00 ms.
Invoked RoslynAnalysisRunner static constructor.
RoslynAnalysisRunner will not be running.
RoslynAnalysisRunner has terminated.
Mono: successfully reloaded assembly
- Completed reload, in 148.218 seconds
Platform modules already initialized, skipping
Refreshing native plugins compatible for Editor in 1.40 ms, found 0 plugins.
Preloading 0 native plugins for Editor in 0.00 ms.
Unloading 1413 Unused Serialized files (Serialized files now loaded: 0)
System memory in use before: 101.2 MB.
System memory in use after: 100.8 MB.

Unloading 9 unused Assets to reduce memory usage. Loaded Objects now: 2011.
Total: 69.114700 ms (FindLiveObjects: 0.744700 ms CreateObjectMapping: 0.157000 ms MarkObjects: 66.087900 ms  DeleteObjects: 2.118600 ms)

========================================================================
Received Prepare
Registering precompiled user dll's ...
Registered in 0.050331 seconds.
Begin MonoManager ReloadAssembly
Native extension for WindowsStandalone target not found
Refreshing native plugins compatible for Editor in 1.36 ms, found 0 plugins.
Preloading 0 native plugins for Editor in 0.00 ms.
Invoked RoslynAnalysisRunner static constructor.
RoslynAnalysisRunner will not be running.
RoslynAnalysisRunner has terminated.
Mono: successfully reloaded assembly
- Completed reload, in 17.007 seconds
Platform modules already initialized, skipping
Refreshing native plugins compatible for Editor in 1.09 ms, found 0 plugins.
Preloading 0 native plugins for Editor in 0.00 ms.
Unloading 1413 Unused Serialized files (Serialized files now loaded: 0)
System memory in use before: 101.2 MB.
System memory in use after: 100.8 MB.

Unloading 9 unused Assets to reduce memory usage. Loaded Objects now: 2013.
Total: 41.700700 ms (FindLiveObjects: 0.662100 ms CreateObjectMapping: 0.144200 ms MarkObjects: 5.592800 ms  DeleteObjects: 35.295500 ms)

AssetImportWorkerClient::OnTransportError - code=2 error=End of file
