Using pre-set license
Built from '2020.2/release' branch; Version is '2020.2.0f1 (3721df5a8b28) revision 3613151'; Using compiler version '192528614'; Build Type 'Release'
OS: 'Windows 10  (10.0.0) 64bit' Language: 'en' Physical Memory: 3930 MB
BatchMode: 1, IsHumanControllingUs: 0, StartBugReporterOnCrash: 0, Is64bit: 1, IsPro: 0

 COMMAND LINE ARGUMENTS:
D:\unity\2020.2.0f1\Editor\Unity.exe
-adb2
-batchMode
-noUpm
-name
AssetImportWorker54
-projectPath
D:/project/PortfolioProject_Demo
-logFile
Logs/AssetImportWorker54.log
-srvPort
51044
Successfully changed project path to: D:/project/PortfolioProject_Demo
D:/project/PortfolioProject_Demo
Using Asset Import Pipeline V2.
Refreshing native plugins compatible for Editor in 230.17 ms, found 3 plugins.
Preloading 0 native plugins for Editor in 0.00 ms.
Initialize engine version: 2020.2.0f1 (3721df5a8b28)
[Subsystems] Discovering subsystems at path D:/unity/2020.2.0f1/Editor/Data/Resources/UnitySubsystems
[Subsystems] Discovering subsystems at path D:/project/PortfolioProject_Demo/Assets
GfxDevice: creating device client; threaded=0
Direct3D:
    Version:  Direct3D 11.0 [level 11.1]
    Renderer: Intel(R) HD Graphics (ID=0x22b1)
    Vendor:   
    VRAM:     1965 MB
    Driver:   20.19.15.5070
Initialize mono
Mono path[0] = 'D:/unity/2020.2.0f1/Editor/Data/Managed'
Mono path[1] = 'D:/unity/2020.2.0f1/Editor/Data/MonoBleedingEdge/lib/mono/unityjit'
Mono config path = 'D:/unity/2020.2.0f1/Editor/Data/MonoBleedingEdge/etc'
Using monoOptions --debugger-agent=transport=dt_socket,embedding=1,server=y,suspend=n,address=127.0.0.1:56020
Begin MonoManager ReloadAssembly
Registering precompiled unity dll's ...
Register platform support module: D:/unity/2020.2.0f1/Editor/Data/PlaybackEngines/WindowsStandaloneSupport/UnityEditor.WindowsStandalone.Extensions.dll
Registered in 0.004722 seconds.
Native extension for WindowsStandalone target not found
Refreshing native plugins compatible for Editor in 273.09 ms, found 3 plugins.
Preloading 0 native plugins for Editor in 0.00 ms.
Invoked RoslynAnalysisRunner static constructor.
RoslynAnalysisRunner will not be running.
RoslynAnalysisRunner has terminated.
Mono: successfully reloaded assembly
- Completed reload, in  5.386 seconds
Platform modules already initialized, skipping
Registering precompiled user dll's ...
Registered in 0.009273 seconds.
Begin MonoManager ReloadAssembly
Native extension for WindowsStandalone target not found
Refreshing native plugins compatible for Editor in 197.87 ms, found 3 plugins.
Preloading 0 native plugins for Editor in 0.00 ms.
Invoked RoslynAnalysisRunner static constructor.
RoslynAnalysisRunner will not be running.
RoslynAnalysisRunner has terminated.
Mono: successfully reloaded assembly
- Completed reload, in  6.439 seconds
Platform modules already initialized, skipping
========================================================================
Worker process is ready to serve import requests
Launched and connected shader compiler UnityShaderCompiler.exe after 0.61 seconds
Refreshing native plugins compatible for Editor in 2.46 ms, found 3 plugins.
Preloading 0 native plugins for Editor in 0.00 ms.
Unloading 1606 Unused Serialized files (Serialized files now loaded: 0)
System memory in use before: 104.6 MB.
System memory in use after: 104.2 MB.

Unloading 31 unused Assets to reduce memory usage. Loaded Objects now: 2077.
Total: 204.289900 ms (FindLiveObjects: 0.677400 ms CreateObjectMapping: 0.247500 ms MarkObjects: 187.406900 ms  DeleteObjects: 15.952500 ms)

========================================================================
Received Import Request.
  path: Assets/A&A/Animations/SharpAccent/Jumps
  artifactKey: Guid(7423b18c8eaa44941829fc5750a34ca3) Importer(815301076,1909f56bfc062723c751e8b465ee728b)
Start importing Assets/A&A/Animations/SharpAccent/Jumps using Guid(7423b18c8eaa44941829fc5750a34ca3) Importer(815301076,1909f56bfc062723c751e8b465ee728b)  -> (artifact id: '58d3d6f1b250d13751d9fc818512ac56') in 3.551738 seconds
  Import took 3.561019 seconds .

========================================================================
Received Import Request.
  Time since last request: 3.650279 seconds.
  path: Assets/GameAssets/Knight/prefabs/EnemyMaul.prefab
  artifactKey: Guid(95809f37acab0e742baf023c76db25e3) Importer(815301076,1909f56bfc062723c751e8b465ee728b)
Start importing Assets/GameAssets/Knight/prefabs/EnemyMaul.prefab using Guid(95809f37acab0e742baf023c76db25e3) Importer(815301076,1909f56bfc062723c751e8b465ee728b)  -> (artifact id: '8a12ba5b1d639ec72d037dedf52055b3') in 7.958914 seconds
  Import took 7.969077 seconds .

========================================================================
Received Import Request.
  Time since last request: 0.001378 seconds.
  path: Assets/GameAssets/Knight/prefabs/Maul.prefab
  artifactKey: Guid(e2ee674be93e4be46a07b380f4c31cc1) Importer(815301076,1909f56bfc062723c751e8b465ee728b)
Start importing Assets/GameAssets/Knight/prefabs/Maul.prefab using Guid(e2ee674be93e4be46a07b380f4c31cc1) Importer(815301076,1909f56bfc062723c751e8b465ee728b)  -> (artifact id: '3f170cb288349cdbed064a965900d106') in 0.297583 seconds
  Import took 0.309492 seconds .

========================================================================
Received Import Request.
  Time since last request: 0.002138 seconds.
  path: Assets/GameAssets/Knight/prefabs/MaulPivot.prefab
  artifactKey: Guid(fd115e5b0d085094696f175da40ee478) Importer(815301076,1909f56bfc062723c751e8b465ee728b)
Start importing Assets/GameAssets/Knight/prefabs/MaulPivot.prefab using Guid(fd115e5b0d085094696f175da40ee478) Importer(815301076,1909f56bfc062723c751e8b465ee728b)  -> (artifact id: '4f2f396f4fc04c5b7d385993bf20a97b') in 8.842138 seconds
  Import took 14.122123 seconds .

========================================================================
Received Import Request.
  Time since last request: 367.419747 seconds.
  path: Assets/A&A/Animations/SharpAccent/Damage/getting_backstabbed.anim
  artifactKey: Guid(8817272b5aec3ac479f1a9b57dc96c45) Importer(815301076,1909f56bfc062723c751e8b465ee728b)
Start importing Assets/A&A/Animations/SharpAccent/Damage/getting_backstabbed.anim using Guid(8817272b5aec3ac479f1a9b57dc96c45) Importer(815301076,1909f56bfc062723c751e8b465ee728b)  -> (artifact id: '25aa037287b96a77e296ca43955fa660') in 14.534613 seconds
  Import took 17.519786 seconds .

========================================================================
Received Import Request.
  Time since last request: 0.862884 seconds.
  path: Assets/A&A/Animations/SharpAccent/Damage/getting_parried.anim
  artifactKey: Guid(9f2d9b0d40727a340b913fd5aed63c1a) Importer(815301076,1909f56bfc062723c751e8b465ee728b)
Start importing Assets/A&A/Animations/SharpAccent/Damage/getting_parried.anim using Guid(9f2d9b0d40727a340b913fd5aed63c1a) Importer(815301076,1909f56bfc062723c751e8b465ee728b)  -> (artifact id: 'e477e88a9a45aba1be0a28c525cb1fef') in 4.694549 seconds
  Import took 4.845092 seconds .

========================================================================
Received Import Request.
  Time since last request: 694.028477 seconds.
  path: Assets/A&A/Animations/DashingEnemy
  artifactKey: Guid(3c90fb7496fb123448dbee12b5abcc64) Importer(815301076,1909f56bfc062723c751e8b465ee728b)
Start importing Assets/A&A/Animations/DashingEnemy using Guid(3c90fb7496fb123448dbee12b5abcc64) Importer(815301076,1909f56bfc062723c751e8b465ee728b)  -> (artifact id: '7e285e2467b862a09faf1fb623ea2ba1') in 6.064807 seconds
  Import took 12.041859 seconds .

========================================================================
Received Import Request.
  Time since last request: 26.877288 seconds.
  path: Assets/A&A/Animations/New Folder
  artifactKey: Guid(7ba638a1db70c664e80e7ac9866cdf29) Importer(815301076,1909f56bfc062723c751e8b465ee728b)
Start importing Assets/A&A/Animations/New Folder using Guid(7ba638a1db70c664e80e7ac9866cdf29) Importer(815301076,1909f56bfc062723c751e8b465ee728b)  -> (artifact id: 'a4ffda5d601260c87d777e6d6bf8dd67') in 12.152074 seconds
  Import took 12.192245 seconds .

========================================================================
Received Import Request.
  Time since last request: 15.551198 seconds.
  path: Assets/A&A/Animations/BaseInGame
  artifactKey: Guid(7ba638a1db70c664e80e7ac9866cdf29) Importer(815301076,1909f56bfc062723c751e8b465ee728b)
Start importing Assets/A&A/Animations/BaseInGame using Guid(7ba638a1db70c664e80e7ac9866cdf29) Importer(815301076,1909f56bfc062723c751e8b465ee728b)  -> (artifact id: 'e342dff664aace281cfa8a58fe387060') in 0.052001 seconds
  Import took 6.938166 seconds .

========================================================================
Received Import Request.
  Time since last request: 0.020550 seconds.
  path: Assets/A&A/Animations/Warrior Idle.anim
  artifactKey: Guid(939b92083c3c91b40a0939bd55d1b764) Importer(815301076,1909f56bfc062723c751e8b465ee728b)
Start importing Assets/A&A/Animations/Warrior Idle.anim using Guid(939b92083c3c91b40a0939bd55d1b764) Importer(815301076,1909f56bfc062723c751e8b465ee728b)  -> (artifact id: '269fe58bc6fdbc1634a9d3b492323bb2') in 39.132618 seconds
  Import took 39.186491 seconds .

========================================================================
Received Import Request.
  Time since last request: 0.001687 seconds.
  path: Assets/A&A/Animations/Death1.anim
  artifactKey: Guid(b4baad6fc83250440bb5b138dc9b58f4) Importer(815301076,1909f56bfc062723c751e8b465ee728b)
Start importing Assets/A&A/Animations/Death1.anim using Guid(b4baad6fc83250440bb5b138dc9b58f4) Importer(815301076,1909f56bfc062723c751e8b465ee728b)  -> (artifact id: '93d2af9ccbf0611647711b960a998278') in 25.033835 seconds
  Import took 25.042341 seconds .

========================================================================
Received Import Request.
  Time since last request: 0.001002 seconds.
  path: Assets/A&A/Animations/DodgeLeft.anim
  artifactKey: Guid(ce830c54fae225046a4342812c930c1b) Importer(815301076,1909f56bfc062723c751e8b465ee728b)
Start importing Assets/A&A/Animations/DodgeLeft.anim using Guid(ce830c54fae225046a4342812c930c1b) Importer(815301076,1909f56bfc062723c751e8b465ee728b)  -> (artifact id: '11eb9dbb4acdea180cf660302c67f129') in 12.962018 seconds
  Import took 12.981896 seconds .

========================================================================
Received Import Request.
  Time since last request: 231.267880 seconds.
  path: Assets/A&A/Animations/BaseInGame/TwoHandSword
  artifactKey: Guid(78eccb717f0aa93418278876f6cf351f) Importer(815301076,1909f56bfc062723c751e8b465ee728b)
Start importing Assets/A&A/Animations/BaseInGame/TwoHandSword using Guid(78eccb717f0aa93418278876f6cf351f) Importer(815301076,1909f56bfc062723c751e8b465ee728b)  -> (artifact id: 'c62b5ca9516d35f06a07b26d55620b2e') in 0.028279 seconds
  Import took 0.058651 seconds .

========================================================================
Received Prepare
Registering precompiled user dll's ...
Registered in 0.085200 seconds.
Begin MonoManager ReloadAssembly
Native extension for WindowsStandalone target not found
Refreshing native plugins compatible for Editor in 35.43 ms, found 3 plugins.
Preloading 0 native plugins for Editor in 0.00 ms.
Invoked RoslynAnalysisRunner static constructor.
RoslynAnalysisRunner will not be running.
RoslynAnalysisRunner has terminated.
Mono: successfully reloaded assembly
- Completed reload, in 40.073 seconds
Platform modules already initialized, skipping
Refreshing native plugins compatible for Editor in 1.74 ms, found 3 plugins.
Preloading 0 native plugins for Editor in 0.00 ms.
Unloading 1552 Unused Serialized files (Serialized files now loaded: 0)
System memory in use before: 105.0 MB.
System memory in use after: 104.5 MB.

Unloading 16 unused Assets to reduce memory usage. Loaded Objects now: 2086.
Total: 75.766200 ms (FindLiveObjects: 0.818300 ms CreateObjectMapping: 0.192000 ms MarkObjects: 73.330700 ms  DeleteObjects: 1.418100 ms)

========================================================================
Received Import Request.
  Time since last request: 807.694174 seconds.
  path: Assets/Scripts/Weapon
  artifactKey: Guid(507c9bfee05dc8b4eaabb471b81ac6b5) Importer(815301076,1909f56bfc062723c751e8b465ee728b)
Start importing Assets/Scripts/Weapon using Guid(507c9bfee05dc8b4eaabb471b81ac6b5) Importer(815301076,1909f56bfc062723c751e8b465ee728b)  -> (artifact id: '540ad69eea16dd0128f1b9fdcd25725b') in 0.179053 seconds
  Import took 0.214133 seconds .

========================================================================
Received Import Request.
  Time since last request: 7.908365 seconds.
  path: Assets/Scripts/HandEquipmentSlotUI.cs
  artifactKey: Guid(44e26b2a59f3cd84496ac888cf917109) Importer(815301076,1909f56bfc062723c751e8b465ee728b)
Start importing Assets/Scripts/HandEquipmentSlotUI.cs using Guid(44e26b2a59f3cd84496ac888cf917109) Importer(815301076,1909f56bfc062723c751e8b465ee728b)  -> (artifact id: '7b2c9db4d7aee1fcf7be4fb947454902') in 0.507826 seconds
  Import took 0.520700 seconds .

========================================================================
Received Import Request.
  Time since last request: 33.553700 seconds.
  path: Assets/Scripts/Fight
  artifactKey: Guid(6cb60d0e6e360a54aa9ba547bb041a09) Importer(815301076,1909f56bfc062723c751e8b465ee728b)
Start importing Assets/Scripts/Fight using Guid(6cb60d0e6e360a54aa9ba547bb041a09) Importer(815301076,1909f56bfc062723c751e8b465ee728b)  -> (artifact id: 'aaccb4763c1ca0d8bda3ae556170c9be') in 14.788921 seconds
  Import took 14.801017 seconds .

========================================================================
Received Import Request.
  Time since last request: 25.347279 seconds.
  path: Assets/Scripts/Inventory/PlayerInventory.cs
  artifactKey: Guid(574d8c5b055a17a4e85257067a246342) Importer(815301076,1909f56bfc062723c751e8b465ee728b)
Start importing Assets/Scripts/Inventory/PlayerInventory.cs using Guid(574d8c5b055a17a4e85257067a246342) Importer(815301076,1909f56bfc062723c751e8b465ee728b)  -> (artifact id: '17969b4c6316ba809f1306157908ed53') in 0.013310 seconds
  Import took 0.022318 seconds .

========================================================================
Received Import Request.
  Time since last request: 0.007910 seconds.
  path: Assets/Scripts/Inventory/PlayerInventory.cs
  artifactKey: Guid(574d8c5b055a17a4e85257067a246342) Importer(815301076,1909f56bfc062723c751e8b465ee728b)
Start importing Assets/Scripts/Inventory/PlayerInventory.cs using Guid(574d8c5b055a17a4e85257067a246342) Importer(815301076,1909f56bfc062723c751e8b465ee728b)  -> (artifact id: '17969b4c6316ba809f1306157908ed53') in 0.702931 seconds
  Import took 0.716014 seconds .

========================================================================
Received Import Request.
  Time since last request: 0.000378 seconds.
  path: Assets/Scripts/Inventory/QuickSlotUI.cs
  artifactKey: Guid(d5448be5bfc027744bdd243f8f141dad) Importer(815301076,1909f56bfc062723c751e8b465ee728b)
Start importing Assets/Scripts/Inventory/QuickSlotUI.cs using Guid(d5448be5bfc027744bdd243f8f141dad) Importer(815301076,1909f56bfc062723c751e8b465ee728b)  -> (artifact id: '87a01586389621c7bee68175f0ae48b6') in 0.042587 seconds
  Import took 0.057939 seconds .

========================================================================
Received Import Request.
  Time since last request: 32.009426 seconds.
  path: Assets/Scripts/EquipmentWindowUI.cs
  artifactKey: Guid(5a0b870cb58cda14fa2bd74afc3bb40e) Importer(815301076,1909f56bfc062723c751e8b465ee728b)
Start importing Assets/Scripts/EquipmentWindowUI.cs using Guid(5a0b870cb58cda14fa2bd74afc3bb40e) Importer(815301076,1909f56bfc062723c751e8b465ee728b)  -> (artifact id: '9db182105e928047013b0bb6e8b693fb') in 2.788739 seconds
  Import took 2.798462 seconds .

========================================================================
Received Import Request.
  Time since last request: 34.577411 seconds.
  path: Assets/Scripts/Weapon/WeaponPickup.cs
  artifactKey: Guid(c35e60a7dc253744bae8e9f8a89a136d) Importer(815301076,1909f56bfc062723c751e8b465ee728b)
Start importing Assets/Scripts/Weapon/WeaponPickup.cs using Guid(c35e60a7dc253744bae8e9f8a89a136d) Importer(815301076,1909f56bfc062723c751e8b465ee728b)  -> (artifact id: '7df77648e05e42b3016d98bbcf617c41') in 3.063128 seconds
  Import took 3.076208 seconds .

========================================================================
Received Import Request.
  Time since last request: 0.449949 seconds.
  path: Assets/Scripts/Weapon/WeaponSlotManager.cs
  artifactKey: Guid(dd1371256ea527049b0567830deb9dc7) Importer(815301076,1909f56bfc062723c751e8b465ee728b)
Start importing Assets/Scripts/Weapon/WeaponSlotManager.cs using Guid(dd1371256ea527049b0567830deb9dc7) Importer(815301076,1909f56bfc062723c751e8b465ee728b)  -> (artifact id: 'fc93def7fb2e5fc4b691cc178b2cba09') in 0.042130 seconds
  Import took 0.053439 seconds .

========================================================================
Received Import Request.
  Time since last request: 7.836580 seconds.
  path: Assets/Scripts/Weapon/WeaponHolderSlot.cs
  artifactKey: Guid(a2faad518d52fdb44a1e4dff2b84569d) Importer(815301076,1909f56bfc062723c751e8b465ee728b)
Start importing Assets/Scripts/Weapon/WeaponHolderSlot.cs using Guid(a2faad518d52fdb44a1e4dff2b84569d) Importer(815301076,1909f56bfc062723c751e8b465ee728b)  -> (artifact id: '8a071e6a25ee9b1bbf03dda71c09e79e') in 0.021566 seconds
  Import took 0.033356 seconds .

========================================================================
Received Import Request.
  Time since last request: 0.608130 seconds.
  path: Assets/Scripts/Weapon/WeaponInventorySlot.cs
  artifactKey: Guid(60b6fc4571402ac449058db8f8812d4d) Importer(815301076,1909f56bfc062723c751e8b465ee728b)
Start importing Assets/Scripts/Weapon/WeaponInventorySlot.cs using Guid(60b6fc4571402ac449058db8f8812d4d) Importer(815301076,1909f56bfc062723c751e8b465ee728b)  -> (artifact id: 'db2caf36b440b9b04a04782ed5069882') in 0.044622 seconds
  Import took 0.054991 seconds .

========================================================================
Received Import Request.
  Time since last request: 37.038272 seconds.
  path: Assets/Scripts/UIManager.cs
  artifactKey: Guid(63826b261f93f1543a8fc091a370e5f5) Importer(815301076,1909f56bfc062723c751e8b465ee728b)
Start importing Assets/Scripts/UIManager.cs using Guid(63826b261f93f1543a8fc091a370e5f5) Importer(815301076,1909f56bfc062723c751e8b465ee728b)  -> (artifact id: 'c98da0eb62beb5974d8fe53d05ec8c06') in 2.919953 seconds
  Import took 2.931608 seconds .

========================================================================
Received Prepare
Registering precompiled user dll's ...
Registered in 0.246693 seconds.
Begin MonoManager ReloadAssembly
Native extension for WindowsStandalone target not found
Refreshing native plugins compatible for Editor in 1.81 ms, found 3 plugins.
Preloading 0 native plugins for Editor in 0.00 ms.
Invoked RoslynAnalysisRunner static constructor.
RoslynAnalysisRunner will not be running.
RoslynAnalysisRunner has terminated.
Mono: successfully reloaded assembly
- Completed reload, in  7.148 seconds
Platform modules already initialized, skipping
Refreshing native plugins compatible for Editor in 1.44 ms, found 3 plugins.
Preloading 0 native plugins for Editor in 0.00 ms.
Unloading 1540 Unused Serialized files (Serialized files now loaded: 0)
System memory in use before: 104.7 MB.
System memory in use after: 104.3 MB.

Unloading 16 unused Assets to reduce memory usage. Loaded Objects now: 2088.
Total: 10.374300 ms (FindLiveObjects: 0.722300 ms CreateObjectMapping: 0.167000 ms MarkObjects: 8.044000 ms  DeleteObjects: 1.435000 ms)

========================================================================
Received Prepare
Registering precompiled user dll's ...
Registered in 0.068060 seconds.
Begin MonoManager ReloadAssembly
Native extension for WindowsStandalone target not found
Refreshing native plugins compatible for Editor in 3.77 ms, found 3 plugins.
Preloading 0 native plugins for Editor in 0.00 ms.
Invoked RoslynAnalysisRunner static constructor.
RoslynAnalysisRunner will not be running.
RoslynAnalysisRunner has terminated.
Mono: successfully reloaded assembly
- Completed reload, in 14.536 seconds
Platform modules already initialized, skipping
Refreshing native plugins compatible for Editor in 1.41 ms, found 3 plugins.
Preloading 0 native plugins for Editor in 0.00 ms.
Unloading 1540 Unused Serialized files (Serialized files now loaded: 0)
System memory in use before: 104.8 MB.
System memory in use after: 104.3 MB.

Unloading 16 unused Assets to reduce memory usage. Loaded Objects now: 2090.
Total: 21.940000 ms (FindLiveObjects: 0.653800 ms CreateObjectMapping: 0.159000 ms MarkObjects: 16.115200 ms  DeleteObjects: 5.006000 ms)

========================================================================
Received Import Request.
  Time since last request: 615.978502 seconds.
  path: Assets/semi-automatic rifle
  artifactKey: Guid(0458f6b3e84df4f46bf30b8be1898533) Importer(815301076,1909f56bfc062723c751e8b465ee728b)
Start importing Assets/semi-automatic rifle using Guid(0458f6b3e84df4f46bf30b8be1898533) Importer(815301076,1909f56bfc062723c751e8b465ee728b)  -> (artifact id: 'a9b7dfcf5740d6d843d64ce78b7e5691') in 3.381987 seconds
  Import took 3.390593 seconds .

========================================================================
Received Import Request.
  Time since last request: 0.077619 seconds.
  path: Assets
  artifactKey: Guid(00000000000000001000000000000000) Importer(815301076,1909f56bfc062723c751e8b465ee728b)
Start importing Assets using Guid(00000000000000001000000000000000) Importer(815301076,1909f56bfc062723c751e8b465ee728b)  -> (artifact id: 'b41cfa13f056e58f64cf5f3363de7353') in 0.023253 seconds
  Import took 0.032103 seconds .

========================================================================
Received Import Request.
  Time since last request: 36.099983 seconds.
  path: Assets/A&A
  artifactKey: Guid(f5a737fda30cff847bc6059dad72a1b7) Importer(815301076,1909f56bfc062723c751e8b465ee728b)
Start importing Assets/A&A using Guid(f5a737fda30cff847bc6059dad72a1b7) Importer(815301076,1909f56bfc062723c751e8b465ee728b)  -> (artifact id: 'efea72345f57c1faeea1772a67b0394c') in 0.022702 seconds
  Import took 0.035684 seconds .

========================================================================
Received Import Request.
  Time since last request: 8.584989 seconds.
  path: Assets/GameAssets/semi-automatic rifle
  artifactKey: Guid(293c4a3e26318d4419d915613dcf8aab) Importer(815301076,1909f56bfc062723c751e8b465ee728b)
Start importing Assets/GameAssets/semi-automatic rifle using Guid(293c4a3e26318d4419d915613dcf8aab) Importer(815301076,1909f56bfc062723c751e8b465ee728b)  -> (artifact id: 'e19c50dadc1b1d1ce3124e1bb2974096') in 3.265383 seconds
  Import took 3.289482 seconds .

========================================================================
Received Import Request.
  Time since last request: 0.000265 seconds.
  path: Assets/GameAssets/semi-automatic rifle/SAR.fbx
  artifactKey: Guid(7b5e71a0b0ead754cb676df4c06d28cb) Importer(815301076,1909f56bfc062723c751e8b465ee728b)
Start importing Assets/GameAssets/semi-automatic rifle/SAR.fbx using Guid(7b5e71a0b0ead754cb676df4c06d28cb) Importer(815301076,1909f56bfc062723c751e8b465ee728b)  -> (artifact id: '8639a64fb4573e586ff5d4c63fa24b77') in 23.769918 seconds
  Import took 23.930013 seconds .

========================================================================
Received Import Request.
  Time since last request: 50.234279 seconds.
  path: Assets/Prefabs/Pickup.prefab
  artifactKey: Guid(4d2b0e7af2c76f145a601c6fcc6763b1) Importer(815301076,1909f56bfc062723c751e8b465ee728b)
Start importing Assets/Prefabs/Pickup.prefab using Guid(4d2b0e7af2c76f145a601c6fcc6763b1) Importer(815301076,1909f56bfc062723c751e8b465ee728b)  -> (artifact id: '4c36849748253851f620ae05d8a1903e') in 0.284483 seconds
  Import took 0.330090 seconds .

========================================================================
Received Import Request.
  Time since last request: 0.000351 seconds.
  path: Assets/Prefabs/UI.prefab
  artifactKey: Guid(3ad8415f6c0124c4f9cc019e2f23297a) Importer(815301076,1909f56bfc062723c751e8b465ee728b)
Start importing Assets/Prefabs/UI.prefab using Guid(3ad8415f6c0124c4f9cc019e2f23297a) Importer(815301076,1909f56bfc062723c751e8b465ee728b)  -> (artifact id: 'd62e97f707d7851dcef16a2f244fa05a') in 3.609092 seconds
  Import took 3.623663 seconds .

========================================================================
Received Import Request.
  Time since last request: 14.451627 seconds.
  path: Assets/Prefabs/BetterPrefab/Shotgun.prefab
  artifactKey: Guid(132ef8a5d279bcb4f9bea524fada3992) Importer(815301076,1909f56bfc062723c751e8b465ee728b)
Start importing Assets/Prefabs/BetterPrefab/Shotgun.prefab using Guid(132ef8a5d279bcb4f9bea524fada3992) Importer(815301076,1909f56bfc062723c751e8b465ee728b)  -> (artifact id: 'd27bc6ac3d29bf8aab1d5d8f1234e261') in 0.114511 seconds
  Import took 0.125509 seconds .

========================================================================
Received Import Request.
  Time since last request: 25.653893 seconds.
  path: Assets/Scripts/Fight/Shotgun.cs
  artifactKey: Guid(8a5e9d81c1f643940a4b9ad3bd4e36a2) Importer(815301076,1909f56bfc062723c751e8b465ee728b)
Start importing Assets/Scripts/Fight/Shotgun.cs using Guid(8a5e9d81c1f643940a4b9ad3bd4e36a2) Importer(815301076,1909f56bfc062723c751e8b465ee728b)  -> (artifact id: 'c3eccaaab039aaf4fd63e5ab408d2459') in 0.009207 seconds
  Import took 0.066173 seconds .

========================================================================
Received Prepare
Registering precompiled user dll's ...
Registered in 0.741802 seconds.
Begin MonoManager ReloadAssembly
Native extension for WindowsStandalone target not found
Refreshing native plugins compatible for Editor in 1.85 ms, found 3 plugins.
Preloading 0 native plugins for Editor in 0.00 ms.
Invoked RoslynAnalysisRunner static constructor.
RoslynAnalysisRunner will not be running.
RoslynAnalysisRunner has terminated.
Mono: successfully reloaded assembly
- Completed reload, in 16.382 seconds
Platform modules already initialized, skipping
Refreshing native plugins compatible for Editor in 1.52 ms, found 3 plugins.
Preloading 0 native plugins for Editor in 0.00 ms.
Unloading 1541 Unused Serialized files (Serialized files now loaded: 0)
System memory in use before: 105.9 MB.
System memory in use after: 105.4 MB.

Unloading 18 unused Assets to reduce memory usage. Loaded Objects now: 2100.
Total: 8409.613100 ms (FindLiveObjects: 80.310900 ms CreateObjectMapping: 0.371500 ms MarkObjects: 8055.281300 ms  DeleteObjects: 273.641600 ms)

========================================================================
Received Import Request.
  Time since last request: 260.543865 seconds.
  path: Assets/Data/Items/ObjectsForAdditionalScene/Shotgun.asset
  artifactKey: Guid(58f7f6ec53401f149b187c114a052e63) Importer(815301076,1909f56bfc062723c751e8b465ee728b)
Start importing Assets/Data/Items/ObjectsForAdditionalScene/Shotgun.asset using Guid(58f7f6ec53401f149b187c114a052e63) Importer(815301076,1909f56bfc062723c751e8b465ee728b)  -> (artifact id: '9f99c2df652e2e3e86e633da23dd391f') in 0.909858 seconds
  Import took 1.645640 seconds .

========================================================================
Received Prepare
Registering precompiled user dll's ...
Registered in 0.103528 seconds.
Begin MonoManager ReloadAssembly
Native extension for WindowsStandalone target not found
Refreshing native plugins compatible for Editor in 1.48 ms, found 3 plugins.
Preloading 0 native plugins for Editor in 0.00 ms.
Invoked RoslynAnalysisRunner static constructor.
RoslynAnalysisRunner will not be running.
RoslynAnalysisRunner has terminated.
Mono: successfully reloaded assembly
- Completed reload, in 10.353 seconds
Platform modules already initialized, skipping
Refreshing native plugins compatible for Editor in 3.60 ms, found 3 plugins.
Preloading 0 native plugins for Editor in 0.00 ms.
Unloading 1541 Unused Serialized files (Serialized files now loaded: 0)
System memory in use before: 105.9 MB.
System memory in use after: 105.4 MB.

Unloading 16 unused Assets to reduce memory usage. Loaded Objects now: 2102.
Total: 12.025200 ms (FindLiveObjects: 2.632300 ms CreateObjectMapping: 0.659600 ms MarkObjects: 6.988200 ms  DeleteObjects: 1.738200 ms)

========================================================================
Received Prepare
Registering precompiled user dll's ...
Registered in 1.303566 seconds.
Begin MonoManager ReloadAssembly
Native extension for WindowsStandalone target not found
Refreshing native plugins compatible for Editor in 2.11 ms, found 3 plugins.
Preloading 0 native plugins for Editor in 0.00 ms.
Invoked RoslynAnalysisRunner static constructor.
RoslynAnalysisRunner will not be running.
RoslynAnalysisRunner has terminated.
Mono: successfully reloaded assembly
- Completed reload, in 13.670 seconds
Platform modules already initialized, skipping
Refreshing native plugins compatible for Editor in 1.84 ms, found 3 plugins.
Preloading 0 native plugins for Editor in 0.00 ms.
Unloading 1541 Unused Serialized files (Serialized files now loaded: 0)
System memory in use before: 105.9 MB.
System memory in use after: 105.4 MB.

Unloading 16 unused Assets to reduce memory usage. Loaded Objects now: 2104.
Total: 226.185000 ms (FindLiveObjects: 0.992900 ms CreateObjectMapping: 0.193800 ms MarkObjects: 223.198200 ms  DeleteObjects: 1.792300 ms)

========================================================================
Received Prepare
Registering precompiled user dll's ...
Registered in 0.099138 seconds.
Begin MonoManager ReloadAssembly
Native extension for WindowsStandalone target not found
Refreshing native plugins compatible for Editor in 4.39 ms, found 3 plugins.
Preloading 0 native plugins for Editor in 0.00 ms.
Invoked RoslynAnalysisRunner static constructor.
RoslynAnalysisRunner will not be running.
RoslynAnalysisRunner has terminated.
Mono: successfully reloaded assembly
- Completed reload, in  7.382 seconds
Platform modules already initialized, skipping
Refreshing native plugins compatible for Editor in 2.21 ms, found 3 plugins.
Preloading 0 native plugins for Editor in 0.00 ms.
Unloading 1541 Unused Serialized files (Serialized files now loaded: 0)
System memory in use before: 105.9 MB.
System memory in use after: 105.4 MB.

Unloading 16 unused Assets to reduce memory usage. Loaded Objects now: 2106.
Total: 9.255300 ms (FindLiveObjects: 0.767100 ms CreateObjectMapping: 0.698100 ms MarkObjects: 6.369300 ms  DeleteObjects: 1.415300 ms)

========================================================================
Received Import Request.
  Time since last request: 1593.923440 seconds.
  path: Assets/Data/icons/1206263.png
  artifactKey: Guid(5c919829d64988f4a90af4ea85df69eb) Importer(815301076,1909f56bfc062723c751e8b465ee728b)
Start importing Assets/Data/icons/1206263.png using Guid(5c919829d64988f4a90af4ea85df69eb) Importer(815301076,1909f56bfc062723c751e8b465ee728b)  -> (artifact id: 'f45d16e97fa602ed90a479df98a701ba') in 7.637434 seconds
  Import took 7.719682 seconds .

========================================================================
Received Import Request.
  Time since last request: 27.829438 seconds.
  path: Assets/Data/icons/1206263.png
  artifactKey: Guid(5c919829d64988f4a90af4ea85df69eb) Importer(815301076,1909f56bfc062723c751e8b465ee728b)
Start importing Assets/Data/icons/1206263.png using Guid(5c919829d64988f4a90af4ea85df69eb) Importer(815301076,1909f56bfc062723c751e8b465ee728b)  -> (artifact id: 'cfaeec4f4ed40cd50e1adda50088534d') in 16.834208 seconds
  Import took 16.848184 seconds .

========================================================================
Received Import Request.
  Time since last request: 0.000334 seconds.
  path: Assets/Data/icons/shotgun_Sprite.png
  artifactKey: Guid(5c919829d64988f4a90af4ea85df69eb) Importer(815301076,1909f56bfc062723c751e8b465ee728b)
Start importing Assets/Data/icons/shotgun_Sprite.png using Guid(5c919829d64988f4a90af4ea85df69eb) Importer(815301076,1909f56bfc062723c751e8b465ee728b)  -> (artifact id: 'df0b86f2a728f36336c2f44073408154') in 0.082249 seconds
  Import took 0.094196 seconds .

========================================================================
Received Import Request.
  Time since last request: 233.716519 seconds.
  path: Assets/Prefabs/BetterPrefab/Player.prefab
  artifactKey: Guid(ca213608d79bddb45b8a5b021e7091b3) Importer(815301076,1909f56bfc062723c751e8b465ee728b)
Start importing Assets/Prefabs/BetterPrefab/Player.prefab using Guid(ca213608d79bddb45b8a5b021e7091b3) Importer(815301076,1909f56bfc062723c751e8b465ee728b)  -> (artifact id: 'bf551f7221c578b7fd56cbab25a3a3c3') in 16.932404 seconds
  Import took 16.980235 seconds .

========================================================================
Received Prepare
Registering precompiled user dll's ...
Registered in 0.009193 seconds.
Begin MonoManager ReloadAssembly
Native extension for WindowsStandalone target not found
Refreshing native plugins compatible for Editor in 2.75 ms, found 3 plugins.
Preloading 0 native plugins for Editor in 0.00 ms.
Invoked RoslynAnalysisRunner static constructor.
RoslynAnalysisRunner will not be running.
RoslynAnalysisRunner has terminated.
Mono: successfully reloaded assembly
- Completed reload, in  6.987 seconds
Platform modules already initialized, skipping
Refreshing native plugins compatible for Editor in 3.03 ms, found 3 plugins.
Preloading 0 native plugins for Editor in 0.00 ms.
Unloading 1541 Unused Serialized files (Serialized files now loaded: 0)
System memory in use before: 116.9 MB.
System memory in use after: 116.5 MB.

Unloading 18 unused Assets to reduce memory usage. Loaded Objects now: 2113.
Total: 10.499600 ms (FindLiveObjects: 0.673000 ms CreateObjectMapping: 0.173400 ms MarkObjects: 7.637600 ms  DeleteObjects: 2.009700 ms)

========================================================================
Received Import Request.
  Time since last request: 106.190282 seconds.
  path: Assets/Prefabs/BetterPrefab/BaseCam.prefab
  artifactKey: Guid(33137d9193f84de4293401b2d398510b) Importer(815301076,1909f56bfc062723c751e8b465ee728b)
Start importing Assets/Prefabs/BetterPrefab/BaseCam.prefab using Guid(33137d9193f84de4293401b2d398510b) Importer(815301076,1909f56bfc062723c751e8b465ee728b)  -> (artifact id: 'ad121a44b053c23130d1fc84b4be07c5') in 11.296037 seconds
  Import took 11.307467 seconds .

========================================================================
Received Import Request.
  Time since last request: 0.000340 seconds.
  path: Assets/Prefabs/BetterPrefab/AdvancedUI.prefab
  artifactKey: Guid(357d8cced5101cc4aa371288a0248d53) Importer(815301076,1909f56bfc062723c751e8b465ee728b)
Start importing Assets/Prefabs/BetterPrefab/AdvancedUI.prefab using Guid(357d8cced5101cc4aa371288a0248d53) Importer(815301076,1909f56bfc062723c751e8b465ee728b)  -> (artifact id: '04e2a9f141f116107c2cee5fb28abfd6') in 4.553374 seconds
  Import took 7.928663 seconds .

========================================================================
Received Prepare
Registering precompiled user dll's ...
Registered in 0.016450 seconds.
Begin MonoManager ReloadAssembly
Native extension for WindowsStandalone target not found
Refreshing native plugins compatible for Editor in 1.57 ms, found 3 plugins.
Preloading 0 native plugins for Editor in 0.00 ms.
Invoked RoslynAnalysisRunner static constructor.
RoslynAnalysisRunner will not be running.
RoslynAnalysisRunner has terminated.
Mono: successfully reloaded assembly
- Completed reload, in 14.831 seconds
Platform modules already initialized, skipping
Refreshing native plugins compatible for Editor in 1.54 ms, found 3 plugins.
Preloading 0 native plugins for Editor in 0.00 ms.
Unloading 1541 Unused Serialized files (Serialized files now loaded: 0)
System memory in use before: 116.9 MB.
System memory in use after: 116.5 MB.

Unloading 17 unused Assets to reduce memory usage. Loaded Objects now: 2115.
Total: 9.986200 ms (FindLiveObjects: 0.920900 ms CreateObjectMapping: 0.196600 ms MarkObjects: 7.144900 ms  DeleteObjects: 1.718800 ms)

========================================================================
Received Prepare
Registering precompiled user dll's ...
Registered in 0.005375 seconds.
Begin MonoManager ReloadAssembly
Native extension for WindowsStandalone target not found
Refreshing native plugins compatible for Editor in 2.15 ms, found 3 plugins.
Preloading 0 native plugins for Editor in 0.00 ms.
Invoked RoslynAnalysisRunner static constructor.
RoslynAnalysisRunner will not be running.
RoslynAnalysisRunner has terminated.
Mono: successfully reloaded assembly
- Completed reload, in  7.309 seconds
Platform modules already initialized, skipping
Refreshing native plugins compatible for Editor in 1.47 ms, found 3 plugins.
Preloading 0 native plugins for Editor in 0.00 ms.
Unloading 1541 Unused Serialized files (Serialized files now loaded: 0)
System memory in use before: 116.9 MB.
System memory in use after: 116.5 MB.

Unloading 16 unused Assets to reduce memory usage. Loaded Objects now: 2117.
Total: 175.232600 ms (FindLiveObjects: 163.574100 ms CreateObjectMapping: 0.242300 ms MarkObjects: 9.931800 ms  DeleteObjects: 1.479000 ms)

========================================================================
Received Prepare
Registering precompiled user dll's ...
Registered in 0.010517 seconds.
Begin MonoManager ReloadAssembly
Native extension for WindowsStandalone target not found
Refreshing native plugins compatible for Editor in 1.70 ms, found 3 plugins.
Preloading 0 native plugins for Editor in 0.00 ms.
Invoked RoslynAnalysisRunner static constructor.
RoslynAnalysisRunner will not be running.
RoslynAnalysisRunner has terminated.
Mono: successfully reloaded assembly
- Completed reload, in 36.651 seconds
Platform modules already initialized, skipping
Refreshing native plugins compatible for Editor in 1.50 ms, found 3 plugins.
Preloading 0 native plugins for Editor in 0.00 ms.
Unloading 1541 Unused Serialized files (Serialized files now loaded: 0)
System memory in use before: 116.9 MB.
System memory in use after: 116.5 MB.

Unloading 16 unused Assets to reduce memory usage. Loaded Objects now: 2119.
Total: 8.380800 ms (FindLiveObjects: 0.707800 ms CreateObjectMapping: 0.258600 ms MarkObjects: 5.815100 ms  DeleteObjects: 1.593400 ms)

========================================================================
Received Prepare
Registering precompiled user dll's ...
Registered in 0.009031 seconds.
Begin MonoManager ReloadAssembly
Native extension for WindowsStandalone target not found
Refreshing native plugins compatible for Editor in 1.65 ms, found 3 plugins.
Preloading 0 native plugins for Editor in 0.00 ms.
Invoked RoslynAnalysisRunner static constructor.
RoslynAnalysisRunner will not be running.
RoslynAnalysisRunner has terminated.
Mono: successfully reloaded assembly
- Completed reload, in  8.559 seconds
Platform modules already initialized, skipping
Refreshing native plugins compatible for Editor in 1.78 ms, found 3 plugins.
Preloading 0 native plugins for Editor in 0.00 ms.
Unloading 1541 Unused Serialized files (Serialized files now loaded: 0)
System memory in use before: 116.9 MB.
System memory in use after: 116.5 MB.

Unloading 16 unused Assets to reduce memory usage. Loaded Objects now: 2121.
Total: 48.522700 ms (FindLiveObjects: 0.738700 ms CreateObjectMapping: 0.182000 ms MarkObjects: 9.878400 ms  DeleteObjects: 37.717800 ms)

========================================================================
Received Prepare
Registering precompiled user dll's ...
Registered in 0.775968 seconds.
Begin MonoManager ReloadAssembly
Native extension for WindowsStandalone target not found
Refreshing native plugins compatible for Editor in 1.96 ms, found 3 plugins.
Preloading 0 native plugins for Editor in 0.00 ms.
Invoked RoslynAnalysisRunner static constructor.
RoslynAnalysisRunner will not be running.
RoslynAnalysisRunner has terminated.
Mono: successfully reloaded assembly
- Completed reload, in 13.181 seconds
Platform modules already initialized, skipping
Refreshing native plugins compatible for Editor in 2.17 ms, found 3 plugins.
Preloading 0 native plugins for Editor in 0.00 ms.
Unloading 1541 Unused Serialized files (Serialized files now loaded: 0)
System memory in use before: 116.9 MB.
System memory in use after: 116.5 MB.

Unloading 16 unused Assets to reduce memory usage. Loaded Objects now: 2123.
Total: 116.274600 ms (FindLiveObjects: 1.646700 ms CreateObjectMapping: 0.330900 ms MarkObjects: 112.444400 ms  DeleteObjects: 1.846900 ms)

========================================================================
Received Prepare
Registering precompiled user dll's ...
Registered in 0.008844 seconds.
Begin MonoManager ReloadAssembly
Native extension for WindowsStandalone target not found
Refreshing native plugins compatible for Editor in 1.69 ms, found 3 plugins.
Preloading 0 native plugins for Editor in 0.00 ms.
Invoked RoslynAnalysisRunner static constructor.
RoslynAnalysisRunner will not be running.
RoslynAnalysisRunner has terminated.
Mono: successfully reloaded assembly
- Completed reload, in 15.201 seconds
Platform modules already initialized, skipping
Refreshing native plugins compatible for Editor in 1.54 ms, found 3 plugins.
Preloading 0 native plugins for Editor in 0.00 ms.
Unloading 1541 Unused Serialized files (Serialized files now loaded: 0)
System memory in use before: 116.9 MB.
System memory in use after: 116.5 MB.

Unloading 16 unused Assets to reduce memory usage. Loaded Objects now: 2125.
Total: 11.358300 ms (FindLiveObjects: 0.675900 ms CreateObjectMapping: 0.161300 ms MarkObjects: 9.121400 ms  DeleteObjects: 1.393600 ms)

========================================================================
Received Prepare
Registering precompiled user dll's ...
Registered in 0.008903 seconds.
Begin MonoManager ReloadAssembly
Native extension for WindowsStandalone target not found
Refreshing native plugins compatible for Editor in 2.21 ms, found 3 plugins.
Preloading 0 native plugins for Editor in 0.00 ms.
Invoked RoslynAnalysisRunner static constructor.
RoslynAnalysisRunner will not be running.
RoslynAnalysisRunner has terminated.
Mono: successfully reloaded assembly
- Completed reload, in 12.077 seconds
Platform modules already initialized, skipping
Refreshing native plugins compatible for Editor in 3.83 ms, found 3 plugins.
Preloading 0 native plugins for Editor in 0.00 ms.
Unloading 1541 Unused Serialized files (Serialized files now loaded: 0)
System memory in use before: 117.0 MB.
System memory in use after: 116.5 MB.

Unloading 16 unused Assets to reduce memory usage. Loaded Objects now: 2127.
Total: 70.059100 ms (FindLiveObjects: 4.250200 ms CreateObjectMapping: 0.190300 ms MarkObjects: 8.385000 ms  DeleteObjects: 57.228000 ms)

========================================================================
Received Prepare
Registering precompiled user dll's ...
Registered in 0.018880 seconds.
Begin MonoManager ReloadAssembly
Native extension for WindowsStandalone target not found
Refreshing native plugins compatible for Editor in 1.48 ms, found 3 plugins.
Preloading 0 native plugins for Editor in 0.00 ms.
Invoked RoslynAnalysisRunner static constructor.
RoslynAnalysisRunner will not be running.
RoslynAnalysisRunner has terminated.
Mono: successfully reloaded assembly
- Completed reload, in  9.583 seconds
Platform modules already initialized, skipping
Refreshing native plugins compatible for Editor in 1.82 ms, found 3 plugins.
Preloading 0 native plugins for Editor in 0.00 ms.
Unloading 1541 Unused Serialized files (Serialized files now loaded: 0)
System memory in use before: 117.0 MB.
System memory in use after: 116.5 MB.

Unloading 16 unused Assets to reduce memory usage. Loaded Objects now: 2129.
Total: 19.089800 ms (FindLiveObjects: 1.289800 ms CreateObjectMapping: 1.337900 ms MarkObjects: 14.207300 ms  DeleteObjects: 2.249200 ms)

========================================================================
Received Prepare
Registering precompiled user dll's ...
Registered in 0.016487 seconds.
Begin MonoManager ReloadAssembly
Native extension for WindowsStandalone target not found
Refreshing native plugins compatible for Editor in 2.87 ms, found 3 plugins.
Preloading 0 native plugins for Editor in 0.00 ms.
Invoked RoslynAnalysisRunner static constructor.
RoslynAnalysisRunner will not be running.
RoslynAnalysisRunner has terminated.
Mono: successfully reloaded assembly
- Completed reload, in 60.925 seconds
Platform modules already initialized, skipping
Refreshing native plugins compatible for Editor in 3.28 ms, found 3 plugins.
Preloading 0 native plugins for Editor in 0.00 ms.
Unloading 1541 Unused Serialized files (Serialized files now loaded: 0)
System memory in use before: 117.0 MB.
System memory in use after: 116.5 MB.

Unloading 16 unused Assets to reduce memory usage. Loaded Objects now: 2131.
Total: 142.732000 ms (FindLiveObjects: 0.748800 ms CreateObjectMapping: 0.185300 ms MarkObjects: 140.016100 ms  DeleteObjects: 1.775500 ms)

========================================================================
Received Prepare
Registering precompiled user dll's ...
Registered in 0.008360 seconds.
Begin MonoManager ReloadAssembly
Native extension for WindowsStandalone target not found
Refreshing native plugins compatible for Editor in 1.89 ms, found 3 plugins.
Preloading 0 native plugins for Editor in 0.00 ms.
Invoked RoslynAnalysisRunner static constructor.
RoslynAnalysisRunner will not be running.
RoslynAnalysisRunner has terminated.
Mono: successfully reloaded assembly
- Completed reload, in 14.757 seconds
Platform modules already initialized, skipping
Refreshing native plugins compatible for Editor in 1.81 ms, found 3 plugins.
Preloading 0 native plugins for Editor in 0.00 ms.
Unloading 1541 Unused Serialized files (Serialized files now loaded: 0)
System memory in use before: 117.0 MB.
System memory in use after: 116.5 MB.

Unloading 16 unused Assets to reduce memory usage. Loaded Objects now: 2133.
Total: 107.476300 ms (FindLiveObjects: 0.684000 ms CreateObjectMapping: 0.161300 ms MarkObjects: 90.907400 ms  DeleteObjects: 15.716700 ms)

========================================================================
Received Prepare
Registering precompiled user dll's ...
Registered in 0.016048 seconds.
Begin MonoManager ReloadAssembly
Native extension for WindowsStandalone target not found
Refreshing native plugins compatible for Editor in 5.47 ms, found 3 plugins.
Preloading 0 native plugins for Editor in 0.00 ms.
Invoked RoslynAnalysisRunner static constructor.
RoslynAnalysisRunner will not be running.
RoslynAnalysisRunner has terminated.
Mono: successfully reloaded assembly
- Completed reload, in 62.490 seconds
Platform modules already initialized, skipping
Refreshing native plugins compatible for Editor in 873.05 ms, found 3 plugins.
Preloading 0 native plugins for Editor in 0.00 ms.
Unloading 1541 Unused Serialized files (Serialized files now loaded: 0)
System memory in use before: 117.0 MB.
System memory in use after: 116.5 MB.

Unloading 16 unused Assets to reduce memory usage. Loaded Objects now: 2135.
Total: 1273.793300 ms (FindLiveObjects: 259.731200 ms CreateObjectMapping: 45.222400 ms MarkObjects: 947.634500 ms  DeleteObjects: 21.198100 ms)

========================================================================
Received Import Request.
  Time since last request: 3535.283296 seconds.
  path: Assets/A&A/Animations/Gun
  artifactKey: Guid(3d0bba180bf036f4bafafee38187b651) Importer(815301076,1909f56bfc062723c751e8b465ee728b)
Start importing Assets/A&A/Animations/Gun using Guid(3d0bba180bf036f4bafafee38187b651) Importer(815301076,1909f56bfc062723c751e8b465ee728b)  -> (artifact id: '84aea7cbfb98e36ddeb175194ac82eb5') in 35.263899 seconds
  Import took 45.325014 seconds .

========================================================================
Received Import Request.
  Time since last request: 0.017801 seconds.
  path: Assets/A&A/Animations/Gun/GunPlay.anim
  artifactKey: Guid(6dabb0c7357a53547a99f522a4c8fcd9) Importer(815301076,1909f56bfc062723c751e8b465ee728b)
Start importing Assets/A&A/Animations/Gun/GunPlay.anim using Guid(6dabb0c7357a53547a99f522a4c8fcd9) Importer(815301076,1909f56bfc062723c751e8b465ee728b)  -> (artifact id: '390526edab319ed4703ecb2bb27b52b1') in 18.515855 seconds
  Import took 18.549301 seconds .

========================================================================
Received Import Request.
  Time since last request: 7.101339 seconds.
  path: Assets/A&A/Animations/Gun/GunPlay.anim
  artifactKey: Guid(6dabb0c7357a53547a99f522a4c8fcd9) Importer(815301076,1909f56bfc062723c751e8b465ee728b)
Start importing Assets/A&A/Animations/Gun/GunPlay.anim using Guid(6dabb0c7357a53547a99f522a4c8fcd9) Importer(815301076,1909f56bfc062723c751e8b465ee728b)  -> (artifact id: '390526edab319ed4703ecb2bb27b52b1') in 10.677465 seconds
  Import took 10.687464 seconds .

========================================================================
Received Import Request.
  Time since last request: 0.004757 seconds.
  path: Assets/A&A/Animations/Gun/GunShoot.anim
  artifactKey: Guid(ebf013864f6b94d4792a29e4b75a30a3) Importer(815301076,1909f56bfc062723c751e8b465ee728b)
Start importing Assets/A&A/Animations/Gun/GunShoot.anim using Guid(ebf013864f6b94d4792a29e4b75a30a3) Importer(815301076,1909f56bfc062723c751e8b465ee728b)  -> (artifact id: '9b3e07ed7d99ff5c43e5e989bf6aec15') in 2.223356 seconds
  Import took 2.264694 seconds .

========================================================================
Received Prepare
Registering precompiled user dll's ...
Registered in 0.018870 seconds.
Begin MonoManager ReloadAssembly
Native extension for WindowsStandalone target not found
Refreshing native plugins compatible for Editor in 28.59 ms, found 3 plugins.
Preloading 0 native plugins for Editor in 0.00 ms.
Invoked RoslynAnalysisRunner static constructor.
RoslynAnalysisRunner will not be running.
RoslynAnalysisRunner has terminated.
Mono: successfully reloaded assembly
- Completed reload, in 45.412 seconds
Platform modules already initialized, skipping
Refreshing native plugins compatible for Editor in 3.86 ms, found 3 plugins.
Preloading 0 native plugins for Editor in 0.00 ms.
Unloading 1541 Unused Serialized files (Serialized files now loaded: 0)
System memory in use before: 117.0 MB.
System memory in use after: 116.5 MB.

Unloading 16 unused Assets to reduce memory usage. Loaded Objects now: 2137.
Total: 1850.474300 ms (FindLiveObjects: 44.407200 ms CreateObjectMapping: 3.299200 ms MarkObjects: 1681.705900 ms  DeleteObjects: 121.055400 ms)

========================================================================
Received Prepare
Registering precompiled user dll's ...
Registered in 0.007063 seconds.
Begin MonoManager ReloadAssembly
Native extension for WindowsStandalone target not found
Refreshing native plugins compatible for Editor in 1.54 ms, found 3 plugins.
Preloading 0 native plugins for Editor in 0.00 ms.
Invoked RoslynAnalysisRunner static constructor.
RoslynAnalysisRunner will not be running.
RoslynAnalysisRunner has terminated.
Mono: successfully reloaded assembly
- Completed reload, in  7.252 seconds
Platform modules already initialized, skipping
Refreshing native plugins compatible for Editor in 1.49 ms, found 3 plugins.
Preloading 0 native plugins for Editor in 0.00 ms.
Unloading 1541 Unused Serialized files (Serialized files now loaded: 0)
System memory in use before: 117.0 MB.
System memory in use after: 116.6 MB.

Unloading 16 unused Assets to reduce memory usage. Loaded Objects now: 2139.
Total: 12.193800 ms (FindLiveObjects: 0.832100 ms CreateObjectMapping: 0.207200 ms MarkObjects: 9.693300 ms  DeleteObjects: 1.455100 ms)

========================================================================
Received Import Request.
  Time since last request: 960.025891 seconds.
  path: Assets/A&A/Animations/Gun/GunPlay2.anim
  artifactKey: Guid(89f7ee6b0852db841bbb60de3bf46443) Importer(815301076,1909f56bfc062723c751e8b465ee728b)
Start importing Assets/A&A/Animations/Gun/GunPlay2.anim using Guid(89f7ee6b0852db841bbb60de3bf46443) Importer(815301076,1909f56bfc062723c751e8b465ee728b)  -> (artifact id: 'e5b22611b082c247b93a456d73faf2af') in 3.742434 seconds
  Import took 3.766460 seconds .

========================================================================
Received Import Request.
  Time since last request: 6161.533561 seconds.
  path: Assets/A&A/Animators/BaseAnimators/Epic_SandBox_Player.controller
  artifactKey: Guid(c2a20d2fa683fcd47adc3572bf8cd28b) Importer(815301076,1909f56bfc062723c751e8b465ee728b)
Start importing Assets/A&A/Animators/BaseAnimators/Epic_SandBox_Player.controller using Guid(c2a20d2fa683fcd47adc3572bf8cd28b) Importer(815301076,1909f56bfc062723c751e8b465ee728b)  -> (artifact id: '3cc18f5febe247b1b0754e3e290d3d64') in 20.074110 seconds
  Import took 20.104120 seconds .

========================================================================
Received Prepare
Registering precompiled user dll's ...
Registered in 0.372240 seconds.
Begin MonoManager ReloadAssembly
Native extension for WindowsStandalone target not found
Refreshing native plugins compatible for Editor in 1.91 ms, found 3 plugins.
Preloading 0 native plugins for Editor in 0.00 ms.
Invoked RoslynAnalysisRunner static constructor.
RoslynAnalysisRunner will not be running.
RoslynAnalysisRunner has terminated.
Mono: successfully reloaded assembly
- Completed reload, in 39.556 seconds
Platform modules already initialized, skipping
Refreshing native plugins compatible for Editor in 1.55 ms, found 3 plugins.
Preloading 0 native plugins for Editor in 0.00 ms.
Unloading 1541 Unused Serialized files (Serialized files now loaded: 0)
System memory in use before: 117.0 MB.
System memory in use after: 116.6 MB.

Unloading 16 unused Assets to reduce memory usage. Loaded Objects now: 2141.
Total: 531.274700 ms (FindLiveObjects: 15.058000 ms CreateObjectMapping: 0.410200 ms MarkObjects: 477.954500 ms  DeleteObjects: 37.844900 ms)

========================================================================
Received Prepare
Registering precompiled user dll's ...
Registered in 0.072276 seconds.
Begin MonoManager ReloadAssembly
Native extension for WindowsStandalone target not found
Refreshing native plugins compatible for Editor in 1.71 ms, found 3 plugins.
Preloading 0 native plugins for Editor in 0.00 ms.
Invoked RoslynAnalysisRunner static constructor.
RoslynAnalysisRunner will not be running.
RoslynAnalysisRunner has terminated.
Mono: successfully reloaded assembly
- Completed reload, in  5.083 seconds
Platform modules already initialized, skipping
Refreshing native plugins compatible for Editor in 1.41 ms, found 3 plugins.
Preloading 0 native plugins for Editor in 0.00 ms.
Unloading 1541 Unused Serialized files (Serialized files now loaded: 0)
System memory in use before: 116.9 MB.
System memory in use after: 116.5 MB.

Unloading 16 unused Assets to reduce memory usage. Loaded Objects now: 2143.
Total: 76.400900 ms (FindLiveObjects: 0.807900 ms CreateObjectMapping: 0.195400 ms MarkObjects: 7.606600 ms  DeleteObjects: 67.785100 ms)

========================================================================
Received Prepare
Registering precompiled user dll's ...
Registered in 0.067437 seconds.
Begin MonoManager ReloadAssembly
Native extension for WindowsStandalone target not found
Refreshing native plugins compatible for Editor in 1.69 ms, found 3 plugins.
Preloading 0 native plugins for Editor in 0.00 ms.
Invoked RoslynAnalysisRunner static constructor.
RoslynAnalysisRunner will not be running.
RoslynAnalysisRunner has terminated.
Mono: successfully reloaded assembly
- Completed reload, in 41.147 seconds
Platform modules already initialized, skipping
Refreshing native plugins compatible for Editor in 1.56 ms, found 3 plugins.
Preloading 0 native plugins for Editor in 0.00 ms.
Unloading 1541 Unused Serialized files (Serialized files now loaded: 0)
System memory in use before: 116.9 MB.
System memory in use after: 116.5 MB.

Unloading 16 unused Assets to reduce memory usage. Loaded Objects now: 2145.
Total: 86.294600 ms (FindLiveObjects: 0.855400 ms CreateObjectMapping: 0.194200 ms MarkObjects: 83.457500 ms  DeleteObjects: 1.780600 ms)

========================================================================
Received Prepare
Registering precompiled user dll's ...
Registered in 0.014606 seconds.
Begin MonoManager ReloadAssembly
Native extension for WindowsStandalone target not found
Refreshing native plugins compatible for Editor in 2.09 ms, found 3 plugins.
Preloading 0 native plugins for Editor in 0.00 ms.
Invoked RoslynAnalysisRunner static constructor.
RoslynAnalysisRunner will not be running.
RoslynAnalysisRunner has terminated.
Mono: successfully reloaded assembly
- Completed reload, in 122.760 seconds
Platform modules already initialized, skipping
Refreshing native plugins compatible for Editor in 1.55 ms, found 3 plugins.
Preloading 0 native plugins for Editor in 0.00 ms.
Unloading 1541 Unused Serialized files (Serialized files now loaded: 0)
System memory in use before: 116.9 MB.
System memory in use after: 116.5 MB.

Unloading 16 unused Assets to reduce memory usage. Loaded Objects now: 2147.
Total: 40.609000 ms (FindLiveObjects: 1.775300 ms CreateObjectMapping: 0.228000 ms MarkObjects: 36.897600 ms  DeleteObjects: 1.701600 ms)

========================================================================
Received Prepare
Registering precompiled user dll's ...
Registered in 0.495818 seconds.
Begin MonoManager ReloadAssembly
Native extension for WindowsStandalone target not found
Refreshing native plugins compatible for Editor in 3.65 ms, found 3 plugins.
Preloading 0 native plugins for Editor in 0.00 ms.
Invoked RoslynAnalysisRunner static constructor.
RoslynAnalysisRunner will not be running.
RoslynAnalysisRunner has terminated.
Mono: successfully reloaded assembly
- Completed reload, in 19.387 seconds
Platform modules already initialized, skipping
Refreshing native plugins compatible for Editor in 1.85 ms, found 3 plugins.
Preloading 0 native plugins for Editor in 0.00 ms.
Unloading 1541 Unused Serialized files (Serialized files now loaded: 0)
System memory in use before: 116.9 MB.
System memory in use after: 116.5 MB.

Unloading 16 unused Assets to reduce memory usage. Loaded Objects now: 2149.
Total: 31.176900 ms (FindLiveObjects: 2.937700 ms CreateObjectMapping: 0.426600 ms MarkObjects: 25.425700 ms  DeleteObjects: 2.381100 ms)

========================================================================
Received Prepare
Registering precompiled user dll's ...
Registered in 0.238563 seconds.
Begin MonoManager ReloadAssembly
Native extension for WindowsStandalone target not found
Refreshing native plugins compatible for Editor in 12.41 ms, found 3 plugins.
Preloading 0 native plugins for Editor in 0.00 ms.
Invoked RoslynAnalysisRunner static constructor.
RoslynAnalysisRunner will not be running.
RoslynAnalysisRunner has terminated.
Mono: successfully reloaded assembly
- Completed reload, in 14.775 seconds
Platform modules already initialized, skipping
Refreshing native plugins compatible for Editor in 2.21 ms, found 3 plugins.
Preloading 0 native plugins for Editor in 0.00 ms.
Unloading 1541 Unused Serialized files (Serialized files now loaded: 0)
System memory in use before: 116.9 MB.
System memory in use after: 116.5 MB.

Unloading 16 unused Assets to reduce memory usage. Loaded Objects now: 2151.
Total: 11.941700 ms (FindLiveObjects: 1.111600 ms CreateObjectMapping: 0.198500 ms MarkObjects: 7.385800 ms  DeleteObjects: 3.239800 ms)

========================================================================
Received Prepare
Registering precompiled user dll's ...
Registered in 0.007331 seconds.
Begin MonoManager ReloadAssembly
Native extension for WindowsStandalone target not found
Refreshing native plugins compatible for Editor in 476.50 ms, found 3 plugins.
Preloading 0 native plugins for Editor in 0.00 ms.
Invoked RoslynAnalysisRunner static constructor.
RoslynAnalysisRunner will not be running.
RoslynAnalysisRunner has terminated.
Mono: successfully reloaded assembly
- Completed reload, in 95.568 seconds
Platform modules already initialized, skipping
Refreshing native plugins compatible for Editor in 1.54 ms, found 3 plugins.
Preloading 0 native plugins for Editor in 0.00 ms.
Unloading 1541 Unused Serialized files (Serialized files now loaded: 0)
System memory in use before: 116.9 MB.
System memory in use after: 116.5 MB.

Unloading 16 unused Assets to reduce memory usage. Loaded Objects now: 2153.
Total: 9.278900 ms (FindLiveObjects: 1.034500 ms CreateObjectMapping: 0.276000 ms MarkObjects: 6.330400 ms  DeleteObjects: 1.631600 ms)

========================================================================
Received Prepare
Registering precompiled user dll's ...
Registered in 0.012779 seconds.
Begin MonoManager ReloadAssembly
Native extension for WindowsStandalone target not found
Refreshing native plugins compatible for Editor in 4.06 ms, found 3 plugins.
Preloading 0 native plugins for Editor in 0.00 ms.
Invoked RoslynAnalysisRunner static constructor.
RoslynAnalysisRunner will not be running.
RoslynAnalysisRunner has terminated.
Mono: successfully reloaded assembly
- Completed reload, in 17.045 seconds
Platform modules already initialized, skipping
Refreshing native plugins compatible for Editor in 1.40 ms, found 3 plugins.
Preloading 0 native plugins for Editor in 0.00 ms.
Unloading 1541 Unused Serialized files (Serialized files now loaded: 0)
System memory in use before: 116.9 MB.
System memory in use after: 116.5 MB.

Unloading 16 unused Assets to reduce memory usage. Loaded Objects now: 2155.
Total: 16.970600 ms (FindLiveObjects: 1.707500 ms CreateObjectMapping: 0.308000 ms MarkObjects: 12.991900 ms  DeleteObjects: 1.957700 ms)

AssetImportWorkerClient::OnTransportError - code=2 error=End of file
