Using pre-set license
Built from '2020.2/release' branch; Version is '2020.2.0f1 (3721df5a8b28) revision 3613151'; Using compiler version '192528614'; Build Type 'Release'
OS: 'Windows 10  (10.0.0) 64bit' Language: 'en' Physical Memory: 3930 MB
BatchMode: 1, IsHumanControllingUs: 0, StartBugReporterOnCrash: 0, Is64bit: 1, IsPro: 0

 COMMAND LINE ARGUMENTS:
D:\unity\2020.2.0f1\Editor\Unity.exe
-adb2
-batchMode
-noUpm
-name
AssetImportWorker4
-projectPath
D:/project/PortfolioProject_Demo
-logFile
Logs/AssetImportWorker4.log
-srvPort
52097
Successfully changed project path to: D:/project/PortfolioProject_Demo
D:/project/PortfolioProject_Demo
Using Asset Import Pipeline V2.
Refreshing native plugins compatible for Editor in 264.61 ms, found 3 plugins.
Preloading 0 native plugins for Editor in 0.00 ms.
Initialize engine version: 2020.2.0f1 (3721df5a8b28)
[Subsystems] Discovering subsystems at path D:/unity/2020.2.0f1/Editor/Data/Resources/UnitySubsystems
[Subsystems] Discovering subsystems at path D:/project/PortfolioProject_Demo/Assets
GfxDevice: creating device client; threaded=0
Direct3D:
    Version:  Direct3D 11.0 [level 11.1]
    Renderer: Intel(R) HD Graphics (ID=0x22b1)
    Vendor:   
    VRAM:     1965 MB
    Driver:   20.19.15.5070
Initialize mono
Mono path[0] = 'D:/unity/2020.2.0f1/Editor/Data/Managed'
Mono path[1] = 'D:/unity/2020.2.0f1/Editor/Data/MonoBleedingEdge/lib/mono/unityjit'
Mono config path = 'D:/unity/2020.2.0f1/Editor/Data/MonoBleedingEdge/etc'
Using monoOptions --debugger-agent=transport=dt_socket,embedding=1,server=y,suspend=n,address=127.0.0.1:56428
Begin MonoManager ReloadAssembly
Registering precompiled unity dll's ...
Register platform support module: D:/unity/2020.2.0f1/Editor/Data/PlaybackEngines/WindowsStandaloneSupport/UnityEditor.WindowsStandalone.Extensions.dll
Registered in 0.004607 seconds.
Native extension for WindowsStandalone target not found
Refreshing native plugins compatible for Editor in 217.22 ms, found 3 plugins.
Preloading 0 native plugins for Editor in 0.00 ms.
Invoked RoslynAnalysisRunner static constructor.
RoslynAnalysisRunner will not be running.
RoslynAnalysisRunner has terminated.
Mono: successfully reloaded assembly
- Completed reload, in  5.261 seconds
Platform modules already initialized, skipping
Registering precompiled user dll's ...
Registered in 0.006119 seconds.
Begin MonoManager ReloadAssembly
Native extension for WindowsStandalone target not found
Refreshing native plugins compatible for Editor in 212.03 ms, found 3 plugins.
Preloading 0 native plugins for Editor in 0.00 ms.
Invoked RoslynAnalysisRunner static constructor.
RoslynAnalysisRunner will not be running.
RoslynAnalysisRunner has terminated.
Mono: successfully reloaded assembly
- Completed reload, in  8.165 seconds
Platform modules already initialized, skipping
========================================================================
Worker process is ready to serve import requests
Launched and connected shader compiler UnityShaderCompiler.exe after 0.53 seconds
Refreshing native plugins compatible for Editor in 2.39 ms, found 3 plugins.
Preloading 0 native plugins for Editor in 0.00 ms.
Unloading 1606 Unused Serialized files (Serialized files now loaded: 0)
System memory in use before: 104.5 MB.
System memory in use after: 104.1 MB.

Unloading 31 unused Assets to reduce memory usage. Loaded Objects now: 2077.
Total: 93.440900 ms (FindLiveObjects: 0.671400 ms CreateObjectMapping: 0.244000 ms MarkObjects: 90.504600 ms  DeleteObjects: 2.015800 ms)

========================================================================
Received Import Request.
  path: Assets/Prefabs/BetterPrefab/katana.prefab
  artifactKey: Guid(df182c83cc952f74fac7ebd64c3c0af2) Importer(815301076,1909f56bfc062723c751e8b465ee728b)
Start importing Assets/Prefabs/BetterPrefab/katana.prefab using Guid(df182c83cc952f74fac7ebd64c3c0af2) Importer(815301076,1909f56bfc062723c751e8b465ee728b)  -> (artifact id: '0cdd26066ad5e4a6aa661d2199b3e406') in 5.082677 seconds
  Import took 5.143317 seconds .

========================================================================
Received Import Request.
  Time since last request: 0.001561 seconds.
  path: Assets/Prefabs/BetterPrefab/Shield.prefab
  artifactKey: Guid(f26d87208e74b164181e0f298f8648b2) Importer(815301076,1909f56bfc062723c751e8b465ee728b)
Start importing Assets/Prefabs/BetterPrefab/Shield.prefab using Guid(f26d87208e74b164181e0f298f8648b2) Importer(815301076,1909f56bfc062723c751e8b465ee728b)  -> (artifact id: '3107f704a9a146620c78b01738bea165') in 0.928254 seconds
  Import took 1.157045 seconds .

========================================================================
Received Import Request.
  Time since last request: 111.709415 seconds.
  path: Assets/A&A/Animations/SharpAccent
  artifactKey: Guid(be4aaa1bcffff0041a98bc00bbd074a8) Importer(815301076,1909f56bfc062723c751e8b465ee728b)
Start importing Assets/A&A/Animations/SharpAccent using Guid(be4aaa1bcffff0041a98bc00bbd074a8) Importer(815301076,1909f56bfc062723c751e8b465ee728b)  -> (artifact id: '393ae0d9cf403a831cb2b94581f555b3') in 0.010212 seconds
  Import took 0.065668 seconds .

========================================================================
Received Import Request.
  Time since last request: 2.817792 seconds.
  path: Assets/A&A/Animations/SharpAccent/Damage
  artifactKey: Guid(cceab6a768a467048bfbd79c9a72c420) Importer(815301076,1909f56bfc062723c751e8b465ee728b)
Start importing Assets/A&A/Animations/SharpAccent/Damage using Guid(cceab6a768a467048bfbd79c9a72c420) Importer(815301076,1909f56bfc062723c751e8b465ee728b)  -> (artifact id: '0b4f26cc5fa97985b9a82f907a918022') in 0.006420 seconds
  Import took 0.045100 seconds .

========================================================================
Received Import Request.
  Time since last request: 3.701987 seconds.
  path: Assets/A&A/Animations/SharpAccent/Damage/damage 2.anim
  artifactKey: Guid(a1eabc6d4d759c7488f165cb6214ad2a) Importer(815301076,1909f56bfc062723c751e8b465ee728b)
Start importing Assets/A&A/Animations/SharpAccent/Damage/damage 2.anim using Guid(a1eabc6d4d759c7488f165cb6214ad2a) Importer(815301076,1909f56bfc062723c751e8b465ee728b)  -> (artifact id: '39fe337a6c1cfb3353db450bd838e62d') in 0.090325 seconds
  Import took 0.149189 seconds .

========================================================================
Received Import Request.
  Time since last request: 0.053798 seconds.
  path: Assets/A&A/Animations/SharpAccent/Damage/damage 2.anim
  artifactKey: Guid(a1eabc6d4d759c7488f165cb6214ad2a) Importer(815301076,1909f56bfc062723c751e8b465ee728b)
Start importing Assets/A&A/Animations/SharpAccent/Damage/damage 2.anim using Guid(a1eabc6d4d759c7488f165cb6214ad2a) Importer(815301076,1909f56bfc062723c751e8b465ee728b)  -> (artifact id: '39fe337a6c1cfb3353db450bd838e62d') in 0.050076 seconds
  Import took 0.111717 seconds .

========================================================================
Received Import Request.
  Time since last request: 0.954075 seconds.
  path: Assets/A&A/Animations/SharpAccent/Damage/damage 1.anim
  artifactKey: Guid(f885b65d6c9cb7e4c84ff9d0c5282e7c) Importer(815301076,1909f56bfc062723c751e8b465ee728b)
Start importing Assets/A&A/Animations/SharpAccent/Damage/damage 1.anim using Guid(f885b65d6c9cb7e4c84ff9d0c5282e7c) Importer(815301076,1909f56bfc062723c751e8b465ee728b)  -> (artifact id: '8dd566e0973e6667c69735d2deddbbc0') in 0.233987 seconds
  Import took 0.265535 seconds .

========================================================================
Received Import Request.
  Time since last request: 6.430106 seconds.
  path: Assets/A&A/Animations/SharpAccent/Damage/damage_3.anim
  artifactKey: Guid(08daa4193f633cc43afd2c028a452c07) Importer(815301076,1909f56bfc062723c751e8b465ee728b)
Start importing Assets/A&A/Animations/SharpAccent/Damage/damage_3.anim using Guid(08daa4193f633cc43afd2c028a452c07) Importer(815301076,1909f56bfc062723c751e8b465ee728b)  -> (artifact id: '24dcc26662ce9727fae6220cec059627') in 0.293918 seconds
  Import took 0.349278 seconds .

========================================================================
Received Import Request.
  Time since last request: 2.696052 seconds.
  path: Assets/A&A/Animations/SharpAccent/Damage/getting_backstabbed.anim
  artifactKey: Guid(8817272b5aec3ac479f1a9b57dc96c45) Importer(815301076,1909f56bfc062723c751e8b465ee728b)
Start importing Assets/A&A/Animations/SharpAccent/Damage/getting_backstabbed.anim using Guid(8817272b5aec3ac479f1a9b57dc96c45) Importer(815301076,1909f56bfc062723c751e8b465ee728b)  -> (artifact id: '97897c3c3006581c9c3d896b7e42bdcf') in 0.354976 seconds
  Import took 0.387807 seconds .

========================================================================
Received Import Request.
  Time since last request: 61.033425 seconds.
  path: Assets/Scripts/Enemy/Enemy.cs
  artifactKey: Guid(41aeeab261fe5bd498ba642bf5c567d8) Importer(815301076,1909f56bfc062723c751e8b465ee728b)
Start importing Assets/Scripts/Enemy/Enemy.cs using Guid(41aeeab261fe5bd498ba642bf5c567d8) Importer(815301076,1909f56bfc062723c751e8b465ee728b)  -> (artifact id: '79db84e811b0669d75271a131eaa6998') in 0.103874 seconds
  Import took 0.232571 seconds .

========================================================================
Received Prepare
Registering precompiled user dll's ...
Registered in 0.007625 seconds.
Begin MonoManager ReloadAssembly
Native extension for WindowsStandalone target not found
Refreshing native plugins compatible for Editor in 1.79 ms, found 3 plugins.
Preloading 0 native plugins for Editor in 0.00 ms.
Invoked RoslynAnalysisRunner static constructor.
RoslynAnalysisRunner will not be running.
RoslynAnalysisRunner has terminated.
Mono: successfully reloaded assembly
- Completed reload, in 17.305 seconds
Platform modules already initialized, skipping
Refreshing native plugins compatible for Editor in 1.47 ms, found 3 plugins.
Preloading 0 native plugins for Editor in 0.00 ms.
Unloading 1552 Unused Serialized files (Serialized files now loaded: 0)
System memory in use before: 104.9 MB.
System memory in use after: 104.4 MB.

Unloading 16 unused Assets to reduce memory usage. Loaded Objects now: 2086.
Total: 39.602500 ms (FindLiveObjects: 0.784500 ms CreateObjectMapping: 0.185000 ms MarkObjects: 35.234700 ms  DeleteObjects: 3.392300 ms)

========================================================================
Received Prepare
Registering precompiled user dll's ...
Registered in 0.011369 seconds.
Begin MonoManager ReloadAssembly
Native extension for WindowsStandalone target not found
Refreshing native plugins compatible for Editor in 4.29 ms, found 3 plugins.
Preloading 0 native plugins for Editor in 0.00 ms.
Invoked RoslynAnalysisRunner static constructor.
RoslynAnalysisRunner will not be running.
RoslynAnalysisRunner has terminated.
Mono: successfully reloaded assembly
- Completed reload, in  6.924 seconds
Platform modules already initialized, skipping
Refreshing native plugins compatible for Editor in 3.63 ms, found 3 plugins.
Preloading 0 native plugins for Editor in 0.00 ms.
Unloading 1552 Unused Serialized files (Serialized files now loaded: 0)
System memory in use before: 104.9 MB.
System memory in use after: 104.5 MB.

Unloading 16 unused Assets to reduce memory usage. Loaded Objects now: 2088.
Total: 12.789500 ms (FindLiveObjects: 1.914600 ms CreateObjectMapping: 0.332700 ms MarkObjects: 9.188600 ms  DeleteObjects: 1.348500 ms)

========================================================================
Received Prepare
Registering precompiled user dll's ...
Registered in 0.006457 seconds.
Begin MonoManager ReloadAssembly
Native extension for WindowsStandalone target not found
Refreshing native plugins compatible for Editor in 9.80 ms, found 3 plugins.
Preloading 0 native plugins for Editor in 0.00 ms.
Invoked RoslynAnalysisRunner static constructor.
RoslynAnalysisRunner will not be running.
RoslynAnalysisRunner has terminated.
Mono: successfully reloaded assembly
- Completed reload, in 21.020 seconds
Platform modules already initialized, skipping
Refreshing native plugins compatible for Editor in 1.63 ms, found 3 plugins.
Preloading 0 native plugins for Editor in 0.00 ms.
Unloading 1552 Unused Serialized files (Serialized files now loaded: 0)
System memory in use before: 104.9 MB.
System memory in use after: 104.5 MB.

Unloading 16 unused Assets to reduce memory usage. Loaded Objects now: 2090.
Total: 85.697200 ms (FindLiveObjects: 0.662200 ms CreateObjectMapping: 0.235800 ms MarkObjects: 6.270100 ms  DeleteObjects: 78.523100 ms)

========================================================================
Received Import Request.
  Time since last request: 2007.537457 seconds.
  path: ProjectSettings/TagManager.asset
  artifactKey: Guid(00000000000000003000000000000000) Importer(815301076,1909f56bfc062723c751e8b465ee728b)
Start importing ProjectSettings/TagManager.asset using Guid(00000000000000003000000000000000) Importer(815301076,1909f56bfc062723c751e8b465ee728b)  -> (artifact id: 'a9efd4b3d456c3acfc841d48a9fa67c5') in 10.919944 seconds
  Import took 11.093698 seconds .

========================================================================
Received Prepare
Registering precompiled user dll's ...
Registered in 0.347319 seconds.
Begin MonoManager ReloadAssembly
Native extension for WindowsStandalone target not found
Refreshing native plugins compatible for Editor in 1.53 ms, found 3 plugins.
Preloading 0 native plugins for Editor in 0.00 ms.
Invoked RoslynAnalysisRunner static constructor.
RoslynAnalysisRunner will not be running.
RoslynAnalysisRunner has terminated.
Mono: successfully reloaded assembly
- Completed reload, in 31.906 seconds
Platform modules already initialized, skipping
Refreshing native plugins compatible for Editor in 1.42 ms, found 3 plugins.
Preloading 0 native plugins for Editor in 0.00 ms.
Unloading 1552 Unused Serialized files (Serialized files now loaded: 0)
System memory in use before: 104.9 MB.
System memory in use after: 104.5 MB.

Unloading 17 unused Assets to reduce memory usage. Loaded Objects now: 2092.
Total: 281.211900 ms (FindLiveObjects: 0.685300 ms CreateObjectMapping: 0.173600 ms MarkObjects: 278.358000 ms  DeleteObjects: 1.987900 ms)

========================================================================
Received Prepare
Registering precompiled user dll's ...
Registered in 0.097657 seconds.
Begin MonoManager ReloadAssembly
Native extension for WindowsStandalone target not found
Refreshing native plugins compatible for Editor in 1.55 ms, found 3 plugins.
Preloading 0 native plugins for Editor in 0.00 ms.
Invoked RoslynAnalysisRunner static constructor.
RoslynAnalysisRunner will not be running.
RoslynAnalysisRunner has terminated.
Mono: successfully reloaded assembly
- Completed reload, in 15.434 seconds
Platform modules already initialized, skipping
Refreshing native plugins compatible for Editor in 1.59 ms, found 3 plugins.
Preloading 0 native plugins for Editor in 0.00 ms.
Unloading 1552 Unused Serialized files (Serialized files now loaded: 0)
System memory in use before: 104.9 MB.
System memory in use after: 104.5 MB.

Unloading 16 unused Assets to reduce memory usage. Loaded Objects now: 2094.
Total: 51.130400 ms (FindLiveObjects: 0.664100 ms CreateObjectMapping: 0.266400 ms MarkObjects: 43.686900 ms  DeleteObjects: 6.505600 ms)

========================================================================
Received Prepare
Registering precompiled user dll's ...
Registered in 0.009300 seconds.
Begin MonoManager ReloadAssembly
Native extension for WindowsStandalone target not found
Refreshing native plugins compatible for Editor in 1.47 ms, found 3 plugins.
Preloading 0 native plugins for Editor in 0.00 ms.
Invoked RoslynAnalysisRunner static constructor.
RoslynAnalysisRunner will not be running.
RoslynAnalysisRunner has terminated.
Mono: successfully reloaded assembly
- Completed reload, in 38.395 seconds
Platform modules already initialized, skipping
Refreshing native plugins compatible for Editor in 38.35 ms, found 3 plugins.
Preloading 0 native plugins for Editor in 0.00 ms.
Unloading 1552 Unused Serialized files (Serialized files now loaded: 0)
System memory in use before: 104.9 MB.
System memory in use after: 104.5 MB.

Unloading 16 unused Assets to reduce memory usage. Loaded Objects now: 2096.
Total: 124.332600 ms (FindLiveObjects: 0.739600 ms CreateObjectMapping: 0.173100 ms MarkObjects: 121.878000 ms  DeleteObjects: 1.535900 ms)

========================================================================
Received Prepare
Registering precompiled user dll's ...
Registered in 0.006549 seconds.
Begin MonoManager ReloadAssembly
Native extension for WindowsStandalone target not found
Refreshing native plugins compatible for Editor in 2.94 ms, found 3 plugins.
Preloading 0 native plugins for Editor in 0.00 ms.
Invoked RoslynAnalysisRunner static constructor.
RoslynAnalysisRunner will not be running.
RoslynAnalysisRunner has terminated.
Mono: successfully reloaded assembly
- Completed reload, in 17.552 seconds
Platform modules already initialized, skipping
Refreshing native plugins compatible for Editor in 1.59 ms, found 3 plugins.
Preloading 0 native plugins for Editor in 0.00 ms.
Unloading 1552 Unused Serialized files (Serialized files now loaded: 0)
System memory in use before: 104.9 MB.
System memory in use after: 104.5 MB.

Unloading 16 unused Assets to reduce memory usage. Loaded Objects now: 2098.
Total: 931.676300 ms (FindLiveObjects: 0.712000 ms CreateObjectMapping: 0.177400 ms MarkObjects: 925.499400 ms  DeleteObjects: 5.281300 ms)

========================================================================
Received Import Request.
  Time since last request: 2790.896584 seconds.
  path: Assets/A&A/Animations/SharpAccent/Interactions/attack_interrupt.anim
  artifactKey: Guid(d52b2e52a9060c645b2722fe9d409b8e) Importer(815301076,1909f56bfc062723c751e8b465ee728b)
Start importing Assets/A&A/Animations/SharpAccent/Interactions/attack_interrupt.anim using Guid(d52b2e52a9060c645b2722fe9d409b8e) Importer(815301076,1909f56bfc062723c751e8b465ee728b)  -> (artifact id: '48d2f5ffd0fc8342d738f28502276089') in 3.838990 seconds
  Import took 3.870690 seconds .

========================================================================
Received Import Request.
  Time since last request: 0.174700 seconds.
  path: Assets/A&A/Animators/Knight1.controller
  artifactKey: Guid(9fec5b65165bb6f48af4a6e129d6a2be) Importer(815301076,1909f56bfc062723c751e8b465ee728b)
Start importing Assets/A&A/Animators/Knight1.controller using Guid(9fec5b65165bb6f48af4a6e129d6a2be) Importer(815301076,1909f56bfc062723c751e8b465ee728b)  -> (artifact id: '4796219895775de1d5ec0d164c2aa4bd') in 35.346829 seconds
  Import took 35.372131 seconds .

========================================================================
Received Import Request.
  Time since last request: 0.000980 seconds.
  path: Assets/A&A/Animations/SharpAccent/Attacks
  artifactKey: Guid(d4a44185bd3fd5847ba662b947ab1c26) Importer(815301076,1909f56bfc062723c751e8b465ee728b)
Start importing Assets/A&A/Animations/SharpAccent/Attacks using Guid(d4a44185bd3fd5847ba662b947ab1c26) Importer(815301076,1909f56bfc062723c751e8b465ee728b)  -> (artifact id: 'ad31996650b1c1e9070c1034ebd3b8bf') in 11.209044 seconds
  Import took 11.332147 seconds .

========================================================================
Received Import Request.
  Time since last request: 1.622721 seconds.
  path: Assets/A&A/Animators/BaseAnimators/Epic_SandBox_Player.controller
  artifactKey: Guid(c2a20d2fa683fcd47adc3572bf8cd28b) Importer(815301076,1909f56bfc062723c751e8b465ee728b)
Start importing Assets/A&A/Animators/BaseAnimators/Epic_SandBox_Player.controller using Guid(c2a20d2fa683fcd47adc3572bf8cd28b) Importer(815301076,1909f56bfc062723c751e8b465ee728b)  -> (artifact id: '0b6d518b1c291b1b6c916bd4ada3546f') in 23.600768 seconds
  Import took 23.620117 seconds .

========================================================================
Received Import Request.
  Time since last request: 0.056161 seconds.
  path: Assets/A&A/Animations/SharpAccent/Attacks/parry_attack.anim
  artifactKey: Guid(035369383d4573948a75ff6836ec31fd) Importer(815301076,1909f56bfc062723c751e8b465ee728b)
Start importing Assets/A&A/Animations/SharpAccent/Attacks/parry_attack.anim using Guid(035369383d4573948a75ff6836ec31fd) Importer(815301076,1909f56bfc062723c751e8b465ee728b)  -> (artifact id: 'cd1072c6279f0a09b47b649857b655a5') in 0.203076 seconds
  Import took 0.289486 seconds .

========================================================================
Received Prepare
Registering precompiled user dll's ...
Registered in 0.008306 seconds.
Begin MonoManager ReloadAssembly
Native extension for WindowsStandalone target not found
Refreshing native plugins compatible for Editor in 1.94 ms, found 3 plugins.
Preloading 0 native plugins for Editor in 0.00 ms.
Invoked RoslynAnalysisRunner static constructor.
RoslynAnalysisRunner will not be running.
RoslynAnalysisRunner has terminated.
Mono: successfully reloaded assembly
- Completed reload, in 61.986 seconds
Platform modules already initialized, skipping
Refreshing native plugins compatible for Editor in 1.48 ms, found 3 plugins.
Preloading 0 native plugins for Editor in 0.00 ms.
Unloading 1552 Unused Serialized files (Serialized files now loaded: 0)
System memory in use before: 105.0 MB.
System memory in use after: 104.5 MB.

Unloading 16 unused Assets to reduce memory usage. Loaded Objects now: 2100.
Total: 107.436700 ms (FindLiveObjects: 0.672700 ms CreateObjectMapping: 0.190000 ms MarkObjects: 7.549100 ms  DeleteObjects: 99.018600 ms)

========================================================================
Received Prepare
Registering precompiled user dll's ...
Registered in 0.008186 seconds.
Begin MonoManager ReloadAssembly
Native extension for WindowsStandalone target not found
Refreshing native plugins compatible for Editor in 2.57 ms, found 3 plugins.
Preloading 0 native plugins for Editor in 0.00 ms.
Invoked RoslynAnalysisRunner static constructor.
RoslynAnalysisRunner will not be running.
RoslynAnalysisRunner has terminated.
Mono: successfully reloaded assembly
- Completed reload, in 14.522 seconds
Platform modules already initialized, skipping
Refreshing native plugins compatible for Editor in 3.73 ms, found 3 plugins.
Preloading 0 native plugins for Editor in 0.00 ms.
Unloading 1552 Unused Serialized files (Serialized files now loaded: 0)
System memory in use before: 105.0 MB.
System memory in use after: 104.5 MB.

Unloading 16 unused Assets to reduce memory usage. Loaded Objects now: 2102.
Total: 114.838600 ms (FindLiveObjects: 3.621900 ms CreateObjectMapping: 0.231300 ms MarkObjects: 109.599800 ms  DeleteObjects: 1.379700 ms)

========================================================================
Received Prepare
Registering precompiled user dll's ...
Registered in 0.009660 seconds.
Begin MonoManager ReloadAssembly
Native extension for WindowsStandalone target not found
Refreshing native plugins compatible for Editor in 1.51 ms, found 3 plugins.
Preloading 0 native plugins for Editor in 0.00 ms.
Invoked RoslynAnalysisRunner static constructor.
RoslynAnalysisRunner will not be running.
RoslynAnalysisRunner has terminated.
Mono: successfully reloaded assembly
- Completed reload, in 36.372 seconds
Platform modules already initialized, skipping
Refreshing native plugins compatible for Editor in 1.69 ms, found 3 plugins.
Preloading 0 native plugins for Editor in 0.00 ms.
Unloading 1552 Unused Serialized files (Serialized files now loaded: 0)
System memory in use before: 105.0 MB.
System memory in use after: 104.5 MB.

Unloading 16 unused Assets to reduce memory usage. Loaded Objects now: 2104.
Total: 10.540000 ms (FindLiveObjects: 0.658000 ms CreateObjectMapping: 1.601000 ms MarkObjects: 6.754200 ms  DeleteObjects: 1.521500 ms)

========================================================================
Received Prepare
Registering precompiled user dll's ...
Registered in 0.007154 seconds.
Begin MonoManager ReloadAssembly
Native extension for WindowsStandalone target not found
Refreshing native plugins compatible for Editor in 1.48 ms, found 3 plugins.
Preloading 0 native plugins for Editor in 0.00 ms.
Invoked RoslynAnalysisRunner static constructor.
RoslynAnalysisRunner will not be running.
RoslynAnalysisRunner has terminated.
Mono: successfully reloaded assembly
- Completed reload, in  7.998 seconds
Platform modules already initialized, skipping
Refreshing native plugins compatible for Editor in 11.42 ms, found 3 plugins.
Preloading 0 native plugins for Editor in 0.00 ms.
Unloading 1552 Unused Serialized files (Serialized files now loaded: 0)
System memory in use before: 105.0 MB.
System memory in use after: 104.5 MB.

Unloading 16 unused Assets to reduce memory usage. Loaded Objects now: 2106.
Total: 12.306700 ms (FindLiveObjects: 0.732700 ms CreateObjectMapping: 0.182000 ms MarkObjects: 9.242300 ms  DeleteObjects: 2.144600 ms)

========================================================================
Received Prepare
Registering precompiled user dll's ...
Registered in 0.006614 seconds.
Begin MonoManager ReloadAssembly
Native extension for WindowsStandalone target not found
Refreshing native plugins compatible for Editor in 3.92 ms, found 3 plugins.
Preloading 0 native plugins for Editor in 0.00 ms.
Invoked RoslynAnalysisRunner static constructor.
RoslynAnalysisRunner will not be running.
RoslynAnalysisRunner has terminated.
Mono: successfully reloaded assembly
- Completed reload, in 61.578 seconds
Platform modules already initialized, skipping
Refreshing native plugins compatible for Editor in 1.43 ms, found 3 plugins.
Preloading 0 native plugins for Editor in 0.00 ms.
Unloading 1552 Unused Serialized files (Serialized files now loaded: 0)
System memory in use before: 105.0 MB.
System memory in use after: 104.6 MB.

Unloading 16 unused Assets to reduce memory usage. Loaded Objects now: 2108.
Total: 16.736400 ms (FindLiveObjects: 0.665100 ms CreateObjectMapping: 0.163900 ms MarkObjects: 14.468300 ms  DeleteObjects: 1.433000 ms)

========================================================================
Received Prepare
Registering precompiled user dll's ...
Registered in 0.010219 seconds.
Begin MonoManager ReloadAssembly
Native extension for WindowsStandalone target not found
Refreshing native plugins compatible for Editor in 3.01 ms, found 3 plugins.
Preloading 0 native plugins for Editor in 0.00 ms.
Invoked RoslynAnalysisRunner static constructor.
RoslynAnalysisRunner will not be running.
RoslynAnalysisRunner has terminated.
Mono: successfully reloaded assembly
- Completed reload, in 11.012 seconds
Platform modules already initialized, skipping
Refreshing native plugins compatible for Editor in 8.58 ms, found 3 plugins.
Preloading 0 native plugins for Editor in 0.00 ms.
Unloading 1552 Unused Serialized files (Serialized files now loaded: 0)
System memory in use before: 105.0 MB.
System memory in use after: 104.6 MB.

Unloading 16 unused Assets to reduce memory usage. Loaded Objects now: 2110.
Total: 20.583900 ms (FindLiveObjects: 0.661000 ms CreateObjectMapping: 1.959500 ms MarkObjects: 14.830500 ms  DeleteObjects: 3.127400 ms)

========================================================================
Received Prepare
Registering precompiled user dll's ...
Registered in 0.035585 seconds.
Begin MonoManager ReloadAssembly
Native extension for WindowsStandalone target not found
Refreshing native plugins compatible for Editor in 1.44 ms, found 3 plugins.
Preloading 0 native plugins for Editor in 0.00 ms.
Invoked RoslynAnalysisRunner static constructor.
RoslynAnalysisRunner will not be running.
RoslynAnalysisRunner has terminated.
Mono: successfully reloaded assembly
- Completed reload, in 10.991 seconds
Platform modules already initialized, skipping
Refreshing native plugins compatible for Editor in 1.44 ms, found 3 plugins.
Preloading 0 native plugins for Editor in 0.00 ms.
Unloading 1552 Unused Serialized files (Serialized files now loaded: 0)
System memory in use before: 105.0 MB.
System memory in use after: 104.6 MB.

Unloading 16 unused Assets to reduce memory usage. Loaded Objects now: 2112.
Total: 15.081000 ms (FindLiveObjects: 3.772900 ms CreateObjectMapping: 0.369600 ms MarkObjects: 9.129500 ms  DeleteObjects: 1.802800 ms)

========================================================================
Received Prepare
Registering precompiled user dll's ...
Registered in 0.155809 seconds.
Begin MonoManager ReloadAssembly
Native extension for WindowsStandalone target not found
Refreshing native plugins compatible for Editor in 2.70 ms, found 3 plugins.
Preloading 0 native plugins for Editor in 0.00 ms.
Invoked RoslynAnalysisRunner static constructor.
RoslynAnalysisRunner will not be running.
RoslynAnalysisRunner has terminated.
Mono: successfully reloaded assembly
- Completed reload, in 71.143 seconds
Platform modules already initialized, skipping
Refreshing native plugins compatible for Editor in 1.76 ms, found 3 plugins.
Preloading 0 native plugins for Editor in 0.00 ms.
Unloading 1552 Unused Serialized files (Serialized files now loaded: 0)
System memory in use before: 105.0 MB.
System memory in use after: 104.6 MB.

Unloading 16 unused Assets to reduce memory usage. Loaded Objects now: 2114.
Total: 121.649800 ms (FindLiveObjects: 0.754100 ms CreateObjectMapping: 0.864000 ms MarkObjects: 118.450600 ms  DeleteObjects: 1.575500 ms)

========================================================================
Received Prepare
Registering precompiled user dll's ...
Registered in 0.005701 seconds.
Begin MonoManager ReloadAssembly
Native extension for WindowsStandalone target not found
Refreshing native plugins compatible for Editor in 1.43 ms, found 3 plugins.
Preloading 0 native plugins for Editor in 0.00 ms.
Invoked RoslynAnalysisRunner static constructor.
RoslynAnalysisRunner will not be running.
RoslynAnalysisRunner has terminated.
Mono: successfully reloaded assembly
- Completed reload, in  7.695 seconds
Platform modules already initialized, skipping
Refreshing native plugins compatible for Editor in 1.46 ms, found 3 plugins.
Preloading 0 native plugins for Editor in 0.00 ms.
Unloading 1552 Unused Serialized files (Serialized files now loaded: 0)
System memory in use before: 105.0 MB.
System memory in use after: 104.6 MB.

Unloading 16 unused Assets to reduce memory usage. Loaded Objects now: 2116.
Total: 16.118300 ms (FindLiveObjects: 1.265400 ms CreateObjectMapping: 0.210600 ms MarkObjects: 5.875800 ms  DeleteObjects: 8.760800 ms)

========================================================================
Received Prepare
Registering precompiled user dll's ...
Registered in 0.008436 seconds.
Begin MonoManager ReloadAssembly
Native extension for WindowsStandalone target not found
Refreshing native plugins compatible for Editor in 6.47 ms, found 3 plugins.
Preloading 0 native plugins for Editor in 0.00 ms.
Invoked RoslynAnalysisRunner static constructor.
RoslynAnalysisRunner will not be running.
RoslynAnalysisRunner has terminated.
Mono: successfully reloaded assembly
- Completed reload, in  9.135 seconds
Platform modules already initialized, skipping
Refreshing native plugins compatible for Editor in 1.49 ms, found 3 plugins.
Preloading 0 native plugins for Editor in 0.00 ms.
Unloading 1552 Unused Serialized files (Serialized files now loaded: 0)
System memory in use before: 105.0 MB.
System memory in use after: 104.6 MB.

Unloading 16 unused Assets to reduce memory usage. Loaded Objects now: 2118.
Total: 10.138600 ms (FindLiveObjects: 1.159400 ms CreateObjectMapping: 0.696700 ms MarkObjects: 6.185400 ms  DeleteObjects: 2.091100 ms)

========================================================================
Received Prepare
Registering precompiled user dll's ...
Registered in 0.004964 seconds.
Begin MonoManager ReloadAssembly
Native extension for WindowsStandalone target not found
Refreshing native plugins compatible for Editor in 12.82 ms, found 3 plugins.
Preloading 0 native plugins for Editor in 0.00 ms.
Invoked RoslynAnalysisRunner static constructor.
RoslynAnalysisRunner will not be running.
RoslynAnalysisRunner has terminated.
Mono: successfully reloaded assembly
- Completed reload, in  7.462 seconds
Platform modules already initialized, skipping
Refreshing native plugins compatible for Editor in 1.49 ms, found 3 plugins.
Preloading 0 native plugins for Editor in 0.00 ms.
Unloading 1552 Unused Serialized files (Serialized files now loaded: 0)
System memory in use before: 105.0 MB.
System memory in use after: 104.6 MB.

Unloading 16 unused Assets to reduce memory usage. Loaded Objects now: 2120.
Total: 122.167900 ms (FindLiveObjects: 0.677600 ms CreateObjectMapping: 0.167200 ms MarkObjects: 119.928000 ms  DeleteObjects: 1.390100 ms)

========================================================================
Received Prepare
Registering precompiled user dll's ...
Registered in 0.016553 seconds.
Begin MonoManager ReloadAssembly
Native extension for WindowsStandalone target not found
Refreshing native plugins compatible for Editor in 1.42 ms, found 3 plugins.
Preloading 0 native plugins for Editor in 0.00 ms.
Invoked RoslynAnalysisRunner static constructor.
RoslynAnalysisRunner will not be running.
RoslynAnalysisRunner has terminated.
Mono: successfully reloaded assembly
- Completed reload, in 15.823 seconds
Platform modules already initialized, skipping
Refreshing native plugins compatible for Editor in 1.70 ms, found 3 plugins.
Preloading 0 native plugins for Editor in 0.00 ms.
Unloading 1552 Unused Serialized files (Serialized files now loaded: 0)
System memory in use before: 105.0 MB.
System memory in use after: 104.6 MB.

Unloading 16 unused Assets to reduce memory usage. Loaded Objects now: 2122.
Total: 10.481700 ms (FindLiveObjects: 0.684400 ms CreateObjectMapping: 0.166200 ms MarkObjects: 8.127700 ms  DeleteObjects: 1.497800 ms)

========================================================================
Received Prepare
Registering precompiled user dll's ...
Registered in 0.010564 seconds.
Begin MonoManager ReloadAssembly
Native extension for WindowsStandalone target not found
Refreshing native plugins compatible for Editor in 2.43 ms, found 3 plugins.
Preloading 0 native plugins for Editor in 0.00 ms.
Invoked RoslynAnalysisRunner static constructor.
RoslynAnalysisRunner will not be running.
RoslynAnalysisRunner has terminated.
Mono: successfully reloaded assembly
- Completed reload, in  8.212 seconds
Platform modules already initialized, skipping
Refreshing native plugins compatible for Editor in 2.73 ms, found 3 plugins.
Preloading 0 native plugins for Editor in 0.00 ms.
Unloading 1552 Unused Serialized files (Serialized files now loaded: 0)
System memory in use before: 105.0 MB.
System memory in use after: 104.6 MB.

Unloading 16 unused Assets to reduce memory usage. Loaded Objects now: 2124.
Total: 12.376700 ms (FindLiveObjects: 0.818800 ms CreateObjectMapping: 0.204900 ms MarkObjects: 9.725100 ms  DeleteObjects: 1.622500 ms)

========================================================================
Received Prepare
Registering precompiled user dll's ...
Registered in 0.014659 seconds.
Begin MonoManager ReloadAssembly
Native extension for WindowsStandalone target not found
Refreshing native plugins compatible for Editor in 1.60 ms, found 3 plugins.
Preloading 0 native plugins for Editor in 0.00 ms.
Invoked RoslynAnalysisRunner static constructor.
RoslynAnalysisRunner will not be running.
RoslynAnalysisRunner has terminated.
Mono: successfully reloaded assembly
- Completed reload, in 18.294 seconds
Platform modules already initialized, skipping
Refreshing native plugins compatible for Editor in 1117.34 ms, found 3 plugins.
Preloading 0 native plugins for Editor in 0.00 ms.
Unloading 1552 Unused Serialized files (Serialized files now loaded: 0)
System memory in use before: 105.0 MB.
System memory in use after: 104.6 MB.

Unloading 16 unused Assets to reduce memory usage. Loaded Objects now: 2126.
Total: 96.841200 ms (FindLiveObjects: 0.752400 ms CreateObjectMapping: 0.181800 ms MarkObjects: 88.921000 ms  DeleteObjects: 6.980400 ms)

========================================================================
Received Prepare
Registering precompiled user dll's ...
Registered in 0.032912 seconds.
Begin MonoManager ReloadAssembly
Native extension for WindowsStandalone target not found
Refreshing native plugins compatible for Editor in 1.78 ms, found 3 plugins.
Preloading 0 native plugins for Editor in 0.00 ms.
Invoked RoslynAnalysisRunner static constructor.
RoslynAnalysisRunner will not be running.
RoslynAnalysisRunner has terminated.
Mono: successfully reloaded assembly
- Completed reload, in 11.437 seconds
Platform modules already initialized, skipping
Refreshing native plugins compatible for Editor in 1.41 ms, found 3 plugins.
Preloading 0 native plugins for Editor in 0.00 ms.
Unloading 1552 Unused Serialized files (Serialized files now loaded: 0)
System memory in use before: 105.0 MB.
System memory in use after: 104.6 MB.

Unloading 16 unused Assets to reduce memory usage. Loaded Objects now: 2128.
Total: 10.120900 ms (FindLiveObjects: 0.689200 ms CreateObjectMapping: 0.163500 ms MarkObjects: 6.972200 ms  DeleteObjects: 2.290600 ms)

========================================================================
Received Import Request.
  Time since last request: 2468.411277 seconds.
  path: Assets/A&A/Animations/SharpAccent/Damage/getting_backstabbed 1.anim
  artifactKey: Guid(4015254214b059f4497ddd7b6a111bf5) Importer(815301076,1909f56bfc062723c751e8b465ee728b)
Start importing Assets/A&A/Animations/SharpAccent/Damage/getting_backstabbed 1.anim using Guid(4015254214b059f4497ddd7b6a111bf5) Importer(815301076,1909f56bfc062723c751e8b465ee728b)  -> (artifact id: '7bf5d61cacd60df13ee9549166a79919') in 0.551822 seconds
  Import took 0.634537 seconds .

========================================================================
Received Import Request.
  Time since last request: 14.355736 seconds.
  path: Assets/A&A/Animations/SharpAccent/Damage/BackStabbedPlayer.anim
  artifactKey: Guid(4015254214b059f4497ddd7b6a111bf5) Importer(815301076,1909f56bfc062723c751e8b465ee728b)
Start importing Assets/A&A/Animations/SharpAccent/Damage/BackStabbedPlayer.anim using Guid(4015254214b059f4497ddd7b6a111bf5) Importer(815301076,1909f56bfc062723c751e8b465ee728b)  -> (artifact id: '597a1e783f8c32029bf3cd0466238fbc') in 0.168720 seconds
  Import took 0.181920 seconds .

========================================================================
Received Prepare
Registering precompiled user dll's ...
Registered in 0.011652 seconds.
Begin MonoManager ReloadAssembly
Native extension for WindowsStandalone target not found
Refreshing native plugins compatible for Editor in 1.81 ms, found 3 plugins.
Preloading 0 native plugins for Editor in 0.00 ms.
Invoked RoslynAnalysisRunner static constructor.
RoslynAnalysisRunner will not be running.
RoslynAnalysisRunner has terminated.
Mono: successfully reloaded assembly
- Completed reload, in  5.786 seconds
Platform modules already initialized, skipping
Refreshing native plugins compatible for Editor in 1.60 ms, found 3 plugins.
Preloading 0 native plugins for Editor in 0.00 ms.
Unloading 1552 Unused Serialized files (Serialized files now loaded: 0)
System memory in use before: 105.0 MB.
System memory in use after: 104.6 MB.

Unloading 16 unused Assets to reduce memory usage. Loaded Objects now: 2130.
Total: 9.321900 ms (FindLiveObjects: 1.020800 ms CreateObjectMapping: 0.223100 ms MarkObjects: 6.268900 ms  DeleteObjects: 1.803500 ms)

========================================================================
Received Prepare
Registering precompiled user dll's ...
Registered in 0.007360 seconds.
Begin MonoManager ReloadAssembly
Native extension for WindowsStandalone target not found
Refreshing native plugins compatible for Editor in 1.70 ms, found 3 plugins.
Preloading 0 native plugins for Editor in 0.00 ms.
Invoked RoslynAnalysisRunner static constructor.
RoslynAnalysisRunner will not be running.
RoslynAnalysisRunner has terminated.
Mono: successfully reloaded assembly
- Completed reload, in 10.151 seconds
Platform modules already initialized, skipping
Refreshing native plugins compatible for Editor in 1.70 ms, found 3 plugins.
Preloading 0 native plugins for Editor in 0.00 ms.
Unloading 1552 Unused Serialized files (Serialized files now loaded: 0)
System memory in use before: 105.0 MB.
System memory in use after: 104.6 MB.

Unloading 16 unused Assets to reduce memory usage. Loaded Objects now: 2132.
Total: 21.167900 ms (FindLiveObjects: 1.780600 ms CreateObjectMapping: 0.257000 ms MarkObjects: 5.951000 ms  DeleteObjects: 13.172400 ms)

========================================================================
Received Prepare
Registering precompiled user dll's ...
Registered in 0.125652 seconds.
Begin MonoManager ReloadAssembly
Native extension for WindowsStandalone target not found
Refreshing native plugins compatible for Editor in 1.47 ms, found 3 plugins.
Preloading 0 native plugins for Editor in 0.00 ms.
Invoked RoslynAnalysisRunner static constructor.
RoslynAnalysisRunner will not be running.
RoslynAnalysisRunner has terminated.
Mono: successfully reloaded assembly
- Completed reload, in  6.908 seconds
Platform modules already initialized, skipping
Refreshing native plugins compatible for Editor in 2.01 ms, found 3 plugins.
Preloading 0 native plugins for Editor in 0.00 ms.
Unloading 1552 Unused Serialized files (Serialized files now loaded: 0)
System memory in use before: 105.0 MB.
System memory in use after: 104.6 MB.

Unloading 16 unused Assets to reduce memory usage. Loaded Objects now: 2134.
Total: 13.292600 ms (FindLiveObjects: 2.346800 ms CreateObjectMapping: 0.590800 ms MarkObjects: 6.912300 ms  DeleteObjects: 3.437400 ms)

========================================================================
Received Prepare
Registering precompiled user dll's ...
Registered in 0.023180 seconds.
Begin MonoManager ReloadAssembly
Native extension for WindowsStandalone target not found
Refreshing native plugins compatible for Editor in 1.41 ms, found 3 plugins.
Preloading 0 native plugins for Editor in 0.00 ms.
Invoked RoslynAnalysisRunner static constructor.
RoslynAnalysisRunner will not be running.
RoslynAnalysisRunner has terminated.
Mono: successfully reloaded assembly
- Completed reload, in  6.904 seconds
Platform modules already initialized, skipping
Refreshing native plugins compatible for Editor in 1.39 ms, found 3 plugins.
Preloading 0 native plugins for Editor in 0.00 ms.
Unloading 1552 Unused Serialized files (Serialized files now loaded: 0)
System memory in use before: 105.0 MB.
System memory in use after: 104.6 MB.

Unloading 16 unused Assets to reduce memory usage. Loaded Objects now: 2136.
Total: 38.790800 ms (FindLiveObjects: 0.677600 ms CreateObjectMapping: 0.160700 ms MarkObjects: 35.203800 ms  DeleteObjects: 2.743400 ms)

========================================================================
Received Prepare
Registering precompiled user dll's ...
Registered in 0.006889 seconds.
Begin MonoManager ReloadAssembly
Native extension for WindowsStandalone target not found
Refreshing native plugins compatible for Editor in 1.70 ms, found 3 plugins.
Preloading 0 native plugins for Editor in 0.00 ms.
Invoked RoslynAnalysisRunner static constructor.
RoslynAnalysisRunner will not be running.
RoslynAnalysisRunner has terminated.
Mono: successfully reloaded assembly
- Completed reload, in 53.750 seconds
Platform modules already initialized, skipping
Refreshing native plugins compatible for Editor in 1.42 ms, found 3 plugins.
Preloading 0 native plugins for Editor in 0.00 ms.
Unloading 1552 Unused Serialized files (Serialized files now loaded: 0)
System memory in use before: 105.0 MB.
System memory in use after: 104.6 MB.

Unloading 16 unused Assets to reduce memory usage. Loaded Objects now: 2138.
Total: 10.317500 ms (FindLiveObjects: 0.743100 ms CreateObjectMapping: 0.173700 ms MarkObjects: 7.733500 ms  DeleteObjects: 1.660300 ms)

========================================================================
Received Prepare
Registering precompiled user dll's ...
Registered in 0.007428 seconds.
Begin MonoManager ReloadAssembly
Native extension for WindowsStandalone target not found
Refreshing native plugins compatible for Editor in 4.06 ms, found 3 plugins.
Preloading 0 native plugins for Editor in 0.00 ms.
Invoked RoslynAnalysisRunner static constructor.
RoslynAnalysisRunner will not be running.
RoslynAnalysisRunner has terminated.
Mono: successfully reloaded assembly
- Completed reload, in 159.559 seconds
Platform modules already initialized, skipping
Refreshing native plugins compatible for Editor in 1.48 ms, found 3 plugins.
Preloading 0 native plugins for Editor in 0.00 ms.
Unloading 1552 Unused Serialized files (Serialized files now loaded: 0)
System memory in use before: 105.0 MB.
System memory in use after: 104.6 MB.

Unloading 16 unused Assets to reduce memory usage. Loaded Objects now: 2140.
Total: 13.716000 ms (FindLiveObjects: 1.736000 ms CreateObjectMapping: 0.440200 ms MarkObjects: 7.611200 ms  DeleteObjects: 3.922200 ms)

========================================================================
Received Prepare
Registering precompiled user dll's ...
Registered in 0.043432 seconds.
Begin MonoManager ReloadAssembly
Native extension for WindowsStandalone target not found
Refreshing native plugins compatible for Editor in 1.48 ms, found 3 plugins.
Preloading 0 native plugins for Editor in 0.00 ms.
Invoked RoslynAnalysisRunner static constructor.
RoslynAnalysisRunner will not be running.
RoslynAnalysisRunner has terminated.
Mono: successfully reloaded assembly
- Completed reload, in 154.295 seconds
Platform modules already initialized, skipping
Refreshing native plugins compatible for Editor in 1.67 ms, found 3 plugins.
Preloading 0 native plugins for Editor in 0.00 ms.
Unloading 1552 Unused Serialized files (Serialized files now loaded: 0)
System memory in use before: 105.0 MB.
System memory in use after: 104.6 MB.

Unloading 16 unused Assets to reduce memory usage. Loaded Objects now: 2142.
Total: 28.513900 ms (FindLiveObjects: 0.738300 ms CreateObjectMapping: 0.186900 ms MarkObjects: 26.093100 ms  DeleteObjects: 1.490000 ms)

========================================================================
Received Prepare
Registering precompiled user dll's ...
Registered in 0.005839 seconds.
Begin MonoManager ReloadAssembly
Native extension for WindowsStandalone target not found
Refreshing native plugins compatible for Editor in 1.47 ms, found 3 plugins.
Preloading 0 native plugins for Editor in 0.00 ms.
Invoked RoslynAnalysisRunner static constructor.
RoslynAnalysisRunner will not be running.
RoslynAnalysisRunner has terminated.
Mono: successfully reloaded assembly
- Completed reload, in  7.283 seconds
Platform modules already initialized, skipping
Refreshing native plugins compatible for Editor in 1.44 ms, found 3 plugins.
Preloading 0 native plugins for Editor in 0.00 ms.
Unloading 1552 Unused Serialized files (Serialized files now loaded: 0)
System memory in use before: 105.1 MB.
System memory in use after: 104.6 MB.

Unloading 16 unused Assets to reduce memory usage. Loaded Objects now: 2144.
Total: 8.293000 ms (FindLiveObjects: 0.675200 ms CreateObjectMapping: 0.160000 ms MarkObjects: 5.390600 ms  DeleteObjects: 2.061500 ms)

========================================================================
Received Prepare
Registering precompiled user dll's ...
Registered in 0.010111 seconds.
Begin MonoManager ReloadAssembly
Native extension for WindowsStandalone target not found
Refreshing native plugins compatible for Editor in 3.60 ms, found 3 plugins.
Preloading 0 native plugins for Editor in 0.00 ms.
Invoked RoslynAnalysisRunner static constructor.
RoslynAnalysisRunner will not be running.
RoslynAnalysisRunner has terminated.
Mono: successfully reloaded assembly
- Completed reload, in 16.729 seconds
Platform modules already initialized, skipping
Refreshing native plugins compatible for Editor in 39.08 ms, found 3 plugins.
Preloading 0 native plugins for Editor in 0.00 ms.
Unloading 1552 Unused Serialized files (Serialized files now loaded: 0)
System memory in use before: 105.1 MB.
System memory in use after: 104.6 MB.

Unloading 16 unused Assets to reduce memory usage. Loaded Objects now: 2146.
Total: 19.607600 ms (FindLiveObjects: 3.077100 ms CreateObjectMapping: 0.325200 ms MarkObjects: 11.947800 ms  DeleteObjects: 4.252100 ms)

========================================================================
Received Prepare
Registering precompiled user dll's ...
Registered in 0.289940 seconds.
Begin MonoManager ReloadAssembly
Native extension for WindowsStandalone target not found
Refreshing native plugins compatible for Editor in 1.43 ms, found 3 plugins.
Preloading 0 native plugins for Editor in 0.00 ms.
Invoked RoslynAnalysisRunner static constructor.
RoslynAnalysisRunner will not be running.
RoslynAnalysisRunner has terminated.
Mono: successfully reloaded assembly
- Completed reload, in  6.408 seconds
Platform modules already initialized, skipping
Refreshing native plugins compatible for Editor in 1.43 ms, found 3 plugins.
Preloading 0 native plugins for Editor in 0.00 ms.
Unloading 1552 Unused Serialized files (Serialized files now loaded: 0)
System memory in use before: 105.1 MB.
System memory in use after: 104.6 MB.

Unloading 16 unused Assets to reduce memory usage. Loaded Objects now: 2148.
Total: 35.106700 ms (FindLiveObjects: 0.883800 ms CreateObjectMapping: 0.173800 ms MarkObjects: 31.019900 ms  DeleteObjects: 3.023800 ms)

========================================================================
Received Import Request.
  Time since last request: 2031.081118 seconds.
  path: Assets/Materials/Black.mat
  artifactKey: Guid(c9c4eea6d3f78da47997a1490675c221) Importer(815301076,1909f56bfc062723c751e8b465ee728b)
Start importing Assets/Materials/Black.mat using Guid(c9c4eea6d3f78da47997a1490675c221) Importer(815301076,1909f56bfc062723c751e8b465ee728b)  -> (artifact id: '4896dfb7b693c055afd9abc3fd84d1be') in 14.622320 seconds
  Import took 14.656941 seconds .

========================================================================
Received Import Request.
  Time since last request: 0.130302 seconds.
  path: Assets/Prefabs/BetterPrefab/AdvancedEnemy.prefab
  artifactKey: Guid(eb58e9fd1e5e1574b843b00e5a687fba) Importer(815301076,1909f56bfc062723c751e8b465ee728b)
Start importing Assets/Prefabs/BetterPrefab/AdvancedEnemy.prefab using Guid(eb58e9fd1e5e1574b843b00e5a687fba) Importer(815301076,1909f56bfc062723c751e8b465ee728b)  -> (artifact id: '3f93161c7dd431fe2765c0b08d49b4b7') in 7.520202 seconds
  Import took 7.553111 seconds .

========================================================================
Received Import Request.
  Time since last request: 0.000179 seconds.
  path: Assets/Prefabs/BetterPrefab/AmbushingEnemy.prefab
  artifactKey: Guid(cb57b51413d569b4d84f2839f81b1582) Importer(815301076,1909f56bfc062723c751e8b465ee728b)
Start importing Assets/Prefabs/BetterPrefab/AmbushingEnemy.prefab using Guid(cb57b51413d569b4d84f2839f81b1582) Importer(815301076,1909f56bfc062723c751e8b465ee728b)  -> (artifact id: '3dfb27981c813056239770a546348f49') in 4.986447 seconds
  Import took 5.177553 seconds .

========================================================================
Received Import Request.
  Time since last request: 0.000641 seconds.
  path: Assets/Prefabs/BetterPrefab/AmbushingEnemy.prefab
  artifactKey: Guid(cb57b51413d569b4d84f2839f81b1582) Importer(815301076,1909f56bfc062723c751e8b465ee728b)
Start importing Assets/Prefabs/BetterPrefab/AmbushingEnemy.prefab using Guid(cb57b51413d569b4d84f2839f81b1582) Importer(815301076,1909f56bfc062723c751e8b465ee728b)  -> (artifact id: '3dfb27981c813056239770a546348f49') in 3.090460 seconds
  Import took 3.132863 seconds .

========================================================================
Received Import Request.
  Time since last request: 0.000866 seconds.
  path: Assets/Prefabs/BetterPrefab/Knight.prefab
  artifactKey: Guid(a3694dafab190d947894d4ef46a1788a) Importer(815301076,1909f56bfc062723c751e8b465ee728b)
Start importing Assets/Prefabs/BetterPrefab/Knight.prefab using Guid(a3694dafab190d947894d4ef46a1788a) Importer(815301076,1909f56bfc062723c751e8b465ee728b)  -> (artifact id: 'c634f5aabf606740da6fe905c9264bed') in 5.315458 seconds
  Import took 10.500016 seconds .

========================================================================
Received Import Request.
  Time since last request: 5.863701 seconds.
  path: Assets/Prefabs/BetterPrefab/Knight.prefab
  artifactKey: Guid(a3694dafab190d947894d4ef46a1788a) Importer(815301076,1909f56bfc062723c751e8b465ee728b)
Start importing Assets/Prefabs/BetterPrefab/Knight.prefab using Guid(a3694dafab190d947894d4ef46a1788a) Importer(815301076,1909f56bfc062723c751e8b465ee728b)  -> (artifact id: 'c634f5aabf606740da6fe905c9264bed') in 66.781858 seconds
  Import took 66.805919 seconds .

========================================================================
Received Import Request.
  Time since last request: 0.000218 seconds.
  path: Assets/Prefabs/BetterPrefab/Player.prefab
  artifactKey: Guid(ca213608d79bddb45b8a5b021e7091b3) Importer(815301076,1909f56bfc062723c751e8b465ee728b)
Start importing Assets/Prefabs/BetterPrefab/Player.prefab using Guid(ca213608d79bddb45b8a5b021e7091b3) Importer(815301076,1909f56bfc062723c751e8b465ee728b)  -> (artifact id: '9c273326394ac2ae41370ca5750463ac') in 10.243827 seconds
  Import took 10.459541 seconds .

========================================================================
Received Import Request.
  Time since last request: 0.000172 seconds.
  path: Assets/Prefabs/BetterPrefab/Shield.prefab
  artifactKey: Guid(f26d87208e74b164181e0f298f8648b2) Importer(815301076,1909f56bfc062723c751e8b465ee728b)
Start importing Assets/Prefabs/BetterPrefab/Shield.prefab using Guid(f26d87208e74b164181e0f298f8648b2) Importer(815301076,1909f56bfc062723c751e8b465ee728b)  -> (artifact id: '9090c75d2c6a8babad502a994e78915b') in 0.122286 seconds
  Import took 0.996684 seconds .

========================================================================
Received Import Request.
  Time since last request: 4.017594 seconds.
  path: ProjectSettings/TagManager.asset
  artifactKey: Guid(00000000000000003000000000000000) Importer(815301076,1909f56bfc062723c751e8b465ee728b)
Start importing ProjectSettings/TagManager.asset using Guid(00000000000000003000000000000000) Importer(815301076,1909f56bfc062723c751e8b465ee728b)  -> (artifact id: 'd0d7a44ec3dbefa21bb0b07fec691635') in 0.037610 seconds
  Import took 0.082981 seconds .

========================================================================
Received Prepare
Registering precompiled user dll's ...
Registered in 0.006485 seconds.
Begin MonoManager ReloadAssembly
Native extension for WindowsStandalone target not found
Refreshing native plugins compatible for Editor in 1.51 ms, found 3 plugins.
Preloading 0 native plugins for Editor in 0.00 ms.
Invoked RoslynAnalysisRunner static constructor.
RoslynAnalysisRunner will not be running.
RoslynAnalysisRunner has terminated.
Mono: successfully reloaded assembly
- Completed reload, in  7.063 seconds
Platform modules already initialized, skipping
Refreshing native plugins compatible for Editor in 1.66 ms, found 3 plugins.
Preloading 0 native plugins for Editor in 0.00 ms.
Unloading 1552 Unused Serialized files (Serialized files now loaded: 0)
System memory in use before: 116.4 MB.
System memory in use after: 116.0 MB.

Unloading 19 unused Assets to reduce memory usage. Loaded Objects now: 2186.
Total: 9.721900 ms (FindLiveObjects: 0.719300 ms CreateObjectMapping: 0.171000 ms MarkObjects: 7.250800 ms  DeleteObjects: 1.575000 ms)

========================================================================
Received Import Request.
  Time since last request: 40.389704 seconds.
  path: Assets/Prefabs/BetterPrefab/Shield.prefab
  artifactKey: Guid(f26d87208e74b164181e0f298f8648b2) Importer(815301076,1909f56bfc062723c751e8b465ee728b)
Start importing Assets/Prefabs/BetterPrefab/Shield.prefab using Guid(f26d87208e74b164181e0f298f8648b2) Importer(815301076,1909f56bfc062723c751e8b465ee728b)  -> (artifact id: 'a53aa7c2ef29fa6b5997958b641475f3') in 9.272958 seconds
  Import took 9.411025 seconds .

========================================================================
Received Import Request.
  Time since last request: 3.411825 seconds.
  path: Assets/Prefabs/BetterPrefab/Shield.prefab
  artifactKey: Guid(f26d87208e74b164181e0f298f8648b2) Importer(815301076,1909f56bfc062723c751e8b465ee728b)
Start importing Assets/Prefabs/BetterPrefab/Shield.prefab using Guid(f26d87208e74b164181e0f298f8648b2) Importer(815301076,1909f56bfc062723c751e8b465ee728b)  -> (artifact id: 'd60e8fa7937ea0d3a7e66be058bae6a8') in 0.099360 seconds
  Import took 0.181500 seconds .

========================================================================
Received Import Request.
  Time since last request: 0.173673 seconds.
  path: Assets/Prefabs/BetterPrefab/Shield.prefab
  artifactKey: Guid(f26d87208e74b164181e0f298f8648b2) Importer(815301076,1909f56bfc062723c751e8b465ee728b)
Start importing Assets/Prefabs/BetterPrefab/Shield.prefab using Guid(f26d87208e74b164181e0f298f8648b2) Importer(815301076,1909f56bfc062723c751e8b465ee728b)  -> (artifact id: 'd60e8fa7937ea0d3a7e66be058bae6a8') in 0.246482 seconds
  Import took 0.258970 seconds .

========================================================================
Received Prepare
Registering precompiled user dll's ...
Registered in 0.006236 seconds.
Begin MonoManager ReloadAssembly
Native extension for WindowsStandalone target not found
Refreshing native plugins compatible for Editor in 1.74 ms, found 3 plugins.
Preloading 0 native plugins for Editor in 0.00 ms.
Invoked RoslynAnalysisRunner static constructor.
RoslynAnalysisRunner will not be running.
RoslynAnalysisRunner has terminated.
Mono: successfully reloaded assembly
- Completed reload, in 57.115 seconds
Platform modules already initialized, skipping
Refreshing native plugins compatible for Editor in 1.53 ms, found 3 plugins.
Preloading 0 native plugins for Editor in 0.00 ms.
Unloading 1552 Unused Serialized files (Serialized files now loaded: 0)
System memory in use before: 116.4 MB.
System memory in use after: 116.0 MB.

Unloading 16 unused Assets to reduce memory usage. Loaded Objects now: 2189.
Total: 3250.316600 ms (FindLiveObjects: 85.140400 ms CreateObjectMapping: 0.593800 ms MarkObjects: 3100.634900 ms  DeleteObjects: 63.939800 ms)

========================================================================
Received Prepare
Registering precompiled user dll's ...
Registered in 0.009990 seconds.
Begin MonoManager ReloadAssembly
Native extension for WindowsStandalone target not found
Refreshing native plugins compatible for Editor in 2.11 ms, found 3 plugins.
Preloading 0 native plugins for Editor in 0.00 ms.
Invoked RoslynAnalysisRunner static constructor.
RoslynAnalysisRunner will not be running.
RoslynAnalysisRunner has terminated.
Mono: successfully reloaded assembly
- Completed reload, in  7.510 seconds
Platform modules already initialized, skipping
Refreshing native plugins compatible for Editor in 2.14 ms, found 3 plugins.
Preloading 0 native plugins for Editor in 0.00 ms.
Unloading 1552 Unused Serialized files (Serialized files now loaded: 0)
System memory in use before: 116.4 MB.
System memory in use after: 116.0 MB.

Unloading 16 unused Assets to reduce memory usage. Loaded Objects now: 2191.
Total: 16.440600 ms (FindLiveObjects: 0.696900 ms CreateObjectMapping: 2.252500 ms MarkObjects: 10.770600 ms  DeleteObjects: 2.714800 ms)

========================================================================
Received Prepare
Registering precompiled user dll's ...
Registered in 0.077028 seconds.
Begin MonoManager ReloadAssembly
Native extension for WindowsStandalone target not found
Refreshing native plugins compatible for Editor in 1.41 ms, found 3 plugins.
Preloading 0 native plugins for Editor in 0.00 ms.
Invoked RoslynAnalysisRunner static constructor.
RoslynAnalysisRunner will not be running.
RoslynAnalysisRunner has terminated.
Mono: successfully reloaded assembly
- Completed reload, in  5.039 seconds
Platform modules already initialized, skipping
Refreshing native plugins compatible for Editor in 1.38 ms, found 3 plugins.
Preloading 0 native plugins for Editor in 0.00 ms.
Unloading 1552 Unused Serialized files (Serialized files now loaded: 0)
System memory in use before: 116.4 MB.
System memory in use after: 116.0 MB.

Unloading 16 unused Assets to reduce memory usage. Loaded Objects now: 2193.
Total: 8.497200 ms (FindLiveObjects: 0.700800 ms CreateObjectMapping: 0.167300 ms MarkObjects: 5.634400 ms  DeleteObjects: 1.988300 ms)

AssetImportWorkerClient::OnTransportError - code=2 error=End of file
